[2019-06-12 14:38:57] production.ERROR: PDOException: SQLSTATE[HY093]: Invalid parameter number in /var/www/flarum/vendor/doctrine/dbal/lib/Doctrine/DBAL/Driver/PDOStatement.php:117
Stack trace:
#0 /var/www/flarum/vendor/doctrine/dbal/lib/Doctrine/DBAL/Driver/PDOStatement.php(117): PDOStatement->execute(NULL)
#1 /var/www/flarum/vendor/illuminate/database/Connection.php(330): Doctrine\DBAL\Driver\PDOStatement->execute()
#2 /var/www/flarum/vendor/illuminate/database/Connection.php(657): Illuminate\Database\Connection->Illuminate\Database\{closure}('select `discuss...', Array)
#3 /var/www/flarum/vendor/illuminate/database/Connection.php(624): Illuminate\Database\Connection->runQueryCallback('select `discuss...', Array, Object(Closure))
#4 /var/www/flarum/vendor/illuminate/database/Connection.php(333): Illuminate\Database\Connection->run('select `discuss...', Array, Object(Closure))
#5 /var/www/flarum/vendor/illuminate/database/Query/Builder.php(1719): Illuminate\Database\Connection->select('select `discuss...', Array, true)
#6 /var/www/flarum/vendor/illuminate/database/Query/Builder.php(1704): Illuminate\Database\Query\Builder->runSelect()
#7 /var/www/flarum/vendor/illuminate/database/Eloquent/Builder.php(481): Illuminate\Database\Query\Builder->get(Array)
#8 /var/www/flarum/vendor/illuminate/database/Eloquent/Builder.php(465): Illuminate\Database\Eloquent\Builder->getModels(Array)
#9 /var/www/flarum/vendor/flarum/core/src/Discussion/Search/DiscussionSearcher.php(81): Illuminate\Database\Eloquent\Builder->get()
#10 /var/www/flarum/vendor/flarum/core/src/Api/Controller/ListDiscussionsController.php(87): Flarum\Discussion\Search\DiscussionSearcher->search(Object(Flarum\Search\SearchCriteria), 20, 0)
#11 /var/www/flarum/vendor/flarum/core/src/Api/Controller/AbstractSerializeController.php(98): Flarum\Api\Controller\ListDiscussionsController->data(Object(Zend\Diactoros\ServerRequest), Object(Tobscure\JsonApi\Document))
#12 /var/www/flarum/vendor/flarum/core/src/Http/RouteHandlerFactory.php(40): Flarum\Api\Controller\AbstractSerializeController->handle(Object(Zend\Diactoros\ServerRequest))
#13 /var/www/flarum/vendor/flarum/core/src/Http/Middleware/DispatchRoute.php(67): Flarum\Http\RouteHandlerFactory->Flarum\Http\{closure}(Object(Zend\Diactoros\ServerRequest), Array)
#14 /var/www/flarum/vendor/zendframework/zend-stratigility/src/Next.php(52): Flarum\Http\Middleware\DispatchRoute->process(Object(Zend\Diactoros\ServerRequest), Object(Closure))
#15 /var/www/flarum/vendor/flarum/core/src/Http/Middleware/SetLocale.php(51): Zend\Stratigility\Next->handle(Object(Zend\Diactoros\ServerRequest))
#16 /var/www/flarum/vendor/zendframework/zend-stratigility/src/Next.php(52): Flarum\Http\Middleware\SetLocale->process(Object(Zend\Diactoros\ServerRequest), Object(Zend\Stratigility\Next))
#17 /var/www/flarum/vendor/flarum/core/src/Http/Middleware/AuthenticateWithHeader.php(55): Zend\Stratigility\Next->handle(Object(Zend\Diactoros\ServerRequest))
#18 /var/www/flarum/vendor/zendframework/zend-stratigility/src/Next.php(52): Flarum\Http\Middleware\AuthenticateWithHeader->process(Object(Zend\Diactoros\ServerRequest), Object(Zend\Stratigility\Next))
#19 /var/www/flarum/vendor/flarum/core/src/Http/Middleware/AuthenticateWithSession.php(34): Zend\Stratigility\Next->handle(Object(Zend\Diactoros\ServerRequest))
#20 /var/www/flarum/vendor/zendframework/zend-stratigility/src/Next.php(52): Flarum\Http\Middleware\AuthenticateWithSession->process(Object(Zend\Diactoros\ServerRequest), Object(Zend\Stratigility\Next))
#21 /var/www/flarum/vendor/flarum/core/src/Http/Middleware/RememberFromCookie.php(52): Zend\Stratigility\Next->handle(Object(Zend\Diactoros\ServerRequest))
#22 /var/www/flarum/vendor/zendframework/zend-stratigility/src/Next.php(52): Flarum\Http\Middleware\RememberFromCookie->process(Object(Zend\Diactoros\ServerRequest), Object(Zend\Stratigility\Next))
#23 /var/www/flarum/vendor/flarum/core/src/Http/Middleware/StartSession.php(62): Zend\Stratigility\Next->handle(Object(Zend\Diactoros\ServerRequest))
#24 /var/www/flarum/vendor/zendframework/zend-stratigility/src/Next.php(52): Flarum\Http\Middleware\StartSession->process(Object(Zend\Diactoros\ServerRequest), Object(Zend\Stratigility\Next))
#25 /var/www/flarum/vendor/flarum/core/src/Api/Middleware/FakeHttpMethods.php(31): Zend\Stratigility\Next->handle(Object(Zend\Diactoros\ServerRequest))
#26 /var/www/flarum/vendor/zendframework/zend-stratigility/src/Next.php(52): Flarum\Api\Middleware\FakeHttpMethods->process(Object(Zend\Diactoros\ServerRequest), Object(Zend\Stratigility\Next))
#27 /var/www/flarum/vendor/flarum/core/src/Http/Middleware/ParseJsonBody.php(29): Zend\Stratigility\Next->handle(Object(Zend\Diactoros\ServerRequest))
#28 /var/www/flarum/vendor/zendframework/zend-stratigility/src/Next.php(52): Flarum\Http\Middleware\ParseJsonBody->process(Object(Zend\Diactoros\ServerRequest), Object(Zend\Stratigility\Next))
#29 /var/www/flarum/vendor/flarum/core/src/Api/Middleware/HandleErrors.php(42): Zend\Stratigility\Next->handle(Object(Zend\Diactoros\ServerRequest))
#30 /var/www/flarum/vendor/zendframework/zend-stratigility/src/Next.php(52): Flarum\Api\Middleware\HandleErrors->process(Object(Zend\Diactoros\ServerRequest), Object(Zend\Stratigility\Next))
#31 /var/www/flarum/vendor/zendframework/zend-stratigility/src/MiddlewarePipe.php(83): Zend\Stratigility\Next->handle(Object(Zend\Diactoros\ServerRequest))
#32 /var/www/flarum/vendor/middlewares/request-handler/src/RequestHandler.php(84): Zend\Stratigility\MiddlewarePipe->process(Object(Zend\Diactoros\ServerRequest), Object(Zend\Stratigility\Next))
#33 /var/www/flarum/vendor/zendframework/zend-stratigility/src/Next.php(52): Middlewares\RequestHandler->process(Object(Zend\Diactoros\ServerRequest), Object(Zend\Stratigility\Next))
#34 /var/www/flarum/vendor/middlewares/base-path-router/src/BasePathRouter.php(97): Zend\Stratigility\Next->handle(Object(Zend\Diactoros\ServerRequest))
#35 /var/www/flarum/vendor/zendframework/zend-stratigility/src/Next.php(52): Middlewares\BasePathRouter->process(Object(Zend\Diactoros\ServerRequest), Object(Zend\Stratigility\Next))
#36 /var/www/flarum/vendor/middlewares/base-path/src/BasePath.php(53): Zend\Stratigility\Next->handle(Object(Zend\Diactoros\ServerRequest))
#37 /var/www/flarum/vendor/zendframework/zend-stratigility/src/Next.php(52): Middlewares\BasePath->process(Object(Zend\Diactoros\ServerRequest), Object(Zend\Stratigility\Next))
#38 /var/www/flarum/vendor/zendframework/zend-stratigility/src/MiddlewarePipe.php(83): Zend\Stratigility\Next->handle(Object(Zend\Diactoros\ServerRequest))
#39 /var/www/flarum/vendor/zendframework/zend-stratigility/src/MiddlewarePipe.php(72): Zend\Stratigility\MiddlewarePipe->process(Object(Zend\Diactoros\ServerRequest), Object(Zend\Stratigility\EmptyPipelineHandler))
#40 /var/www/flarum/vendor/zendframework/zend-httphandlerrunner/src/RequestHandlerRunner.php(95): Zend\Stratigility\MiddlewarePipe->handle(Object(Zend\Diactoros\ServerRequest))
#41 /var/www/flarum/vendor/flarum/core/src/Http/Server.php(46): Zend\HttpHandlerRunner\RequestHandlerRunner->run()
#42 /var/www/flarum/public/index.php(23): Flarum\Http\Server->listen()
#43 {main}

Next Doctrine\DBAL\Driver\PDOException: SQLSTATE[HY093]: Invalid parameter number in /var/www/flarum/vendor/doctrine/dbal/lib/Doctrine/DBAL/Driver/PDOStatement.php:119
Stack trace:
#0 /var/www/flarum/vendor/illuminate/database/Connection.php(330): Doctrine\DBAL\Driver\PDOStatement->execute()
#1 /var/www/flarum/vendor/illuminate/database/Connection.php(657): Illuminate\Database\Connection->Illuminate\Database\{closure}('select `discuss...', Array)
#2 /var/www/flarum/vendor/illuminate/database/Connection.php(624): Illuminate\Database\Connection->runQueryCallback('select `discuss...', Array, Object(Closure))
#3 /var/www/flarum/vendor/illuminate/database/Connection.php(333): Illuminate\Database\Connection->run('select `discuss...', Array, Object(Closure))
#4 /var/www/flarum/vendor/illuminate/database/Query/Builder.php(1719): Illuminate\Database\Connection->select('select `discuss...', Array, true)
#5 /var/www/flarum/vendor/illuminate/database/Query/Builder.php(1704): Illuminate\Database\Query\Builder->runSelect()
#6 /var/www/flarum/vendor/illuminate/database/Eloquent/Builder.php(481): Illuminate\Database\Query\Builder->get(Array)
#7 /var/www/flarum/vendor/illuminate/database/Eloquent/Builder.php(465): Illuminate\Database\Eloquent\Builder->getModels(Array)
#8 /var/www/flarum/vendor/flarum/core/src/Discussion/Search/DiscussionSearcher.php(81): Illuminate\Database\Eloquent\Builder->get()
#9 /var/www/flarum/vendor/flarum/core/src/Api/Controller/ListDiscussionsController.php(87): Flarum\Discussion\Search\DiscussionSearcher->search(Object(Flarum\Search\SearchCriteria), 20, 0)
#10 /var/www/flarum/vendor/flarum/core/src/Api/Controller/AbstractSerializeController.php(98): Flarum\Api\Controller\ListDiscussionsController->data(Object(Zend\Diactoros\ServerRequest), Object(Tobscure\JsonApi\Document))
#11 /var/www/flarum/vendor/flarum/core/src/Http/RouteHandlerFactory.php(40): Flarum\Api\Controller\AbstractSerializeController->handle(Object(Zend\Diactoros\ServerRequest))
#12 /var/www/flarum/vendor/flarum/core/src/Http/Middleware/DispatchRoute.php(67): Flarum\Http\RouteHandlerFactory->Flarum\Http\{closure}(Object(Zend\Diactoros\ServerRequest), Array)
#13 /var/www/flarum/vendor/zendframework/zend-stratigility/src/Next.php(52): Flarum\Http\Middleware\DispatchRoute->process(Object(Zend\Diactoros\ServerRequest), Object(Closure))
#14 /var/www/flarum/vendor/flarum/core/src/Http/Middleware/SetLocale.php(51): Zend\Stratigility\Next->handle(Object(Zend\Diactoros\ServerRequest))
#15 /var/www/flarum/vendor/zendframework/zend-stratigility/src/Next.php(52): Flarum\Http\Middleware\SetLocale->process(Object(Zend\Diactoros\ServerRequest), Object(Zend\Stratigility\Next))
#16 /var/www/flarum/vendor/flarum/core/src/Http/Middleware/AuthenticateWithHeader.php(55): Zend\Stratigility\Next->handle(Object(Zend\Diactoros\ServerRequest))
#17 /var/www/flarum/vendor/zendframework/zend-stratigility/src/Next.php(52): Flarum\Http\Middleware\AuthenticateWithHeader->process(Object(Zend\Diactoros\ServerRequest), Object(Zend\Stratigility\Next))
#18 /var/www/flarum/vendor/flarum/core/src/Http/Middleware/AuthenticateWithSession.php(34): Zend\Stratigility\Next->handle(Object(Zend\Diactoros\ServerRequest))
#19 /var/www/flarum/vendor/zendframework/zend-stratigility/src/Next.php(52): Flarum\Http\Middleware\AuthenticateWithSession->process(Object(Zend\Diactoros\ServerRequest), Object(Zend\Stratigility\Next))
#20 /var/www/flarum/vendor/flarum/core/src/Http/Middleware/RememberFromCookie.php(52): Zend\Stratigility\Next->handle(Object(Zend\Diactoros\ServerRequest))
#21 /var/www/flarum/vendor/zendframework/zend-stratigility/src/Next.php(52): Flarum\Http\Middleware\RememberFromCookie->process(Object(Zend\Diactoros\ServerRequest), Object(Zend\Stratigility\Next))
#22 /var/www/flarum/vendor/flarum/core/src/Http/Middleware/StartSession.php(62): Zend\Stratigility\Next->handle(Object(Zend\Diactoros\ServerRequest))
#23 /var/www/flarum/vendor/zendframework/zend-stratigility/src/Next.php(52): Flarum\Http\Middleware\StartSession->process(Object(Zend\Diactoros\ServerRequest), Object(Zend\Stratigility\Next))
#24 /var/www/flarum/vendor/flarum/core/src/Api/Middleware/FakeHttpMethods.php(31): Zend\Stratigility\Next->handle(Object(Zend\Diactoros\ServerRequest))
#25 /var/www/flarum/vendor/zendframework/zend-stratigility/src/Next.php(52): Flarum\Api\Middleware\FakeHttpMethods->process(Object(Zend\Diactoros\ServerRequest), Object(Zend\Stratigility\Next))
#26 /var/www/flarum/vendor/flarum/core/src/Http/Middleware/ParseJsonBody.php(29): Zend\Stratigility\Next->handle(Object(Zend\Diactoros\ServerRequest))
#27 /var/www/flarum/vendor/zendframework/zend-stratigility/src/Next.php(52): Flarum\Http\Middleware\ParseJsonBody->process(Object(Zend\Diactoros\ServerRequest), Object(Zend\Stratigility\Next))
#28 /var/www/flarum/vendor/flarum/core/src/Api/Middleware/HandleErrors.php(42): Zend\Stratigility\Next->handle(Object(Zend\Diactoros\ServerRequest))
#29 /var/www/flarum/vendor/zendframework/zend-stratigility/src/Next.php(52): Flarum\Api\Middleware\HandleErrors->process(Object(Zend\Diactoros\ServerRequest), Object(Zend\Stratigility\Next))
#30 /var/www/flarum/vendor/zendframework/zend-stratigility/src/MiddlewarePipe.php(83): Zend\Stratigility\Next->handle(Object(Zend\Diactoros\ServerRequest))
#31 /var/www/flarum/vendor/middlewares/request-handler/src/RequestHandler.php(84): Zend\Stratigility\MiddlewarePipe->process(Object(Zend\Diactoros\ServerRequest), Object(Zend\Stratigility\Next))
#32 /var/www/flarum/vendor/zendframework/zend-stratigility/src/Next.php(52): Middlewares\RequestHandler->process(Object(Zend\Diactoros\ServerRequest), Object(Zend\Stratigility\Next))
#33 /var/www/flarum/vendor/middlewares/base-path-router/src/BasePathRouter.php(97): Zend\Stratigility\Next->handle(Object(Zend\Diactoros\ServerRequest))
#34 /var/www/flarum/vendor/zendframework/zend-stratigility/src/Next.php(52): Middlewares\BasePathRouter->process(Object(Zend\Diactoros\ServerRequest), Object(Zend\Stratigility\Next))
#35 /var/www/flarum/vendor/middlewares/base-path/src/BasePath.php(53): Zend\Stratigility\Next->handle(Object(Zend\Diactoros\ServerRequest))
#36 /var/www/flarum/vendor/zendframework/zend-stratigility/src/Next.php(52): Middlewares\BasePath->process(Object(Zend\Diactoros\ServerRequest), Object(Zend\Stratigility\Next))
#37 /var/www/flarum/vendor/zendframework/zend-stratigility/src/MiddlewarePipe.php(83): Zend\Stratigility\Next->handle(Object(Zend\Diactoros\ServerRequest))
#38 /var/www/flarum/vendor/zendframework/zend-stratigility/src/MiddlewarePipe.php(72): Zend\Stratigility\MiddlewarePipe->process(Object(Zend\Diactoros\ServerRequest), Object(Zend\Stratigility\EmptyPipelineHandler))
#39 /var/www/flarum/vendor/zendframework/zend-httphandlerrunner/src/RequestHandlerRunner.php(95): Zend\Stratigility\MiddlewarePipe->handle(Object(Zend\Diactoros\ServerRequest))
#40 /var/www/flarum/vendor/flarum/core/src/Http/Server.php(46): Zend\HttpHandlerRunner\RequestHandlerRunner->run()
#41 /var/www/flarum/public/index.php(23): Flarum\Http\Server->listen()
#42 {main}

Next Illuminate\Database\QueryException: SQLSTATE[HY093]: Invalid parameter number (SQL: select `discussions`.* from `discussions` where not exists (select 1 from `discussion_tag` where `tag_id` in (4, 26) and `discussions`.`id` = `discussion_id`) and (`discussions`.`is_private` = 0 or (`discussions`.`is_approved` = 0 and (`discussions`.`user_id` = 0 or (exists (select 1 from `discussion_tag` where 0 = 1 and `discussions`.`id` = `discussion_id`))))) and (`discussions`.`hidden_at` is null or `discussions`.`user_id` = 0 or (exists (select 1 from `discussion_tag` where 0 = 1 and `discussions`.`id` = `discussion_id`))) and (`discussions`.`comment_count` > 0 or `discussions`.`user_id` = 0 or (exists (select 1 from `discussion_tag` where 0 = 1 and `discussions`.`id` = `discussion_id`))) and (exists (select 1 from `discussion_tag` where `discussions`.`id` = `discussion_id` and `tag_id` = ?)) order by `is_sticky` desc, `last_posted_at` desc limit 21) in /var/www/flarum/vendor/illuminate/database/Connection.php:664
Stack trace:
#0 /var/www/flarum/vendor/illuminate/database/Connection.php(624): Illuminate\Database\Connection->runQueryCallback('select `discuss...', Array, Object(Closure))
#1 /var/www/flarum/vendor/illuminate/database/Connection.php(333): Illuminate\Database\Connection->run('select `discuss...', Array, Object(Closure))
#2 /var/www/flarum/vendor/illuminate/database/Query/Builder.php(1719): Illuminate\Database\Connection->select('select `discuss...', Array, true)
#3 /var/www/flarum/vendor/illuminate/database/Query/Builder.php(1704): Illuminate\Database\Query\Builder->runSelect()
#4 /var/www/flarum/vendor/illuminate/database/Eloquent/Builder.php(481): Illuminate\Database\Query\Builder->get(Array)
#5 /var/www/flarum/vendor/illuminate/database/Eloquent/Builder.php(465): Illuminate\Database\Eloquent\Builder->getModels(Array)
#6 /var/www/flarum/vendor/flarum/core/src/Discussion/Search/DiscussionSearcher.php(81): Illuminate\Database\Eloquent\Builder->get()
#7 /var/www/flarum/vendor/flarum/core/src/Api/Controller/ListDiscussionsController.php(87): Flarum\Discussion\Search\DiscussionSearcher->search(Object(Flarum\Search\SearchCriteria), 20, 0)
#8 /var/www/flarum/vendor/flarum/core/src/Api/Controller/AbstractSerializeController.php(98): Flarum\Api\Controller\ListDiscussionsController->data(Object(Zend\Diactoros\ServerRequest), Object(Tobscure\JsonApi\Document))
#9 /var/www/flarum/vendor/flarum/core/src/Http/RouteHandlerFactory.php(40): Flarum\Api\Controller\AbstractSerializeController->handle(Object(Zend\Diactoros\ServerRequest))
#10 /var/www/flarum/vendor/flarum/core/src/Http/Middleware/DispatchRoute.php(67): Flarum\Http\RouteHandlerFactory->Flarum\Http\{closure}(Object(Zend\Diactoros\ServerRequest), Array)
#11 /var/www/flarum/vendor/zendframework/zend-stratigility/src/Next.php(52): Flarum\Http\Middleware\DispatchRoute->process(Object(Zend\Diactoros\ServerRequest), Object(Closure))
#12 /var/www/flarum/vendor/flarum/core/src/Http/Middleware/SetLocale.php(51): Zend\Stratigility\Next->handle(Object(Zend\Diactoros\ServerRequest))
#13 /var/www/flarum/vendor/zendframework/zend-stratigility/src/Next.php(52): Flarum\Http\Middleware\SetLocale->process(Object(Zend\Diactoros\ServerRequest), Object(Zend\Stratigility\Next))
#14 /var/www/flarum/vendor/flarum/core/src/Http/Middleware/AuthenticateWithHeader.php(55): Zend\Stratigility\Next->handle(Object(Zend\Diactoros\ServerRequest))
#15 /var/www/flarum/vendor/zendframework/zend-stratigility/src/Next.php(52): Flarum\Http\Middleware\AuthenticateWithHeader->process(Object(Zend\Diactoros\ServerRequest), Object(Zend\Stratigility\Next))
#16 /var/www/flarum/vendor/flarum/core/src/Http/Middleware/AuthenticateWithSession.php(34): Zend\Stratigility\Next->handle(Object(Zend\Diactoros\ServerRequest))
#17 /var/www/flarum/vendor/zendframework/zend-stratigility/src/Next.php(52): Flarum\Http\Middleware\AuthenticateWithSession->process(Object(Zend\Diactoros\ServerRequest), Object(Zend\Stratigility\Next))
#18 /var/www/flarum/vendor/flarum/core/src/Http/Middleware/RememberFromCookie.php(52): Zend\Stratigility\Next->handle(Object(Zend\Diactoros\ServerRequest))
#19 /var/www/flarum/vendor/zendframework/zend-stratigility/src/Next.php(52): Flarum\Http\Middleware\RememberFromCookie->process(Object(Zend\Diactoros\ServerRequest), Object(Zend\Stratigility\Next))
#20 /var/www/flarum/vendor/flarum/core/src/Http/Middleware/StartSession.php(62): Zend\Stratigility\Next->handle(Object(Zend\Diactoros\ServerRequest))
#21 /var/www/flarum/vendor/zendframework/zend-stratigility/src/Next.php(52): Flarum\Http\Middleware\StartSession->process(Object(Zend\Diactoros\ServerRequest), Object(Zend\Stratigility\Next))
#22 /var/www/flarum/vendor/flarum/core/src/Api/Middleware/FakeHttpMethods.php(31): Zend\Stratigility\Next->handle(Object(Zend\Diactoros\ServerRequest))
#23 /var/www/flarum/vendor/zendframework/zend-stratigility/src/Next.php(52): Flarum\Api\Middleware\FakeHttpMethods->process(Object(Zend\Diactoros\ServerRequest), Object(Zend\Stratigility\Next))
#24 /var/www/flarum/vendor/flarum/core/src/Http/Middleware/ParseJsonBody.php(29): Zend\Stratigility\Next->handle(Object(Zend\Diactoros\ServerRequest))
#25 /var/www/flarum/vendor/zendframework/zend-stratigility/src/Next.php(52): Flarum\Http\Middleware\ParseJsonBody->process(Object(Zend\Diactoros\ServerRequest), Object(Zend\Stratigility\Next))
#26 /var/www/flarum/vendor/flarum/core/src/Api/Middleware/HandleErrors.php(42): Zend\Stratigility\Next->handle(Object(Zend\Diactoros\ServerRequest))
#27 /var/www/flarum/vendor/zendframework/zend-stratigility/src/Next.php(52): Flarum\Api\Middleware\HandleErrors->process(Object(Zend\Diactoros\ServerRequest), Object(Zend\Stratigility\Next))
#28 /var/www/flarum/vendor/zendframework/zend-stratigility/src/MiddlewarePipe.php(83): Zend\Stratigility\Next->handle(Object(Zend\Diactoros\ServerRequest))
#29 /var/www/flarum/vendor/middlewares/request-handler/src/RequestHandler.php(84): Zend\Stratigility\MiddlewarePipe->process(Object(Zend\Diactoros\ServerRequest), Object(Zend\Stratigility\Next))
#30 /var/www/flarum/vendor/zendframework/zend-stratigility/src/Next.php(52): Middlewares\RequestHandler->process(Object(Zend\Diactoros\ServerRequest), Object(Zend\Stratigility\Next))
#31 /var/www/flarum/vendor/middlewares/base-path-router/src/BasePathRouter.php(97): Zend\Stratigility\Next->handle(Object(Zend\Diactoros\ServerRequest))
#32 /var/www/flarum/vendor/zendframework/zend-stratigility/src/Next.php(52): Middlewares\BasePathRouter->process(Object(Zend\Diactoros\ServerRequest), Object(Zend\Stratigility\Next))
#33 /var/www/flarum/vendor/middlewares/base-path/src/BasePath.php(53): Zend\Stratigility\Next->handle(Object(Zend\Diactoros\ServerRequest))
#34 /var/www/flarum/vendor/zendframework/zend-stratigility/src/Next.php(52): Middlewares\BasePath->process(Object(Zend\Diactoros\ServerRequest), Object(Zend\Stratigility\Next))
#35 /var/www/flarum/vendor/zendframework/zend-stratigility/src/MiddlewarePipe.php(83): Zend\Stratigility\Next->handle(Object(Zend\Diactoros\ServerRequest))
#36 /var/www/flarum/vendor/zendframework/zend-stratigility/src/MiddlewarePipe.php(72): Zend\Stratigility\MiddlewarePipe->process(Object(Zend\Diactoros\ServerRequest), Object(Zend\Stratigility\EmptyPipelineHandler))
#37 /var/www/flarum/vendor/zendframework/zend-httphandlerrunner/src/RequestHandlerRunner.php(95): Zend\Stratigility\MiddlewarePipe->handle(Object(Zend\Diactoros\ServerRequest))
#38 /var/www/flarum/vendor/flarum/core/src/Http/Server.php(46): Zend\HttpHandlerRunner\RequestHandlerRunner->run()
#39 /var/www/flarum/public/index.php(23): Flarum\Http\Server->listen()
#40 {main}  
