[2019-07-09 00:16:58] production.ERROR: Flarum\User\Exception\PermissionDeniedException in /var/www/flarum/vendor/flarum/core/src/User/AssertPermissionTrait.php:25
Stack trace:
#0 /var/www/flarum/vendor/flarum/core/src/User/AssertPermissionTrait.php(37): Flarum\Admin\Middleware\RequireAdministrateAbility->assertPermission(false)
#1 /var/www/flarum/vendor/flarum/core/src/User/AssertPermissionTrait.php(64): Flarum\Admin\Middleware\RequireAdministrateAbility->assertCan(Object(Flarum\User\Guest), 'administrate')
#2 /var/www/flarum/vendor/flarum/core/src/Admin/Middleware/RequireAdministrateAbility.php(26): Flarum\Admin\Middleware\RequireAdministrateAbility->assertAdmin(Object(Flarum\User\Guest))
#3 /var/www/flarum/vendor/zendframework/zend-stratigility/src/Next.php(60): Flarum\Admin\Middleware\RequireAdministrateAbility->process(Object(Zend\Diactoros\ServerRequest), Object(Zend\Stratigility\Next))
#4 /var/www/flarum/vendor/flarum/core/src/Http/Middleware/SetLocale.php(51): Zend\Stratigility\Next->handle(Object(Zend\Diactoros\ServerRequest))
#5 /var/www/flarum/vendor/zendframework/zend-stratigility/src/Next.php(60): Flarum\Http\Middleware\SetLocale->process(Object(Zend\Diactoros\ServerRequest), Object(Zend\Stratigility\Next))
#6 /var/www/flarum/vendor/flarum/core/src/Http/Middleware/CheckCsrfToken.php(25): Zend\Stratigility\Next->handle(Object(Zend\Diactoros\ServerRequest))
#7 /var/www/flarum/vendor/zendframework/zend-stratigility/src/Next.php(60): Flarum\Http\Middleware\CheckCsrfToken->process(Object(Zend\Diactoros\ServerRequest), Object(Zend\Stratigility\Next))
#8 /var/www/flarum/vendor/flarum/core/src/Http/Middleware/AuthenticateWithSession.php(34): Zend\Stratigility\Next->handle(Object(Zend\Diactoros\ServerRequest))
#9 /var/www/flarum/vendor/zendframework/zend-stratigility/src/Next.php(60): Flarum\Http\Middleware\AuthenticateWithSession->process(Object(Zend\Diactoros\ServerRequest), Object(Zend\Stratigility\Next))
#10 /var/www/flarum/vendor/flarum/core/src/Http/Middleware/RememberFromCookie.php(52): Zend\Stratigility\Next->handle(Object(Zend\Diactoros\ServerRequest))
#11 /var/www/flarum/vendor/zendframework/zend-stratigility/src/Next.php(60): Flarum\Http\Middleware\RememberFromCookie->process(Object(Zend\Diactoros\ServerRequest), Object(Zend\Stratigility\Next))
#12 /var/www/flarum/vendor/flarum/core/src/Http/Middleware/StartSession.php(62): Zend\Stratigility\Next->handle(Object(Zend\Diactoros\ServerRequest))
#13 /var/www/flarum/vendor/zendframework/zend-stratigility/src/Next.php(60): Flarum\Http\Middleware\StartSession->process(Object(Zend\Diactoros\ServerRequest), Object(Zend\Stratigility\Next))
#14 /var/www/flarum/vendor/flarum/core/src/Http/Middleware/ParseJsonBody.php(29): Zend\Stratigility\Next->handle(Object(Zend\Diactoros\ServerRequest))
#15 /var/www/flarum/vendor/zendframework/zend-stratigility/src/Next.php(60): Flarum\Http\Middleware\ParseJsonBody->process(Object(Zend\Diactoros\ServerRequest), Object(Zend\Stratigility\Next))
#16 /var/www/flarum/vendor/flarum/core/src/Http/Middleware/HandleErrorsWithView.php(67): Zend\Stratigility\Next->handle(Object(Zend\Diactoros\ServerRequest))
#17 /var/www/flarum/vendor/zendframework/zend-stratigility/src/Next.php(60): Flarum\Http\Middleware\HandleErrorsWithView->process(Object(Zend\Diactoros\ServerRequest), Object(Zend\Stratigility\Next))
#18 /var/www/flarum/vendor/zendframework/zend-stratigility/src/MiddlewarePipe.php(83): Zend\Stratigility\Next->handle(Object(Zend\Diactoros\ServerRequest))
#19 /var/www/flarum/vendor/middlewares/request-handler/src/RequestHandler.php(84): Zend\Stratigility\MiddlewarePipe->process(Object(Zend\Diactoros\ServerRequest), Object(Zend\Stratigility\Next))
#20 /var/www/flarum/vendor/zendframework/zend-stratigility/src/Next.php(60): Middlewares\RequestHandler->process(Object(Zend\Diactoros\ServerRequest), Object(Zend\Stratigility\Next))
#21 /var/www/flarum/vendor/middlewares/base-path-router/src/BasePathRouter.php(97): Zend\Stratigility\Next->handle(Object(Zend\Diactoros\ServerRequest))
#22 /var/www/flarum/vendor/zendframework/zend-stratigility/src/Next.php(60): Middlewares\BasePathRouter->process(Object(Zend\Diactoros\ServerRequest), Object(Zend\Stratigility\Next))
#23 /var/www/flarum/vendor/zendframework/zend-stratigility/src/Middleware/OriginalMessages.php(41): Zend\Stratigility\Next->handle(Object(Zend\Diactoros\ServerRequest))
#24 /var/www/flarum/vendor/zendframework/zend-stratigility/src/Next.php(60): Zend\Stratigility\Middleware\OriginalMessages->process(Object(Zend\Diactoros\ServerRequest), Object(Zend\Stratigility\Next))
#25 /var/www/flarum/vendor/middlewares/base-path/src/BasePath.php(53): Zend\Stratigility\Next->handle(Object(Zend\Diactoros\ServerRequest))
#26 /var/www/flarum/vendor/zendframework/zend-stratigility/src/Next.php(60): Middlewares\BasePath->process(Object(Zend\Diactoros\ServerRequest), Object(Zend\Stratigility\Next))
#27 /var/www/flarum/vendor/zendframework/zend-stratigility/src/MiddlewarePipe.php(83): Zend\Stratigility\Next->handle(Object(Zend\Diactoros\ServerRequest))
#28 /var/www/flarum/vendor/zendframework/zend-stratigility/src/MiddlewarePipe.php(72): Zend\Stratigility\MiddlewarePipe->process(Object(Zend\Diactoros\ServerRequest), Object(Zend\Stratigility\EmptyPipelineHandler))
#29 /var/www/flarum/vendor/zendframework/zend-httphandlerrunner/src/RequestHandlerRunner.php(95): Zend\Stratigility\MiddlewarePipe->handle(Object(Zend\Diactoros\ServerRequest))
#30 /var/www/flarum/vendor/flarum/core/src/Http/Server.php(46): Zend\HttpHandlerRunner\RequestHandlerRunner->run()
#31 /var/www/flarum/public/index.php(23): Flarum\Http\Server->listen()
#32 {main}  
[2019-07-09 02:13:34] production.ERROR: RuntimeException: Class 's9e\TextFormatter\Plugins\BBcodes\Configurator' does not exist in /var/www/flarum/vendor/s9e/text-formatter/src/Configurator.php:8208
Stack trace:
#0 /var/www/flarum/vendor/s9e/text-formatter/src/Configurator.php(57): s9e\TextFormatter\Configurator\Collections\PluginCollection->load('BBcodes')
#1 /var/www/flarum/vendor/kvothe/reply-to-see/extend.php(27): s9e\TextFormatter\Configurator->__get('BBcodes')
#2 [internal function]: Flarum\Extension\Extension->Kvothe\ReplyToSee\{closure}(Object(s9e\TextFormatter\Configurator))
#3 /var/www/flarum/vendor/flarum/core/src/Extend/Formatter.php(38): call_user_func(Object(Closure), Object(s9e\TextFormatter\Configurator))
#4 /var/www/flarum/vendor/illuminate/events/Dispatcher.php(350): Flarum\Extend\Formatter->Flarum\Extend\{closure}(Object(Flarum\Formatter\Event\Configuring))
#5 /var/www/flarum/vendor/illuminate/events/Dispatcher.php(200): Illuminate\Events\Dispatcher->Illuminate\Events\{closure}('Flarum\\Formatte...', Array)
#6 /var/www/flarum/vendor/flarum/core/src/Formatter/Formatter.php(125): Illuminate\Events\Dispatcher->dispatch('Flarum\\Formatte...')
#7 /var/www/flarum/vendor/flarum/core/src/Formatter/Formatter.php(156): Flarum\Formatter\Formatter->getConfigurator()
#8 /var/www/flarum/vendor/illuminate/cache/Repository.php(362): Flarum\Formatter\Formatter->Flarum\Formatter\{closure}()
#9 /var/www/flarum/vendor/flarum/core/src/Formatter/Formatter.php(157): Illuminate\Cache\Repository->rememberForever('flarum.formatte...', Object(Closure))
#10 /var/www/flarum/vendor/flarum/core/src/Formatter/Formatter.php(200): Flarum\Formatter\Formatter->getComponent('js')
#11 /var/www/flarum/vendor/flarum/core/src/Forum/ForumServiceProvider.php(81): Flarum\Formatter\Formatter->getJs()
#12 [internal function]: Flarum\Forum\ForumServiceProvider->Flarum\Forum\{closure}()
#13 /var/www/flarum/vendor/flarum/core/src/Frontend/Compiler/Source/StringSource.php(37): call_user_func(Object(Closure))
#14 /var/www/flarum/vendor/flarum/core/src/Frontend/Compiler/Source/StringSource.php(48): Flarum\Frontend\Compiler\Source\StringSource->getContent()
#15 /var/www/flarum/vendor/flarum/core/src/Frontend/Compiler/RevisionCompiler.php(240): Flarum\Frontend\Compiler\Source\StringSource->getCacheDifferentiator()
#16 /var/www/flarum/vendor/flarum/core/src/Frontend/Compiler/RevisionCompiler.php(74): Flarum\Frontend\Compiler\RevisionCompiler->calculateRevision(Array)
#17 /var/www/flarum/vendor/flarum/core/src/Frontend/Compiler/RevisionCompiler.php(126): Flarum\Frontend\Compiler\RevisionCompiler->commit()
#18 /var/www/flarum/vendor/flarum/core/src/Frontend/Content/Assets.php(71): Flarum\Frontend\Compiler\RevisionCompiler->getUrl()
#19 [internal function]: Flarum\Frontend\Content\Assets->Flarum\Frontend\Content\{closure}(Object(Flarum\Frontend\Compiler\JsCompiler))
#20 /var/www/flarum/vendor/flarum/core/src/Frontend/Content/Assets.php(70): array_map(Object(Closure), Array)
#21 /var/www/flarum/vendor/flarum/core/src/Frontend/Content/Assets.php(53): Flarum\Frontend\Content\Assets->getUrls(Array)
#22 /var/www/flarum/vendor/flarum/core/src/Frontend/Frontend.php(65): Flarum\Frontend\Content\Assets->__invoke(Object(Flarum\Frontend\Document), Object(Zend\Diactoros\ServerRequest))
#23 /var/www/flarum/vendor/flarum/core/src/Frontend/Frontend.php(57): Flarum\Frontend\Frontend->populate(Object(Flarum\Frontend\Document), Object(Zend\Diactoros\ServerRequest))
#24 /var/www/flarum/vendor/flarum/core/src/Frontend/Controller.php(34): Flarum\Frontend\Frontend->document(Object(Zend\Diactoros\ServerRequest))
#25 /var/www/flarum/vendor/flarum/core/src/Http/RouteHandlerFactory.php(40): Flarum\Frontend\Controller->handle(Object(Zend\Diactoros\ServerRequest))
#26 /var/www/flarum/vendor/flarum/core/src/Http/Middleware/DispatchRoute.php(67): Flarum\Http\RouteHandlerFactory->Flarum\Http\{closure}(Object(Zend\Diactoros\ServerRequest), Array)
#27 /var/www/flarum/vendor/zendframework/zend-stratigility/src/Next.php(52): Flarum\Http\Middleware\DispatchRoute->process(Object(Zend\Diactoros\ServerRequest), Object(Closure))
#28 /var/www/flarum/vendor/flarum/core/src/Http/Middleware/ShareErrorsFromSession.php(58): Zend\Stratigility\Next->handle(Object(Zend\Diactoros\ServerRequest))
#29 /var/www/flarum/vendor/zendframework/zend-stratigility/src/Next.php(52): Flarum\Http\Middleware\ShareErrorsFromSession->process(Object(Zend\Diactoros\ServerRequest), Object(Zend\Stratigility\Next))
#30 /var/www/flarum/vendor/flarum/core/src/Http/Middleware/SetLocale.php(51): Zend\Stratigility\Next->handle(Object(Zend\Diactoros\ServerRequest))
#31 /var/www/flarum/vendor/zendframework/zend-stratigility/src/Next.php(52): Flarum\Http\Middleware\SetLocale->process(Object(Zend\Diactoros\ServerRequest), Object(Zend\Stratigility\Next))
#32 /var/www/flarum/vendor/flarum/core/src/Http/Middleware/AuthenticateWithSession.php(34): Zend\Stratigility\Next->handle(Object(Zend\Diactoros\ServerRequest))
#33 /var/www/flarum/vendor/zendframework/zend-stratigility/src/Next.php(52): Flarum\Http\Middleware\AuthenticateWithSession->process(Object(Zend\Diactoros\ServerRequest), Object(Zend\Stratigility\Next))
#34 /var/www/flarum/vendor/flarum/core/src/Http/Middleware/RememberFromCookie.php(52): Zend\Stratigility\Next->handle(Object(Zend\Diactoros\ServerRequest))
#35 /var/www/flarum/vendor/zendframework/zend-stratigility/src/Next.php(52): Flarum\Http\Middleware\RememberFromCookie->process(Object(Zend\Diactoros\ServerRequest), Object(Zend\Stratigility\Next))
#36 /var/www/flarum/vendor/flarum/core/src/Http/Middleware/StartSession.php(62): Zend\Stratigility\Next->handle(Object(Zend\Diactoros\ServerRequest))
#37 /var/www/flarum/vendor/zendframework/zend-stratigility/src/Next.php(52): Flarum\Http\Middleware\StartSession->process(Object(Zend\Diactoros\ServerRequest), Object(Zend\Stratigility\Next))
#38 /var/www/flarum/vendor/flarum/core/src/Http/Middleware/CollectGarbage.php(48): Zend\Stratigility\Next->handle(Object(Zend\Diactoros\ServerRequest))
#39 /var/www/flarum/vendor/zendframework/zend-stratigility/src/Next.php(52): Flarum\Http\Middleware\CollectGarbage->process(Object(Zend\Diactoros\ServerRequest), Object(Zend\Stratigility\Next))
#40 /var/www/flarum/vendor/flarum/core/src/Http/Middleware/ParseJsonBody.php(29): Zend\Stratigility\Next->handle(Object(Zend\Diactoros\ServerRequest))
#41 /var/www/flarum/vendor/zendframework/zend-stratigility/src/Next.php(52): Flarum\Http\Middleware\ParseJsonBody->process(Object(Zend\Diactoros\ServerRequest), Object(Zend\Stratigility\Next))
#42 /var/www/flarum/vendor/flarum/core/src/Http/Middleware/HandleErrorsWithView.php(67): Zend\Stratigility\Next->handle(Object(Zend\Diactoros\ServerRequest))
#43 /var/www/flarum/vendor/zendframework/zend-stratigility/src/Next.php(52): Flarum\Http\Middleware\HandleErrorsWithView->process(Object(Zend\Diactoros\ServerRequest), Object(Zend\Stratigility\Next))
#44 /var/www/flarum/vendor/zendframework/zend-stratigility/src/MiddlewarePipe.php(83): Zend\Stratigility\Next->handle(Object(Zend\Diactoros\ServerRequest))
#45 /var/www/flarum/vendor/middlewares/request-handler/src/RequestHandler.php(84): Zend\Stratigility\MiddlewarePipe->process(Object(Zend\Diactoros\ServerRequest), Object(Zend\Stratigility\Next))
#46 /var/www/flarum/vendor/zendframework/zend-stratigility/src/Next.php(52): Middlewares\RequestHandler->process(Object(Zend\Diactoros\ServerRequest), Object(Zend\Stratigility\Next))
#47 /var/www/flarum/vendor/middlewares/base-path-router/src/BasePathRouter.php(97): Zend\Stratigility\Next->handle(Object(Zend\Diactoros\ServerRequest))
#48 /var/www/flarum/vendor/zendframework/zend-stratigility/src/Next.php(52): Middlewares\BasePathRouter->process(Object(Zend\Diactoros\ServerRequest), Object(Zend\Stratigility\Next))
#49 /var/www/flarum/vendor/middlewares/base-path/src/BasePath.php(53): Zend\Stratigility\Next->handle(Object(Zend\Diactoros\ServerRequest))
#50 /var/www/flarum/vendor/zendframework/zend-stratigility/src/Next.php(52): Middlewares\BasePath->process(Object(Zend\Diactoros\ServerRequest), Object(Zend\Stratigility\Next))
#51 /var/www/flarum/vendor/zendframework/zend-stratigility/src/MiddlewarePipe.php(83): Zend\Stratigility\Next->handle(Object(Zend\Diactoros\ServerRequest))
#52 /var/www/flarum/vendor/zendframework/zend-stratigility/src/MiddlewarePipe.php(72): Zend\Stratigility\MiddlewarePipe->process(Object(Zend\Diactoros\ServerRequest), Object(Zend\Stratigility\EmptyPipelineHandler))
#53 /var/www/flarum/vendor/zendframework/zend-httphandlerrunner/src/RequestHandlerRunner.php(95): Zend\Stratigility\MiddlewarePipe->handle(Object(Zend\Diactoros\ServerRequest))
#54 /var/www/flarum/vendor/flarum/core/src/Http/Server.php(46): Zend\HttpHandlerRunner\RequestHandlerRunner->run()
#55 /var/www/flarum/public/index.php(23): Flarum\Http\Server->listen()
#56 {main}  
[2019-07-09 02:13:35] production.ERROR: RuntimeException: Class 's9e\TextFormatter\Plugins\BBcodes\Configurator' does not exist in /var/www/flarum/vendor/s9e/text-formatter/src/Configurator.php:8208
Stack trace:
#0 /var/www/flarum/vendor/s9e/text-formatter/src/Configurator.php(57): s9e\TextFormatter\Configurator\Collections\PluginCollection->load('BBcodes')
#1 /var/www/flarum/vendor/kvothe/reply-to-see/extend.php(27): s9e\TextFormatter\Configurator->__get('BBcodes')
#2 [internal function]: Flarum\Extension\Extension->Kvothe\ReplyToSee\{closure}(Object(s9e\TextFormatter\Configurator))
#3 /var/www/flarum/vendor/flarum/core/src/Extend/Formatter.php(38): call_user_func(Object(Closure), Object(s9e\TextFormatter\Configurator))
#4 /var/www/flarum/vendor/illuminate/events/Dispatcher.php(350): Flarum\Extend\Formatter->Flarum\Extend\{closure}(Object(Flarum\Formatter\Event\Configuring))
#5 /var/www/flarum/vendor/illuminate/events/Dispatcher.php(200): Illuminate\Events\Dispatcher->Illuminate\Events\{closure}('Flarum\\Formatte...', Array)
#6 /var/www/flarum/vendor/flarum/core/src/Formatter/Formatter.php(125): Illuminate\Events\Dispatcher->dispatch('Flarum\\Formatte...')
#7 /var/www/flarum/vendor/flarum/core/src/Formatter/Formatter.php(156): Flarum\Formatter\Formatter->getConfigurator()
#8 /var/www/flarum/vendor/illuminate/cache/Repository.php(362): Flarum\Formatter\Formatter->Flarum\Formatter\{closure}()
#9 /var/www/flarum/vendor/flarum/core/src/Formatter/Formatter.php(157): Illuminate\Cache\Repository->rememberForever('flarum.formatte...', Object(Closure))
#10 /var/www/flarum/vendor/flarum/core/src/Formatter/Formatter.php(200): Flarum\Formatter\Formatter->getComponent('js')
#11 /var/www/flarum/vendor/flarum/core/src/Forum/ForumServiceProvider.php(81): Flarum\Formatter\Formatter->getJs()
#12 [internal function]: Flarum\Forum\ForumServiceProvider->Flarum\Forum\{closure}()
#13 /var/www/flarum/vendor/flarum/core/src/Frontend/Compiler/Source/StringSource.php(37): call_user_func(Object(Closure))
#14 /var/www/flarum/vendor/flarum/core/src/Frontend/Compiler/Source/StringSource.php(48): Flarum\Frontend\Compiler\Source\StringSource->getContent()
#15 /var/www/flarum/vendor/flarum/core/src/Frontend/Compiler/RevisionCompiler.php(240): Flarum\Frontend\Compiler\Source\StringSource->getCacheDifferentiator()
#16 /var/www/flarum/vendor/flarum/core/src/Frontend/Compiler/RevisionCompiler.php(74): Flarum\Frontend\Compiler\RevisionCompiler->calculateRevision(Array)
#17 /var/www/flarum/vendor/flarum/core/src/Frontend/Compiler/RevisionCompiler.php(126): Flarum\Frontend\Compiler\RevisionCompiler->commit()
#18 /var/www/flarum/vendor/flarum/core/src/Frontend/Content/Assets.php(71): Flarum\Frontend\Compiler\RevisionCompiler->getUrl()
#19 [internal function]: Flarum\Frontend\Content\Assets->Flarum\Frontend\Content\{closure}(Object(Flarum\Frontend\Compiler\JsCompiler))
#20 /var/www/flarum/vendor/flarum/core/src/Frontend/Content/Assets.php(70): array_map(Object(Closure), Array)
#21 /var/www/flarum/vendor/flarum/core/src/Frontend/Content/Assets.php(53): Flarum\Frontend\Content\Assets->getUrls(Array)
#22 /var/www/flarum/vendor/flarum/core/src/Frontend/Frontend.php(65): Flarum\Frontend\Content\Assets->__invoke(Object(Flarum\Frontend\Document), Object(Zend\Diactoros\ServerRequest))
#23 /var/www/flarum/vendor/flarum/core/src/Frontend/Frontend.php(57): Flarum\Frontend\Frontend->populate(Object(Flarum\Frontend\Document), Object(Zend\Diactoros\ServerRequest))
#24 /var/www/flarum/vendor/flarum/core/src/Frontend/Controller.php(34): Flarum\Frontend\Frontend->document(Object(Zend\Diactoros\ServerRequest))
#25 /var/www/flarum/vendor/flarum/core/src/Http/RouteHandlerFactory.php(40): Flarum\Frontend\Controller->handle(Object(Zend\Diactoros\ServerRequest))
#26 /var/www/flarum/vendor/flarum/core/src/Http/Middleware/DispatchRoute.php(67): Flarum\Http\RouteHandlerFactory->Flarum\Http\{closure}(Object(Zend\Diactoros\ServerRequest), Array)
#27 /var/www/flarum/vendor/zendframework/zend-stratigility/src/Next.php(52): Flarum\Http\Middleware\DispatchRoute->process(Object(Zend\Diactoros\ServerRequest), Object(Closure))
#28 /var/www/flarum/vendor/flarum/core/src/Http/Middleware/ShareErrorsFromSession.php(58): Zend\Stratigility\Next->handle(Object(Zend\Diactoros\ServerRequest))
#29 /var/www/flarum/vendor/zendframework/zend-stratigility/src/Next.php(52): Flarum\Http\Middleware\ShareErrorsFromSession->process(Object(Zend\Diactoros\ServerRequest), Object(Zend\Stratigility\Next))
#30 /var/www/flarum/vendor/flarum/core/src/Http/Middleware/SetLocale.php(51): Zend\Stratigility\Next->handle(Object(Zend\Diactoros\ServerRequest))
#31 /var/www/flarum/vendor/zendframework/zend-stratigility/src/Next.php(52): Flarum\Http\Middleware\SetLocale->process(Object(Zend\Diactoros\ServerRequest), Object(Zend\Stratigility\Next))
#32 /var/www/flarum/vendor/flarum/core/src/Http/Middleware/AuthenticateWithSession.php(34): Zend\Stratigility\Next->handle(Object(Zend\Diactoros\ServerRequest))
#33 /var/www/flarum/vendor/zendframework/zend-stratigility/src/Next.php(52): Flarum\Http\Middleware\AuthenticateWithSession->process(Object(Zend\Diactoros\ServerRequest), Object(Zend\Stratigility\Next))
#34 /var/www/flarum/vendor/flarum/core/src/Http/Middleware/RememberFromCookie.php(52): Zend\Stratigility\Next->handle(Object(Zend\Diactoros\ServerRequest))
#35 /var/www/flarum/vendor/zendframework/zend-stratigility/src/Next.php(52): Flarum\Http\Middleware\RememberFromCookie->process(Object(Zend\Diactoros\ServerRequest), Object(Zend\Stratigility\Next))
#36 /var/www/flarum/vendor/flarum/core/src/Http/Middleware/StartSession.php(62): Zend\Stratigility\Next->handle(Object(Zend\Diactoros\ServerRequest))
#37 /var/www/flarum/vendor/zendframework/zend-stratigility/src/Next.php(52): Flarum\Http\Middleware\StartSession->process(Object(Zend\Diactoros\ServerRequest), Object(Zend\Stratigility\Next))
#38 /var/www/flarum/vendor/flarum/core/src/Http/Middleware/CollectGarbage.php(48): Zend\Stratigility\Next->handle(Object(Zend\Diactoros\ServerRequest))
#39 /var/www/flarum/vendor/zendframework/zend-stratigility/src/Next.php(52): Flarum\Http\Middleware\CollectGarbage->process(Object(Zend\Diactoros\ServerRequest), Object(Zend\Stratigility\Next))
#40 /var/www/flarum/vendor/flarum/core/src/Http/Middleware/ParseJsonBody.php(29): Zend\Stratigility\Next->handle(Object(Zend\Diactoros\ServerRequest))
#41 /var/www/flarum/vendor/zendframework/zend-stratigility/src/Next.php(52): Flarum\Http\Middleware\ParseJsonBody->process(Object(Zend\Diactoros\ServerRequest), Object(Zend\Stratigility\Next))
#42 /var/www/flarum/vendor/flarum/core/src/Http/Middleware/HandleErrorsWithView.php(67): Zend\Stratigility\Next->handle(Object(Zend\Diactoros\ServerRequest))
#43 /var/www/flarum/vendor/zendframework/zend-stratigility/src/Next.php(52): Flarum\Http\Middleware\HandleErrorsWithView->process(Object(Zend\Diactoros\ServerRequest), Object(Zend\Stratigility\Next))
#44 /var/www/flarum/vendor/zendframework/zend-stratigility/src/MiddlewarePipe.php(83): Zend\Stratigility\Next->handle(Object(Zend\Diactoros\ServerRequest))
#45 /var/www/flarum/vendor/middlewares/request-handler/src/RequestHandler.php(84): Zend\Stratigility\MiddlewarePipe->process(Object(Zend\Diactoros\ServerRequest), Object(Zend\Stratigility\Next))
#46 /var/www/flarum/vendor/zendframework/zend-stratigility/src/Next.php(52): Middlewares\RequestHandler->process(Object(Zend\Diactoros\ServerRequest), Object(Zend\Stratigility\Next))
#47 /var/www/flarum/vendor/middlewares/base-path-router/src/BasePathRouter.php(97): Zend\Stratigility\Next->handle(Object(Zend\Diactoros\ServerRequest))
#48 /var/www/flarum/vendor/zendframework/zend-stratigility/src/Next.php(52): Middlewares\BasePathRouter->process(Object(Zend\Diactoros\ServerRequest), Object(Zend\Stratigility\Next))
#49 /var/www/flarum/vendor/middlewares/base-path/src/BasePath.php(53): Zend\Stratigility\Next->handle(Object(Zend\Diactoros\ServerRequest))
#50 /var/www/flarum/vendor/zendframework/zend-stratigility/src/Next.php(52): Middlewares\BasePath->process(Object(Zend\Diactoros\ServerRequest), Object(Zend\Stratigility\Next))
#51 /var/www/flarum/vendor/zendframework/zend-stratigility/src/MiddlewarePipe.php(83): Zend\Stratigility\Next->handle(Object(Zend\Diactoros\ServerRequest))
#52 /var/www/flarum/vendor/zendframework/zend-stratigility/src/MiddlewarePipe.php(72): Zend\Stratigility\MiddlewarePipe->process(Object(Zend\Diactoros\ServerRequest), Object(Zend\Stratigility\EmptyPipelineHandler))
#53 /var/www/flarum/vendor/zendframework/zend-httphandlerrunner/src/RequestHandlerRunner.php(95): Zend\Stratigility\MiddlewarePipe->handle(Object(Zend\Diactoros\ServerRequest))
#54 /var/www/flarum/vendor/flarum/core/src/Http/Server.php(46): Zend\HttpHandlerRunner\RequestHandlerRunner->run()
#55 /var/www/flarum/public/index.php(23): Flarum\Http\Server->listen()
#56 {main}  
[2019-07-09 02:14:28] production.ERROR: RuntimeException: Class 's9e\TextFormatter\Plugins\BBcodes\Configurator' does not exist in /var/www/flarum/vendor/s9e/text-formatter/src/Configurator.php:8208
Stack trace:
#0 /var/www/flarum/vendor/s9e/text-formatter/src/Configurator.php(57): s9e\TextFormatter\Configurator\Collections\PluginCollection->load('BBcodes')
#1 /var/www/flarum/vendor/kvothe/reply-to-see/extend.php(27): s9e\TextFormatter\Configurator->__get('BBcodes')
#2 /var/www/flarum/vendor/flarum/core/src/Extend/Formatter.php(44): Flarum\Extension\Extension->Kvothe\ReplyToSee\{closure}(Object(s9e\TextFormatter\Configurator))
#3 /var/www/flarum/vendor/illuminate/events/Dispatcher.php(360): Flarum\Extend\Formatter->Flarum\Extend\{closure}(Object(Flarum\Formatter\Event\Configuring))
#4 /var/www/flarum/vendor/illuminate/events/Dispatcher.php(209): Illuminate\Events\Dispatcher->Illuminate\Events\{closure}('Flarum\\Formatte...', Array)
#5 /var/www/flarum/vendor/flarum/core/src/Formatter/Formatter.php(127): Illuminate\Events\Dispatcher->dispatch('Flarum\\Formatte...')
#6 /var/www/flarum/vendor/flarum/core/src/Formatter/Formatter.php(158): Flarum\Formatter\Formatter->getConfigurator()
#7 /var/www/flarum/vendor/illuminate/cache/Repository.php(375): Flarum\Formatter\Formatter->Flarum\Formatter\{closure}()
#8 /var/www/flarum/vendor/flarum/core/src/Formatter/Formatter.php(159): Illuminate\Cache\Repository->rememberForever('flarum.formatte...', Object(Closure))
#9 /var/www/flarum/vendor/flarum/core/src/Formatter/Formatter.php(202): Flarum\Formatter\Formatter->getComponent('js')
#10 /var/www/flarum/vendor/flarum/core/src/Forum/ForumServiceProvider.php(91): Flarum\Formatter\Formatter->getJs()
#11 [internal function]: Flarum\Forum\ForumServiceProvider->Flarum\Forum\{closure}()
#12 /var/www/flarum/vendor/flarum/core/src/Frontend/Compiler/Source/StringSource.php(37): call_user_func(Object(Closure))
#13 /var/www/flarum/vendor/flarum/core/src/Frontend/Compiler/Source/StringSource.php(48): Flarum\Frontend\Compiler\Source\StringSource->getContent()
#14 /var/www/flarum/vendor/flarum/core/src/Frontend/Compiler/RevisionCompiler.php(240): Flarum\Frontend\Compiler\Source\StringSource->getCacheDifferentiator()
#15 /var/www/flarum/vendor/flarum/core/src/Frontend/Compiler/RevisionCompiler.php(74): Flarum\Frontend\Compiler\RevisionCompiler->calculateRevision(Array)
#16 /var/www/flarum/vendor/flarum/core/src/Frontend/Compiler/RevisionCompiler.php(126): Flarum\Frontend\Compiler\RevisionCompiler->commit()
#17 /var/www/flarum/vendor/flarum/core/src/Frontend/Content/Assets.php(71): Flarum\Frontend\Compiler\RevisionCompiler->getUrl()
#18 [internal function]: Flarum\Frontend\Content\Assets->Flarum\Frontend\Content\{closure}(Object(Flarum\Frontend\Compiler\JsCompiler))
#19 /var/www/flarum/vendor/flarum/core/src/Frontend/Content/Assets.php(70): array_map(Object(Closure), Array)
#20 /var/www/flarum/vendor/flarum/core/src/Frontend/Content/Assets.php(53): Flarum\Frontend\Content\Assets->getUrls(Array)
#21 /var/www/flarum/vendor/flarum/core/src/Frontend/Frontend.php(65): Flarum\Frontend\Content\Assets->__invoke(Object(Flarum\Frontend\Document), Object(Zend\Diactoros\ServerRequest))
#22 /var/www/flarum/vendor/flarum/core/src/Frontend/Frontend.php(57): Flarum\Frontend\Frontend->populate(Object(Flarum\Frontend\Document), Object(Zend\Diactoros\ServerRequest))
#23 /var/www/flarum/vendor/flarum/core/src/Frontend/Controller.php(34): Flarum\Frontend\Frontend->document(Object(Zend\Diactoros\ServerRequest))
#24 /var/www/flarum/vendor/flarum/core/src/Http/RouteHandlerFactory.php(40): Flarum\Frontend\Controller->handle(Object(Zend\Diactoros\ServerRequest))
#25 /var/www/flarum/vendor/flarum/core/src/Http/Middleware/DispatchRoute.php(67): Flarum\Http\RouteHandlerFactory->Flarum\Http\{closure}(Object(Zend\Diactoros\ServerRequest), Array)
#26 /var/www/flarum/vendor/zendframework/zend-stratigility/src/Next.php(60): Flarum\Http\Middleware\DispatchRoute->process(Object(Zend\Diactoros\ServerRequest), Object(Closure))
#27 /var/www/flarum/vendor/flarum/core/src/Http/Middleware/ShareErrorsFromSession.php(58): Zend\Stratigility\Next->handle(Object(Zend\Diactoros\ServerRequest))
#28 /var/www/flarum/vendor/zendframework/zend-stratigility/src/Next.php(60): Flarum\Http\Middleware\ShareErrorsFromSession->process(Object(Zend\Diactoros\ServerRequest), Object(Zend\Stratigility\Next))
#29 /var/www/flarum/vendor/flarum/core/src/Http/Middleware/SetLocale.php(51): Zend\Stratigility\Next->handle(Object(Zend\Diactoros\ServerRequest))
#30 /var/www/flarum/vendor/zendframework/zend-stratigility/src/Next.php(60): Flarum\Http\Middleware\SetLocale->process(Object(Zend\Diactoros\ServerRequest), Object(Zend\Stratigility\Next))
#31 /var/www/flarum/vendor/flarum/core/src/Http/Middleware/CheckCsrfToken.php(25): Zend\Stratigility\Next->handle(Object(Zend\Diactoros\ServerRequest))
#32 /var/www/flarum/vendor/zendframework/zend-stratigility/src/Next.php(60): Flarum\Http\Middleware\CheckCsrfToken->process(Object(Zend\Diactoros\ServerRequest), Object(Zend\Stratigility\Next))
#33 /var/www/flarum/vendor/flarum/core/src/Http/Middleware/AuthenticateWithSession.php(34): Zend\Stratigility\Next->handle(Object(Zend\Diactoros\ServerRequest))
#34 /var/www/flarum/vendor/zendframework/zend-stratigility/src/Next.php(60): Flarum\Http\Middleware\AuthenticateWithSession->process(Object(Zend\Diactoros\ServerRequest), Object(Zend\Stratigility\Next))
#35 /var/www/flarum/vendor/flarum/core/src/Http/Middleware/RememberFromCookie.php(52): Zend\Stratigility\Next->handle(Object(Zend\Diactoros\ServerRequest))
#36 /var/www/flarum/vendor/zendframework/zend-stratigility/src/Next.php(60): Flarum\Http\Middleware\RememberFromCookie->process(Object(Zend\Diactoros\ServerRequest), Object(Zend\Stratigility\Next))
#37 /var/www/flarum/vendor/flarum/core/src/Http/Middleware/StartSession.php(62): Zend\Stratigility\Next->handle(Object(Zend\Diactoros\ServerRequest))
#38 /var/www/flarum/vendor/zendframework/zend-stratigility/src/Next.php(60): Flarum\Http\Middleware\StartSession->process(Object(Zend\Diactoros\ServerRequest), Object(Zend\Stratigility\Next))
#39 /var/www/flarum/vendor/flarum/core/src/Http/Middleware/CollectGarbage.php(48): Zend\Stratigility\Next->handle(Object(Zend\Diactoros\ServerRequest))
#40 /var/www/flarum/vendor/zendframework/zend-stratigility/src/Next.php(60): Flarum\Http\Middleware\CollectGarbage->process(Object(Zend\Diactoros\ServerRequest), Object(Zend\Stratigility\Next))
#41 /var/www/flarum/vendor/flarum/core/src/Http/Middleware/ParseJsonBody.php(29): Zend\Stratigility\Next->handle(Object(Zend\Diactoros\ServerRequest))
#42 /var/www/flarum/vendor/zendframework/zend-stratigility/src/Next.php(60): Flarum\Http\Middleware\ParseJsonBody->process(Object(Zend\Diactoros\ServerRequest), Object(Zend\Stratigility\Next))
#43 /var/www/flarum/vendor/flarum/core/src/Http/Middleware/HandleErrorsWithView.php(67): Zend\Stratigility\Next->handle(Object(Zend\Diactoros\ServerRequest))
#44 /var/www/flarum/vendor/zendframework/zend-stratigility/src/Next.php(60): Flarum\Http\Middleware\HandleErrorsWithView->process(Object(Zend\Diactoros\ServerRequest), Object(Zend\Stratigility\Next))
#45 /var/www/flarum/vendor/zendframework/zend-stratigility/src/MiddlewarePipe.php(83): Zend\Stratigility\Next->handle(Object(Zend\Diactoros\ServerRequest))
#46 /var/www/flarum/vendor/middlewares/request-handler/src/RequestHandler.php(84): Zend\Stratigility\MiddlewarePipe->process(Object(Zend\Diactoros\ServerRequest), Object(Zend\Stratigility\Next))
#47 /var/www/flarum/vendor/zendframework/zend-stratigility/src/Next.php(60): Middlewares\RequestHandler->process(Object(Zend\Diactoros\ServerRequest), Object(Zend\Stratigility\Next))
#48 /var/www/flarum/vendor/middlewares/base-path-router/src/BasePathRouter.php(97): Zend\Stratigility\Next->handle(Object(Zend\Diactoros\ServerRequest))
#49 /var/www/flarum/vendor/zendframework/zend-stratigility/src/Next.php(60): Middlewares\BasePathRouter->process(Object(Zend\Diactoros\ServerRequest), Object(Zend\Stratigility\Next))
#50 /var/www/flarum/vendor/zendframework/zend-stratigility/src/Middleware/OriginalMessages.php(41): Zend\Stratigility\Next->handle(Object(Zend\Diactoros\ServerRequest))
#51 /var/www/flarum/vendor/zendframework/zend-stratigility/src/Next.php(60): Zend\Stratigility\Middleware\OriginalMessages->process(Object(Zend\Diactoros\ServerRequest), Object(Zend\Stratigility\Next))
#52 /var/www/flarum/vendor/middlewares/base-path/src/BasePath.php(53): Zend\Stratigility\Next->handle(Object(Zend\Diactoros\ServerRequest))
#53 /var/www/flarum/vendor/zendframework/zend-stratigility/src/Next.php(60): Middlewares\BasePath->process(Object(Zend\Diactoros\ServerRequest), Object(Zend\Stratigility\Next))
#54 /var/www/flarum/vendor/zendframework/zend-stratigility/src/MiddlewarePipe.php(83): Zend\Stratigility\Next->handle(Object(Zend\Diactoros\ServerRequest))
#55 /var/www/flarum/vendor/zendframework/zend-stratigility/src/MiddlewarePipe.php(72): Zend\Stratigility\MiddlewarePipe->process(Object(Zend\Diactoros\ServerRequest), Object(Zend\Stratigility\EmptyPipelineHandler))
#56 /var/www/flarum/vendor/zendframework/zend-httphandlerrunner/src/RequestHandlerRunner.php(95): Zend\Stratigility\MiddlewarePipe->handle(Object(Zend\Diactoros\ServerRequest))
#57 /var/www/flarum/vendor/flarum/core/src/Http/Server.php(46): Zend\HttpHandlerRunner\RequestHandlerRunner->run()
#58 /var/www/flarum/public/index.php(23): Flarum\Http\Server->listen()
#59 {main}  
[2019-07-09 02:14:29] production.ERROR: RuntimeException: Class 's9e\TextFormatter\Plugins\BBcodes\Configurator' does not exist in /var/www/flarum/vendor/s9e/text-formatter/src/Configurator.php:8208
Stack trace:
#0 /var/www/flarum/vendor/s9e/text-formatter/src/Configurator.php(57): s9e\TextFormatter\Configurator\Collections\PluginCollection->load('BBcodes')
#1 /var/www/flarum/vendor/kvothe/reply-to-see/extend.php(27): s9e\TextFormatter\Configurator->__get('BBcodes')
#2 /var/www/flarum/vendor/flarum/core/src/Extend/Formatter.php(44): Flarum\Extension\Extension->Kvothe\ReplyToSee\{closure}(Object(s9e\TextFormatter\Configurator))
#3 /var/www/flarum/vendor/illuminate/events/Dispatcher.php(360): Flarum\Extend\Formatter->Flarum\Extend\{closure}(Object(Flarum\Formatter\Event\Configuring))
#4 /var/www/flarum/vendor/illuminate/events/Dispatcher.php(209): Illuminate\Events\Dispatcher->Illuminate\Events\{closure}('Flarum\\Formatte...', Array)
#5 /var/www/flarum/vendor/flarum/core/src/Formatter/Formatter.php(127): Illuminate\Events\Dispatcher->dispatch('Flarum\\Formatte...')
#6 /var/www/flarum/vendor/flarum/core/src/Formatter/Formatter.php(158): Flarum\Formatter\Formatter->getConfigurator()
#7 /var/www/flarum/vendor/illuminate/cache/Repository.php(375): Flarum\Formatter\Formatter->Flarum\Formatter\{closure}()
#8 /var/www/flarum/vendor/flarum/core/src/Formatter/Formatter.php(159): Illuminate\Cache\Repository->rememberForever('flarum.formatte...', Object(Closure))
#9 /var/www/flarum/vendor/flarum/core/src/Formatter/Formatter.php(202): Flarum\Formatter\Formatter->getComponent('js')
#10 /var/www/flarum/vendor/flarum/core/src/Forum/ForumServiceProvider.php(91): Flarum\Formatter\Formatter->getJs()
#11 [internal function]: Flarum\Forum\ForumServiceProvider->Flarum\Forum\{closure}()
#12 /var/www/flarum/vendor/flarum/core/src/Frontend/Compiler/Source/StringSource.php(37): call_user_func(Object(Closure))
#13 /var/www/flarum/vendor/flarum/core/src/Frontend/Compiler/Source/StringSource.php(48): Flarum\Frontend\Compiler\Source\StringSource->getContent()
#14 /var/www/flarum/vendor/flarum/core/src/Frontend/Compiler/RevisionCompiler.php(240): Flarum\Frontend\Compiler\Source\StringSource->getCacheDifferentiator()
#15 /var/www/flarum/vendor/flarum/core/src/Frontend/Compiler/RevisionCompiler.php(74): Flarum\Frontend\Compiler\RevisionCompiler->calculateRevision(Array)
#16 /var/www/flarum/vendor/flarum/core/src/Frontend/Compiler/RevisionCompiler.php(126): Flarum\Frontend\Compiler\RevisionCompiler->commit()
#17 /var/www/flarum/vendor/flarum/core/src/Frontend/Content/Assets.php(71): Flarum\Frontend\Compiler\RevisionCompiler->getUrl()
#18 [internal function]: Flarum\Frontend\Content\Assets->Flarum\Frontend\Content\{closure}(Object(Flarum\Frontend\Compiler\JsCompiler))
#19 /var/www/flarum/vendor/flarum/core/src/Frontend/Content/Assets.php(70): array_map(Object(Closure), Array)
#20 /var/www/flarum/vendor/flarum/core/src/Frontend/Content/Assets.php(53): Flarum\Frontend\Content\Assets->getUrls(Array)
#21 /var/www/flarum/vendor/flarum/core/src/Frontend/Frontend.php(65): Flarum\Frontend\Content\Assets->__invoke(Object(Flarum\Frontend\Document), Object(Zend\Diactoros\ServerRequest))
#22 /var/www/flarum/vendor/flarum/core/src/Frontend/Frontend.php(57): Flarum\Frontend\Frontend->populate(Object(Flarum\Frontend\Document), Object(Zend\Diactoros\ServerRequest))
#23 /var/www/flarum/vendor/flarum/core/src/Frontend/Controller.php(34): Flarum\Frontend\Frontend->document(Object(Zend\Diactoros\ServerRequest))
#24 /var/www/flarum/vendor/flarum/core/src/Http/RouteHandlerFactory.php(40): Flarum\Frontend\Controller->handle(Object(Zend\Diactoros\ServerRequest))
#25 /var/www/flarum/vendor/flarum/core/src/Http/Middleware/DispatchRoute.php(67): Flarum\Http\RouteHandlerFactory->Flarum\Http\{closure}(Object(Zend\Diactoros\ServerRequest), Array)
#26 /var/www/flarum/vendor/zendframework/zend-stratigility/src/Next.php(60): Flarum\Http\Middleware\DispatchRoute->process(Object(Zend\Diactoros\ServerRequest), Object(Closure))
#27 /var/www/flarum/vendor/flarum/core/src/Http/Middleware/ShareErrorsFromSession.php(58): Zend\Stratigility\Next->handle(Object(Zend\Diactoros\ServerRequest))
#28 /var/www/flarum/vendor/zendframework/zend-stratigility/src/Next.php(60): Flarum\Http\Middleware\ShareErrorsFromSession->process(Object(Zend\Diactoros\ServerRequest), Object(Zend\Stratigility\Next))
#29 /var/www/flarum/vendor/flarum/core/src/Http/Middleware/SetLocale.php(51): Zend\Stratigility\Next->handle(Object(Zend\Diactoros\ServerRequest))
#30 /var/www/flarum/vendor/zendframework/zend-stratigility/src/Next.php(60): Flarum\Http\Middleware\SetLocale->process(Object(Zend\Diactoros\ServerRequest), Object(Zend\Stratigility\Next))
#31 /var/www/flarum/vendor/flarum/core/src/Http/Middleware/CheckCsrfToken.php(25): Zend\Stratigility\Next->handle(Object(Zend\Diactoros\ServerRequest))
#32 /var/www/flarum/vendor/zendframework/zend-stratigility/src/Next.php(60): Flarum\Http\Middleware\CheckCsrfToken->process(Object(Zend\Diactoros\ServerRequest), Object(Zend\Stratigility\Next))
#33 /var/www/flarum/vendor/flarum/core/src/Http/Middleware/AuthenticateWithSession.php(34): Zend\Stratigility\Next->handle(Object(Zend\Diactoros\ServerRequest))
#34 /var/www/flarum/vendor/zendframework/zend-stratigility/src/Next.php(60): Flarum\Http\Middleware\AuthenticateWithSession->process(Object(Zend\Diactoros\ServerRequest), Object(Zend\Stratigility\Next))
#35 /var/www/flarum/vendor/flarum/core/src/Http/Middleware/RememberFromCookie.php(52): Zend\Stratigility\Next->handle(Object(Zend\Diactoros\ServerRequest))
#36 /var/www/flarum/vendor/zendframework/zend-stratigility/src/Next.php(60): Flarum\Http\Middleware\RememberFromCookie->process(Object(Zend\Diactoros\ServerRequest), Object(Zend\Stratigility\Next))
#37 /var/www/flarum/vendor/flarum/core/src/Http/Middleware/StartSession.php(62): Zend\Stratigility\Next->handle(Object(Zend\Diactoros\ServerRequest))
#38 /var/www/flarum/vendor/zendframework/zend-stratigility/src/Next.php(60): Flarum\Http\Middleware\StartSession->process(Object(Zend\Diactoros\ServerRequest), Object(Zend\Stratigility\Next))
#39 /var/www/flarum/vendor/flarum/core/src/Http/Middleware/CollectGarbage.php(48): Zend\Stratigility\Next->handle(Object(Zend\Diactoros\ServerRequest))
#40 /var/www/flarum/vendor/zendframework/zend-stratigility/src/Next.php(60): Flarum\Http\Middleware\CollectGarbage->process(Object(Zend\Diactoros\ServerRequest), Object(Zend\Stratigility\Next))
#41 /var/www/flarum/vendor/flarum/core/src/Http/Middleware/ParseJsonBody.php(29): Zend\Stratigility\Next->handle(Object(Zend\Diactoros\ServerRequest))
#42 /var/www/flarum/vendor/zendframework/zend-stratigility/src/Next.php(60): Flarum\Http\Middleware\ParseJsonBody->process(Object(Zend\Diactoros\ServerRequest), Object(Zend\Stratigility\Next))
#43 /var/www/flarum/vendor/flarum/core/src/Http/Middleware/HandleErrorsWithView.php(67): Zend\Stratigility\Next->handle(Object(Zend\Diactoros\ServerRequest))
#44 /var/www/flarum/vendor/zendframework/zend-stratigility/src/Next.php(60): Flarum\Http\Middleware\HandleErrorsWithView->process(Object(Zend\Diactoros\ServerRequest), Object(Zend\Stratigility\Next))
#45 /var/www/flarum/vendor/zendframework/zend-stratigility/src/MiddlewarePipe.php(83): Zend\Stratigility\Next->handle(Object(Zend\Diactoros\ServerRequest))
#46 /var/www/flarum/vendor/middlewares/request-handler/src/RequestHandler.php(84): Zend\Stratigility\MiddlewarePipe->process(Object(Zend\Diactoros\ServerRequest), Object(Zend\Stratigility\Next))
#47 /var/www/flarum/vendor/zendframework/zend-stratigility/src/Next.php(60): Middlewares\RequestHandler->process(Object(Zend\Diactoros\ServerRequest), Object(Zend\Stratigility\Next))
#48 /var/www/flarum/vendor/middlewares/base-path-router/src/BasePathRouter.php(97): Zend\Stratigility\Next->handle(Object(Zend\Diactoros\ServerRequest))
#49 /var/www/flarum/vendor/zendframework/zend-stratigility/src/Next.php(60): Middlewares\BasePathRouter->process(Object(Zend\Diactoros\ServerRequest), Object(Zend\Stratigility\Next))
#50 /var/www/flarum/vendor/zendframework/zend-stratigility/src/Middleware/OriginalMessages.php(41): Zend\Stratigility\Next->handle(Object(Zend\Diactoros\ServerRequest))
#51 /var/www/flarum/vendor/zendframework/zend-stratigility/src/Next.php(60): Zend\Stratigility\Middleware\OriginalMessages->process(Object(Zend\Diactoros\ServerRequest), Object(Zend\Stratigility\Next))
#52 /var/www/flarum/vendor/middlewares/base-path/src/BasePath.php(53): Zend\Stratigility\Next->handle(Object(Zend\Diactoros\ServerRequest))
#53 /var/www/flarum/vendor/zendframework/zend-stratigility/src/Next.php(60): Middlewares\BasePath->process(Object(Zend\Diactoros\ServerRequest), Object(Zend\Stratigility\Next))
#54 /var/www/flarum/vendor/zendframework/zend-stratigility/src/MiddlewarePipe.php(83): Zend\Stratigility\Next->handle(Object(Zend\Diactoros\ServerRequest))
#55 /var/www/flarum/vendor/zendframework/zend-stratigility/src/MiddlewarePipe.php(72): Zend\Stratigility\MiddlewarePipe->process(Object(Zend\Diactoros\ServerRequest), Object(Zend\Stratigility\EmptyPipelineHandler))
#56 /var/www/flarum/vendor/zendframework/zend-httphandlerrunner/src/RequestHandlerRunner.php(95): Zend\Stratigility\MiddlewarePipe->handle(Object(Zend\Diactoros\ServerRequest))
#57 /var/www/flarum/vendor/flarum/core/src/Http/Server.php(46): Zend\HttpHandlerRunner\RequestHandlerRunner->run()
#58 /var/www/flarum/public/index.php(23): Flarum\Http\Server->listen()
#59 {main}  
[2019-07-09 02:14:42] production.ERROR: RuntimeException: Class 's9e\TextFormatter\Plugins\BBcodes\Configurator' does not exist in /var/www/flarum/vendor/s9e/text-formatter/src/Configurator.php:8208
Stack trace:
#0 /var/www/flarum/vendor/s9e/text-formatter/src/Configurator.php(57): s9e\TextFormatter\Configurator\Collections\PluginCollection->load('BBcodes')
#1 /var/www/flarum/vendor/kvothe/reply-to-see/extend.php(27): s9e\TextFormatter\Configurator->__get('BBcodes')
#2 /var/www/flarum/vendor/flarum/core/src/Extend/Formatter.php(44): Flarum\Extension\Extension->Kvothe\ReplyToSee\{closure}(Object(s9e\TextFormatter\Configurator))
#3 /var/www/flarum/vendor/illuminate/events/Dispatcher.php(360): Flarum\Extend\Formatter->Flarum\Extend\{closure}(Object(Flarum\Formatter\Event\Configuring))
#4 /var/www/flarum/vendor/illuminate/events/Dispatcher.php(209): Illuminate\Events\Dispatcher->Illuminate\Events\{closure}('Flarum\\Formatte...', Array)
#5 /var/www/flarum/vendor/flarum/core/src/Formatter/Formatter.php(127): Illuminate\Events\Dispatcher->dispatch('Flarum\\Formatte...')
#6 /var/www/flarum/vendor/flarum/core/src/Formatter/Formatter.php(158): Flarum\Formatter\Formatter->getConfigurator()
#7 /var/www/flarum/vendor/illuminate/cache/Repository.php(375): Flarum\Formatter\Formatter->Flarum\Formatter\{closure}()
#8 /var/www/flarum/vendor/flarum/core/src/Formatter/Formatter.php(159): Illuminate\Cache\Repository->rememberForever('flarum.formatte...', Object(Closure))
#9 /var/www/flarum/vendor/flarum/core/src/Formatter/Formatter.php(202): Flarum\Formatter\Formatter->getComponent('js')
#10 /var/www/flarum/vendor/flarum/core/src/Forum/ForumServiceProvider.php(91): Flarum\Formatter\Formatter->getJs()
#11 [internal function]: Flarum\Forum\ForumServiceProvider->Flarum\Forum\{closure}()
#12 /var/www/flarum/vendor/flarum/core/src/Frontend/Compiler/Source/StringSource.php(37): call_user_func(Object(Closure))
#13 /var/www/flarum/vendor/flarum/core/src/Frontend/Compiler/Source/StringSource.php(48): Flarum\Frontend\Compiler\Source\StringSource->getContent()
#14 /var/www/flarum/vendor/flarum/core/src/Frontend/Compiler/RevisionCompiler.php(240): Flarum\Frontend\Compiler\Source\StringSource->getCacheDifferentiator()
#15 /var/www/flarum/vendor/flarum/core/src/Frontend/Compiler/RevisionCompiler.php(74): Flarum\Frontend\Compiler\RevisionCompiler->calculateRevision(Array)
#16 /var/www/flarum/vendor/flarum/core/src/Frontend/Content/Assets.php(60): Flarum\Frontend\Compiler\RevisionCompiler->commit()
#17 /var/www/flarum/vendor/flarum/core/src/Frontend/Content/Assets.php(50): Flarum\Frontend\Content\Assets->commit(Array)
#18 /var/www/flarum/vendor/flarum/core/src/Frontend/Frontend.php(65): Flarum\Frontend\Content\Assets->__invoke(Object(Flarum\Frontend\Document), Object(Zend\Diactoros\ServerRequest))
#19 /var/www/flarum/vendor/flarum/core/src/Frontend/Frontend.php(57): Flarum\Frontend\Frontend->populate(Object(Flarum\Frontend\Document), Object(Zend\Diactoros\ServerRequest))
#20 /var/www/flarum/vendor/flarum/core/src/Frontend/Controller.php(34): Flarum\Frontend\Frontend->document(Object(Zend\Diactoros\ServerRequest))
#21 /var/www/flarum/vendor/flarum/core/src/Http/RouteHandlerFactory.php(40): Flarum\Frontend\Controller->handle(Object(Zend\Diactoros\ServerRequest))
#22 /var/www/flarum/vendor/flarum/core/src/Http/Middleware/DispatchRoute.php(67): Flarum\Http\RouteHandlerFactory->Flarum\Http\{closure}(Object(Zend\Diactoros\ServerRequest), Array)
#23 /var/www/flarum/vendor/zendframework/zend-stratigility/src/Next.php(60): Flarum\Http\Middleware\DispatchRoute->process(Object(Zend\Diactoros\ServerRequest), Object(Closure))
#24 /var/www/flarum/vendor/flarum/core/src/Http/Middleware/ShareErrorsFromSession.php(58): Zend\Stratigility\Next->handle(Object(Zend\Diactoros\ServerRequest))
#25 /var/www/flarum/vendor/zendframework/zend-stratigility/src/Next.php(60): Flarum\Http\Middleware\ShareErrorsFromSession->process(Object(Zend\Diactoros\ServerRequest), Object(Zend\Stratigility\Next))
#26 /var/www/flarum/vendor/flarum/core/src/Http/Middleware/SetLocale.php(51): Zend\Stratigility\Next->handle(Object(Zend\Diactoros\ServerRequest))
#27 /var/www/flarum/vendor/zendframework/zend-stratigility/src/Next.php(60): Flarum\Http\Middleware\SetLocale->process(Object(Zend\Diactoros\ServerRequest), Object(Zend\Stratigility\Next))
#28 /var/www/flarum/vendor/flarum/core/src/Http/Middleware/CheckCsrfToken.php(25): Zend\Stratigility\Next->handle(Object(Zend\Diactoros\ServerRequest))
#29 /var/www/flarum/vendor/zendframework/zend-stratigility/src/Next.php(60): Flarum\Http\Middleware\CheckCsrfToken->process(Object(Zend\Diactoros\ServerRequest), Object(Zend\Stratigility\Next))
#30 /var/www/flarum/vendor/flarum/core/src/Http/Middleware/AuthenticateWithSession.php(34): Zend\Stratigility\Next->handle(Object(Zend\Diactoros\ServerRequest))
#31 /var/www/flarum/vendor/zendframework/zend-stratigility/src/Next.php(60): Flarum\Http\Middleware\AuthenticateWithSession->process(Object(Zend\Diactoros\ServerRequest), Object(Zend\Stratigility\Next))
#32 /var/www/flarum/vendor/flarum/core/src/Http/Middleware/RememberFromCookie.php(52): Zend\Stratigility\Next->handle(Object(Zend\Diactoros\ServerRequest))
#33 /var/www/flarum/vendor/zendframework/zend-stratigility/src/Next.php(60): Flarum\Http\Middleware\RememberFromCookie->process(Object(Zend\Diactoros\ServerRequest), Object(Zend\Stratigility\Next))
#34 /var/www/flarum/vendor/flarum/core/src/Http/Middleware/StartSession.php(62): Zend\Stratigility\Next->handle(Object(Zend\Diactoros\ServerRequest))
#35 /var/www/flarum/vendor/zendframework/zend-stratigility/src/Next.php(60): Flarum\Http\Middleware\StartSession->process(Object(Zend\Diactoros\ServerRequest), Object(Zend\Stratigility\Next))
#36 /var/www/flarum/vendor/flarum/core/src/Http/Middleware/CollectGarbage.php(48): Zend\Stratigility\Next->handle(Object(Zend\Diactoros\ServerRequest))
#37 /var/www/flarum/vendor/zendframework/zend-stratigility/src/Next.php(60): Flarum\Http\Middleware\CollectGarbage->process(Object(Zend\Diactoros\ServerRequest), Object(Zend\Stratigility\Next))
#38 /var/www/flarum/vendor/flarum/core/src/Http/Middleware/ParseJsonBody.php(29): Zend\Stratigility\Next->handle(Object(Zend\Diactoros\ServerRequest))
#39 /var/www/flarum/vendor/zendframework/zend-stratigility/src/Next.php(60): Flarum\Http\Middleware\ParseJsonBody->process(Object(Zend\Diactoros\ServerRequest), Object(Zend\Stratigility\Next))
#40 /var/www/flarum/vendor/flarum/core/src/Http/Middleware/HandleErrorsWithWhoops.php(43): Zend\Stratigility\Next->handle(Object(Zend\Diactoros\ServerRequest))
#41 /var/www/flarum/vendor/zendframework/zend-stratigility/src/Next.php(60): Flarum\Http\Middleware\HandleErrorsWithWhoops->process(Object(Zend\Diactoros\ServerRequest), Object(Zend\Stratigility\Next))
#42 /var/www/flarum/vendor/zendframework/zend-stratigility/src/MiddlewarePipe.php(83): Zend\Stratigility\Next->handle(Object(Zend\Diactoros\ServerRequest))
#43 /var/www/flarum/vendor/middlewares/request-handler/src/RequestHandler.php(84): Zend\Stratigility\MiddlewarePipe->process(Object(Zend\Diactoros\ServerRequest), Object(Zend\Stratigility\Next))
#44 /var/www/flarum/vendor/zendframework/zend-stratigility/src/Next.php(60): Middlewares\RequestHandler->process(Object(Zend\Diactoros\ServerRequest), Object(Zend\Stratigility\Next))
#45 /var/www/flarum/vendor/middlewares/base-path-router/src/BasePathRouter.php(97): Zend\Stratigility\Next->handle(Object(Zend\Diactoros\ServerRequest))
#46 /var/www/flarum/vendor/zendframework/zend-stratigility/src/Next.php(60): Middlewares\BasePathRouter->process(Object(Zend\Diactoros\ServerRequest), Object(Zend\Stratigility\Next))
#47 /var/www/flarum/vendor/zendframework/zend-stratigility/src/Middleware/OriginalMessages.php(41): Zend\Stratigility\Next->handle(Object(Zend\Diactoros\ServerRequest))
#48 /var/www/flarum/vendor/zendframework/zend-stratigility/src/Next.php(60): Zend\Stratigility\Middleware\OriginalMessages->process(Object(Zend\Diactoros\ServerRequest), Object(Zend\Stratigility\Next))
#49 /var/www/flarum/vendor/middlewares/base-path/src/BasePath.php(53): Zend\Stratigility\Next->handle(Object(Zend\Diactoros\ServerRequest))
#50 /var/www/flarum/vendor/zendframework/zend-stratigility/src/Next.php(60): Middlewares\BasePath->process(Object(Zend\Diactoros\ServerRequest), Object(Zend\Stratigility\Next))
#51 /var/www/flarum/vendor/zendframework/zend-stratigility/src/MiddlewarePipe.php(83): Zend\Stratigility\Next->handle(Object(Zend\Diactoros\ServerRequest))
#52 /var/www/flarum/vendor/zendframework/zend-stratigility/src/MiddlewarePipe.php(72): Zend\Stratigility\MiddlewarePipe->process(Object(Zend\Diactoros\ServerRequest), Object(Zend\Stratigility\EmptyPipelineHandler))
#53 /var/www/flarum/vendor/zendframework/zend-httphandlerrunner/src/RequestHandlerRunner.php(95): Zend\Stratigility\MiddlewarePipe->handle(Object(Zend\Diactoros\ServerRequest))
#54 /var/www/flarum/vendor/flarum/core/src/Http/Server.php(46): Zend\HttpHandlerRunner\RequestHandlerRunner->run()
#55 /var/www/flarum/public/index.php(23): Flarum\Http\Server->listen()
#56 {main}  
[2019-07-09 02:14:43] production.ERROR: RuntimeException: Class 's9e\TextFormatter\Plugins\BBcodes\Configurator' does not exist in /var/www/flarum/vendor/s9e/text-formatter/src/Configurator.php:8208
Stack trace:
#0 /var/www/flarum/vendor/s9e/text-formatter/src/Configurator.php(57): s9e\TextFormatter\Configurator\Collections\PluginCollection->load('BBcodes')
#1 /var/www/flarum/vendor/kvothe/reply-to-see/extend.php(27): s9e\TextFormatter\Configurator->__get('BBcodes')
#2 /var/www/flarum/vendor/flarum/core/src/Extend/Formatter.php(44): Flarum\Extension\Extension->Kvothe\ReplyToSee\{closure}(Object(s9e\TextFormatter\Configurator))
#3 /var/www/flarum/vendor/illuminate/events/Dispatcher.php(360): Flarum\Extend\Formatter->Flarum\Extend\{closure}(Object(Flarum\Formatter\Event\Configuring))
#4 /var/www/flarum/vendor/illuminate/events/Dispatcher.php(209): Illuminate\Events\Dispatcher->Illuminate\Events\{closure}('Flarum\\Formatte...', Array)
#5 /var/www/flarum/vendor/flarum/core/src/Formatter/Formatter.php(127): Illuminate\Events\Dispatcher->dispatch('Flarum\\Formatte...')
#6 /var/www/flarum/vendor/flarum/core/src/Formatter/Formatter.php(158): Flarum\Formatter\Formatter->getConfigurator()
#7 /var/www/flarum/vendor/illuminate/cache/Repository.php(375): Flarum\Formatter\Formatter->Flarum\Formatter\{closure}()
#8 /var/www/flarum/vendor/flarum/core/src/Formatter/Formatter.php(159): Illuminate\Cache\Repository->rememberForever('flarum.formatte...', Object(Closure))
#9 /var/www/flarum/vendor/flarum/core/src/Formatter/Formatter.php(202): Flarum\Formatter\Formatter->getComponent('js')
#10 /var/www/flarum/vendor/flarum/core/src/Forum/ForumServiceProvider.php(91): Flarum\Formatter\Formatter->getJs()
#11 [internal function]: Flarum\Forum\ForumServiceProvider->Flarum\Forum\{closure}()
#12 /var/www/flarum/vendor/flarum/core/src/Frontend/Compiler/Source/StringSource.php(37): call_user_func(Object(Closure))
#13 /var/www/flarum/vendor/flarum/core/src/Frontend/Compiler/Source/StringSource.php(48): Flarum\Frontend\Compiler\Source\StringSource->getContent()
#14 /var/www/flarum/vendor/flarum/core/src/Frontend/Compiler/RevisionCompiler.php(240): Flarum\Frontend\Compiler\Source\StringSource->getCacheDifferentiator()
#15 /var/www/flarum/vendor/flarum/core/src/Frontend/Compiler/RevisionCompiler.php(74): Flarum\Frontend\Compiler\RevisionCompiler->calculateRevision(Array)
#16 /var/www/flarum/vendor/flarum/core/src/Frontend/Content/Assets.php(60): Flarum\Frontend\Compiler\RevisionCompiler->commit()
#17 /var/www/flarum/vendor/flarum/core/src/Frontend/Content/Assets.php(50): Flarum\Frontend\Content\Assets->commit(Array)
#18 /var/www/flarum/vendor/flarum/core/src/Frontend/Frontend.php(65): Flarum\Frontend\Content\Assets->__invoke(Object(Flarum\Frontend\Document), Object(Zend\Diactoros\ServerRequest))
#19 /var/www/flarum/vendor/flarum/core/src/Frontend/Frontend.php(57): Flarum\Frontend\Frontend->populate(Object(Flarum\Frontend\Document), Object(Zend\Diactoros\ServerRequest))
#20 /var/www/flarum/vendor/flarum/core/src/Frontend/Controller.php(34): Flarum\Frontend\Frontend->document(Object(Zend\Diactoros\ServerRequest))
#21 /var/www/flarum/vendor/flarum/core/src/Http/RouteHandlerFactory.php(40): Flarum\Frontend\Controller->handle(Object(Zend\Diactoros\ServerRequest))
#22 /var/www/flarum/vendor/flarum/core/src/Http/Middleware/DispatchRoute.php(67): Flarum\Http\RouteHandlerFactory->Flarum\Http\{closure}(Object(Zend\Diactoros\ServerRequest), Array)
#23 /var/www/flarum/vendor/zendframework/zend-stratigility/src/Next.php(60): Flarum\Http\Middleware\DispatchRoute->process(Object(Zend\Diactoros\ServerRequest), Object(Closure))
#24 /var/www/flarum/vendor/flarum/core/src/Http/Middleware/ShareErrorsFromSession.php(58): Zend\Stratigility\Next->handle(Object(Zend\Diactoros\ServerRequest))
#25 /var/www/flarum/vendor/zendframework/zend-stratigility/src/Next.php(60): Flarum\Http\Middleware\ShareErrorsFromSession->process(Object(Zend\Diactoros\ServerRequest), Object(Zend\Stratigility\Next))
#26 /var/www/flarum/vendor/flarum/core/src/Http/Middleware/SetLocale.php(51): Zend\Stratigility\Next->handle(Object(Zend\Diactoros\ServerRequest))
#27 /var/www/flarum/vendor/zendframework/zend-stratigility/src/Next.php(60): Flarum\Http\Middleware\SetLocale->process(Object(Zend\Diactoros\ServerRequest), Object(Zend\Stratigility\Next))
#28 /var/www/flarum/vendor/flarum/core/src/Http/Middleware/CheckCsrfToken.php(25): Zend\Stratigility\Next->handle(Object(Zend\Diactoros\ServerRequest))
#29 /var/www/flarum/vendor/zendframework/zend-stratigility/src/Next.php(60): Flarum\Http\Middleware\CheckCsrfToken->process(Object(Zend\Diactoros\ServerRequest), Object(Zend\Stratigility\Next))
#30 /var/www/flarum/vendor/flarum/core/src/Http/Middleware/AuthenticateWithSession.php(34): Zend\Stratigility\Next->handle(Object(Zend\Diactoros\ServerRequest))
#31 /var/www/flarum/vendor/zendframework/zend-stratigility/src/Next.php(60): Flarum\Http\Middleware\AuthenticateWithSession->process(Object(Zend\Diactoros\ServerRequest), Object(Zend\Stratigility\Next))
#32 /var/www/flarum/vendor/flarum/core/src/Http/Middleware/RememberFromCookie.php(52): Zend\Stratigility\Next->handle(Object(Zend\Diactoros\ServerRequest))
#33 /var/www/flarum/vendor/zendframework/zend-stratigility/src/Next.php(60): Flarum\Http\Middleware\RememberFromCookie->process(Object(Zend\Diactoros\ServerRequest), Object(Zend\Stratigility\Next))
#34 /var/www/flarum/vendor/flarum/core/src/Http/Middleware/StartSession.php(62): Zend\Stratigility\Next->handle(Object(Zend\Diactoros\ServerRequest))
#35 /var/www/flarum/vendor/zendframework/zend-stratigility/src/Next.php(60): Flarum\Http\Middleware\StartSession->process(Object(Zend\Diactoros\ServerRequest), Object(Zend\Stratigility\Next))
#36 /var/www/flarum/vendor/flarum/core/src/Http/Middleware/CollectGarbage.php(48): Zend\Stratigility\Next->handle(Object(Zend\Diactoros\ServerRequest))
#37 /var/www/flarum/vendor/zendframework/zend-stratigility/src/Next.php(60): Flarum\Http\Middleware\CollectGarbage->process(Object(Zend\Diactoros\ServerRequest), Object(Zend\Stratigility\Next))
#38 /var/www/flarum/vendor/flarum/core/src/Http/Middleware/ParseJsonBody.php(29): Zend\Stratigility\Next->handle(Object(Zend\Diactoros\ServerRequest))
#39 /var/www/flarum/vendor/zendframework/zend-stratigility/src/Next.php(60): Flarum\Http\Middleware\ParseJsonBody->process(Object(Zend\Diactoros\ServerRequest), Object(Zend\Stratigility\Next))
#40 /var/www/flarum/vendor/flarum/core/src/Http/Middleware/HandleErrorsWithWhoops.php(43): Zend\Stratigility\Next->handle(Object(Zend\Diactoros\ServerRequest))
#41 /var/www/flarum/vendor/zendframework/zend-stratigility/src/Next.php(60): Flarum\Http\Middleware\HandleErrorsWithWhoops->process(Object(Zend\Diactoros\ServerRequest), Object(Zend\Stratigility\Next))
#42 /var/www/flarum/vendor/zendframework/zend-stratigility/src/MiddlewarePipe.php(83): Zend\Stratigility\Next->handle(Object(Zend\Diactoros\ServerRequest))
#43 /var/www/flarum/vendor/middlewares/request-handler/src/RequestHandler.php(84): Zend\Stratigility\MiddlewarePipe->process(Object(Zend\Diactoros\ServerRequest), Object(Zend\Stratigility\Next))
#44 /var/www/flarum/vendor/zendframework/zend-stratigility/src/Next.php(60): Middlewares\RequestHandler->process(Object(Zend\Diactoros\ServerRequest), Object(Zend\Stratigility\Next))
#45 /var/www/flarum/vendor/middlewares/base-path-router/src/BasePathRouter.php(97): Zend\Stratigility\Next->handle(Object(Zend\Diactoros\ServerRequest))
#46 /var/www/flarum/vendor/zendframework/zend-stratigility/src/Next.php(60): Middlewares\BasePathRouter->process(Object(Zend\Diactoros\ServerRequest), Object(Zend\Stratigility\Next))
#47 /var/www/flarum/vendor/zendframework/zend-stratigility/src/Middleware/OriginalMessages.php(41): Zend\Stratigility\Next->handle(Object(Zend\Diactoros\ServerRequest))
#48 /var/www/flarum/vendor/zendframework/zend-stratigility/src/Next.php(60): Zend\Stratigility\Middleware\OriginalMessages->process(Object(Zend\Diactoros\ServerRequest), Object(Zend\Stratigility\Next))
#49 /var/www/flarum/vendor/middlewares/base-path/src/BasePath.php(53): Zend\Stratigility\Next->handle(Object(Zend\Diactoros\ServerRequest))
#50 /var/www/flarum/vendor/zendframework/zend-stratigility/src/Next.php(60): Middlewares\BasePath->process(Object(Zend\Diactoros\ServerRequest), Object(Zend\Stratigility\Next))
#51 /var/www/flarum/vendor/zendframework/zend-stratigility/src/MiddlewarePipe.php(83): Zend\Stratigility\Next->handle(Object(Zend\Diactoros\ServerRequest))
#52 /var/www/flarum/vendor/zendframework/zend-stratigility/src/MiddlewarePipe.php(72): Zend\Stratigility\MiddlewarePipe->process(Object(Zend\Diactoros\ServerRequest), Object(Zend\Stratigility\EmptyPipelineHandler))
#53 /var/www/flarum/vendor/zendframework/zend-httphandlerrunner/src/RequestHandlerRunner.php(95): Zend\Stratigility\MiddlewarePipe->handle(Object(Zend\Diactoros\ServerRequest))
#54 /var/www/flarum/vendor/flarum/core/src/Http/Server.php(46): Zend\HttpHandlerRunner\RequestHandlerRunner->run()
#55 /var/www/flarum/public/index.php(23): Flarum\Http\Server->listen()
#56 {main}  
[2019-07-09 02:16:22] production.ERROR: RuntimeException: Class 's9e\TextFormatter\Plugins\BBcodes\Configurator' does not exist in /var/www/flarum/vendor/s9e/text-formatter/src/Configurator.php:8208
Stack trace:
#0 /var/www/flarum/vendor/s9e/text-formatter/src/Configurator.php(57): s9e\TextFormatter\Configurator\Collections\PluginCollection->load('BBcodes')
#1 /var/www/flarum/vendor/kvothe/reply-to-see/extend.php(27): s9e\TextFormatter\Configurator->__get('BBcodes')
#2 /var/www/flarum/vendor/flarum/core/src/Extend/Formatter.php(44): Flarum\Extension\Extension->Kvothe\ReplyToSee\{closure}(Object(s9e\TextFormatter\Configurator))
#3 /var/www/flarum/vendor/illuminate/events/Dispatcher.php(360): Flarum\Extend\Formatter->Flarum\Extend\{closure}(Object(Flarum\Formatter\Event\Configuring))
#4 /var/www/flarum/vendor/illuminate/events/Dispatcher.php(209): Illuminate\Events\Dispatcher->Illuminate\Events\{closure}('Flarum\\Formatte...', Array)
#5 /var/www/flarum/vendor/flarum/core/src/Formatter/Formatter.php(127): Illuminate\Events\Dispatcher->dispatch('Flarum\\Formatte...')
#6 /var/www/flarum/vendor/flarum/core/src/Formatter/Formatter.php(158): Flarum\Formatter\Formatter->getConfigurator()
#7 /var/www/flarum/vendor/illuminate/cache/Repository.php(375): Flarum\Formatter\Formatter->Flarum\Formatter\{closure}()
#8 /var/www/flarum/vendor/flarum/core/src/Formatter/Formatter.php(159): Illuminate\Cache\Repository->rememberForever('flarum.formatte...', Object(Closure))
#9 /var/www/flarum/vendor/flarum/core/src/Formatter/Formatter.php(202): Flarum\Formatter\Formatter->getComponent('js')
#10 /var/www/flarum/vendor/flarum/core/src/Forum/ForumServiceProvider.php(91): Flarum\Formatter\Formatter->getJs()
#11 [internal function]: Flarum\Forum\ForumServiceProvider->Flarum\Forum\{closure}()
#12 /var/www/flarum/vendor/flarum/core/src/Frontend/Compiler/Source/StringSource.php(37): call_user_func(Object(Closure))
#13 /var/www/flarum/vendor/flarum/core/src/Frontend/Compiler/Source/StringSource.php(48): Flarum\Frontend\Compiler\Source\StringSource->getContent()
#14 /var/www/flarum/vendor/flarum/core/src/Frontend/Compiler/RevisionCompiler.php(240): Flarum\Frontend\Compiler\Source\StringSource->getCacheDifferentiator()
#15 /var/www/flarum/vendor/flarum/core/src/Frontend/Compiler/RevisionCompiler.php(74): Flarum\Frontend\Compiler\RevisionCompiler->calculateRevision(Array)
#16 /var/www/flarum/vendor/flarum/core/src/Frontend/Content/Assets.php(60): Flarum\Frontend\Compiler\RevisionCompiler->commit()
#17 /var/www/flarum/vendor/flarum/core/src/Frontend/Content/Assets.php(50): Flarum\Frontend\Content\Assets->commit(Array)
#18 /var/www/flarum/vendor/flarum/core/src/Frontend/Frontend.php(65): Flarum\Frontend\Content\Assets->__invoke(Object(Flarum\Frontend\Document), Object(Zend\Diactoros\ServerRequest))
#19 /var/www/flarum/vendor/flarum/core/src/Frontend/Frontend.php(57): Flarum\Frontend\Frontend->populate(Object(Flarum\Frontend\Document), Object(Zend\Diactoros\ServerRequest))
#20 /var/www/flarum/vendor/flarum/core/src/Frontend/Controller.php(34): Flarum\Frontend\Frontend->document(Object(Zend\Diactoros\ServerRequest))
#21 /var/www/flarum/vendor/flarum/core/src/Http/RouteHandlerFactory.php(40): Flarum\Frontend\Controller->handle(Object(Zend\Diactoros\ServerRequest))
#22 /var/www/flarum/vendor/flarum/core/src/Http/Middleware/DispatchRoute.php(67): Flarum\Http\RouteHandlerFactory->Flarum\Http\{closure}(Object(Zend\Diactoros\ServerRequest), Array)
#23 /var/www/flarum/vendor/zendframework/zend-stratigility/src/Next.php(60): Flarum\Http\Middleware\DispatchRoute->process(Object(Zend\Diactoros\ServerRequest), Object(Closure))
#24 /var/www/flarum/vendor/flarum/core/src/Http/Middleware/ShareErrorsFromSession.php(58): Zend\Stratigility\Next->handle(Object(Zend\Diactoros\ServerRequest))
#25 /var/www/flarum/vendor/zendframework/zend-stratigility/src/Next.php(60): Flarum\Http\Middleware\ShareErrorsFromSession->process(Object(Zend\Diactoros\ServerRequest), Object(Zend\Stratigility\Next))
#26 /var/www/flarum/vendor/flarum/core/src/Http/Middleware/SetLocale.php(51): Zend\Stratigility\Next->handle(Object(Zend\Diactoros\ServerRequest))
#27 /var/www/flarum/vendor/zendframework/zend-stratigility/src/Next.php(60): Flarum\Http\Middleware\SetLocale->process(Object(Zend\Diactoros\ServerRequest), Object(Zend\Stratigility\Next))
#28 /var/www/flarum/vendor/flarum/core/src/Http/Middleware/CheckCsrfToken.php(25): Zend\Stratigility\Next->handle(Object(Zend\Diactoros\ServerRequest))
#29 /var/www/flarum/vendor/zendframework/zend-stratigility/src/Next.php(60): Flarum\Http\Middleware\CheckCsrfToken->process(Object(Zend\Diactoros\ServerRequest), Object(Zend\Stratigility\Next))
#30 /var/www/flarum/vendor/flarum/core/src/Http/Middleware/AuthenticateWithSession.php(34): Zend\Stratigility\Next->handle(Object(Zend\Diactoros\ServerRequest))
#31 /var/www/flarum/vendor/zendframework/zend-stratigility/src/Next.php(60): Flarum\Http\Middleware\AuthenticateWithSession->process(Object(Zend\Diactoros\ServerRequest), Object(Zend\Stratigility\Next))
#32 /var/www/flarum/vendor/flarum/core/src/Http/Middleware/RememberFromCookie.php(52): Zend\Stratigility\Next->handle(Object(Zend\Diactoros\ServerRequest))
#33 /var/www/flarum/vendor/zendframework/zend-stratigility/src/Next.php(60): Flarum\Http\Middleware\RememberFromCookie->process(Object(Zend\Diactoros\ServerRequest), Object(Zend\Stratigility\Next))
#34 /var/www/flarum/vendor/flarum/core/src/Http/Middleware/StartSession.php(62): Zend\Stratigility\Next->handle(Object(Zend\Diactoros\ServerRequest))
#35 /var/www/flarum/vendor/zendframework/zend-stratigility/src/Next.php(60): Flarum\Http\Middleware\StartSession->process(Object(Zend\Diactoros\ServerRequest), Object(Zend\Stratigility\Next))
#36 /var/www/flarum/vendor/flarum/core/src/Http/Middleware/CollectGarbage.php(48): Zend\Stratigility\Next->handle(Object(Zend\Diactoros\ServerRequest))
#37 /var/www/flarum/vendor/zendframework/zend-stratigility/src/Next.php(60): Flarum\Http\Middleware\CollectGarbage->process(Object(Zend\Diactoros\ServerRequest), Object(Zend\Stratigility\Next))
#38 /var/www/flarum/vendor/flarum/core/src/Http/Middleware/ParseJsonBody.php(29): Zend\Stratigility\Next->handle(Object(Zend\Diactoros\ServerRequest))
#39 /var/www/flarum/vendor/zendframework/zend-stratigility/src/Next.php(60): Flarum\Http\Middleware\ParseJsonBody->process(Object(Zend\Diactoros\ServerRequest), Object(Zend\Stratigility\Next))
#40 /var/www/flarum/vendor/flarum/core/src/Http/Middleware/HandleErrorsWithWhoops.php(43): Zend\Stratigility\Next->handle(Object(Zend\Diactoros\ServerRequest))
#41 /var/www/flarum/vendor/zendframework/zend-stratigility/src/Next.php(60): Flarum\Http\Middleware\HandleErrorsWithWhoops->process(Object(Zend\Diactoros\ServerRequest), Object(Zend\Stratigility\Next))
#42 /var/www/flarum/vendor/zendframework/zend-stratigility/src/MiddlewarePipe.php(83): Zend\Stratigility\Next->handle(Object(Zend\Diactoros\ServerRequest))
#43 /var/www/flarum/vendor/middlewares/request-handler/src/RequestHandler.php(84): Zend\Stratigility\MiddlewarePipe->process(Object(Zend\Diactoros\ServerRequest), Object(Zend\Stratigility\Next))
#44 /var/www/flarum/vendor/zendframework/zend-stratigility/src/Next.php(60): Middlewares\RequestHandler->process(Object(Zend\Diactoros\ServerRequest), Object(Zend\Stratigility\Next))
#45 /var/www/flarum/vendor/middlewares/base-path-router/src/BasePathRouter.php(97): Zend\Stratigility\Next->handle(Object(Zend\Diactoros\ServerRequest))
#46 /var/www/flarum/vendor/zendframework/zend-stratigility/src/Next.php(60): Middlewares\BasePathRouter->process(Object(Zend\Diactoros\ServerRequest), Object(Zend\Stratigility\Next))
#47 /var/www/flarum/vendor/zendframework/zend-stratigility/src/Middleware/OriginalMessages.php(41): Zend\Stratigility\Next->handle(Object(Zend\Diactoros\ServerRequest))
#48 /var/www/flarum/vendor/zendframework/zend-stratigility/src/Next.php(60): Zend\Stratigility\Middleware\OriginalMessages->process(Object(Zend\Diactoros\ServerRequest), Object(Zend\Stratigility\Next))
#49 /var/www/flarum/vendor/middlewares/base-path/src/BasePath.php(53): Zend\Stratigility\Next->handle(Object(Zend\Diactoros\ServerRequest))
#50 /var/www/flarum/vendor/zendframework/zend-stratigility/src/Next.php(60): Middlewares\BasePath->process(Object(Zend\Diactoros\ServerRequest), Object(Zend\Stratigility\Next))
#51 /var/www/flarum/vendor/zendframework/zend-stratigility/src/MiddlewarePipe.php(83): Zend\Stratigility\Next->handle(Object(Zend\Diactoros\ServerRequest))
#52 /var/www/flarum/vendor/zendframework/zend-stratigility/src/MiddlewarePipe.php(72): Zend\Stratigility\MiddlewarePipe->process(Object(Zend\Diactoros\ServerRequest), Object(Zend\Stratigility\EmptyPipelineHandler))
#53 /var/www/flarum/vendor/zendframework/zend-httphandlerrunner/src/RequestHandlerRunner.php(95): Zend\Stratigility\MiddlewarePipe->handle(Object(Zend\Diactoros\ServerRequest))
#54 /var/www/flarum/vendor/flarum/core/src/Http/Server.php(46): Zend\HttpHandlerRunner\RequestHandlerRunner->run()
#55 /var/www/flarum/public/index.php(23): Flarum\Http\Server->listen()
#56 {main}  
[2019-07-09 02:16:24] production.ERROR: RuntimeException: Class 's9e\TextFormatter\Plugins\BBcodes\Configurator' does not exist in /var/www/flarum/vendor/s9e/text-formatter/src/Configurator.php:8208
Stack trace:
#0 /var/www/flarum/vendor/s9e/text-formatter/src/Configurator.php(57): s9e\TextFormatter\Configurator\Collections\PluginCollection->load('BBcodes')
#1 /var/www/flarum/vendor/kvothe/reply-to-see/extend.php(27): s9e\TextFormatter\Configurator->__get('BBcodes')
#2 /var/www/flarum/vendor/flarum/core/src/Extend/Formatter.php(44): Flarum\Extension\Extension->Kvothe\ReplyToSee\{closure}(Object(s9e\TextFormatter\Configurator))
#3 /var/www/flarum/vendor/illuminate/events/Dispatcher.php(360): Flarum\Extend\Formatter->Flarum\Extend\{closure}(Object(Flarum\Formatter\Event\Configuring))
#4 /var/www/flarum/vendor/illuminate/events/Dispatcher.php(209): Illuminate\Events\Dispatcher->Illuminate\Events\{closure}('Flarum\\Formatte...', Array)
#5 /var/www/flarum/vendor/flarum/core/src/Formatter/Formatter.php(127): Illuminate\Events\Dispatcher->dispatch('Flarum\\Formatte...')
#6 /var/www/flarum/vendor/flarum/core/src/Formatter/Formatter.php(158): Flarum\Formatter\Formatter->getConfigurator()
#7 /var/www/flarum/vendor/illuminate/cache/Repository.php(375): Flarum\Formatter\Formatter->Flarum\Formatter\{closure}()
#8 /var/www/flarum/vendor/flarum/core/src/Formatter/Formatter.php(159): Illuminate\Cache\Repository->rememberForever('flarum.formatte...', Object(Closure))
#9 /var/www/flarum/vendor/flarum/core/src/Formatter/Formatter.php(202): Flarum\Formatter\Formatter->getComponent('js')
#10 /var/www/flarum/vendor/flarum/core/src/Forum/ForumServiceProvider.php(91): Flarum\Formatter\Formatter->getJs()
#11 [internal function]: Flarum\Forum\ForumServiceProvider->Flarum\Forum\{closure}()
#12 /var/www/flarum/vendor/flarum/core/src/Frontend/Compiler/Source/StringSource.php(37): call_user_func(Object(Closure))
#13 /var/www/flarum/vendor/flarum/core/src/Frontend/Compiler/Source/StringSource.php(48): Flarum\Frontend\Compiler\Source\StringSource->getContent()
#14 /var/www/flarum/vendor/flarum/core/src/Frontend/Compiler/RevisionCompiler.php(240): Flarum\Frontend\Compiler\Source\StringSource->getCacheDifferentiator()
#15 /var/www/flarum/vendor/flarum/core/src/Frontend/Compiler/RevisionCompiler.php(74): Flarum\Frontend\Compiler\RevisionCompiler->calculateRevision(Array)
#16 /var/www/flarum/vendor/flarum/core/src/Frontend/Content/Assets.php(60): Flarum\Frontend\Compiler\RevisionCompiler->commit()
#17 /var/www/flarum/vendor/flarum/core/src/Frontend/Content/Assets.php(50): Flarum\Frontend\Content\Assets->commit(Array)
#18 /var/www/flarum/vendor/flarum/core/src/Frontend/Frontend.php(65): Flarum\Frontend\Content\Assets->__invoke(Object(Flarum\Frontend\Document), Object(Zend\Diactoros\ServerRequest))
#19 /var/www/flarum/vendor/flarum/core/src/Frontend/Frontend.php(57): Flarum\Frontend\Frontend->populate(Object(Flarum\Frontend\Document), Object(Zend\Diactoros\ServerRequest))
#20 /var/www/flarum/vendor/flarum/core/src/Frontend/Controller.php(34): Flarum\Frontend\Frontend->document(Object(Zend\Diactoros\ServerRequest))
#21 /var/www/flarum/vendor/flarum/core/src/Http/RouteHandlerFactory.php(40): Flarum\Frontend\Controller->handle(Object(Zend\Diactoros\ServerRequest))
#22 /var/www/flarum/vendor/flarum/core/src/Http/Middleware/DispatchRoute.php(67): Flarum\Http\RouteHandlerFactory->Flarum\Http\{closure}(Object(Zend\Diactoros\ServerRequest), Array)
#23 /var/www/flarum/vendor/zendframework/zend-stratigility/src/Next.php(60): Flarum\Http\Middleware\DispatchRoute->process(Object(Zend\Diactoros\ServerRequest), Object(Closure))
#24 /var/www/flarum/vendor/flarum/core/src/Http/Middleware/ShareErrorsFromSession.php(58): Zend\Stratigility\Next->handle(Object(Zend\Diactoros\ServerRequest))
#25 /var/www/flarum/vendor/zendframework/zend-stratigility/src/Next.php(60): Flarum\Http\Middleware\ShareErrorsFromSession->process(Object(Zend\Diactoros\ServerRequest), Object(Zend\Stratigility\Next))
#26 /var/www/flarum/vendor/flarum/core/src/Http/Middleware/SetLocale.php(51): Zend\Stratigility\Next->handle(Object(Zend\Diactoros\ServerRequest))
#27 /var/www/flarum/vendor/zendframework/zend-stratigility/src/Next.php(60): Flarum\Http\Middleware\SetLocale->process(Object(Zend\Diactoros\ServerRequest), Object(Zend\Stratigility\Next))
#28 /var/www/flarum/vendor/flarum/core/src/Http/Middleware/CheckCsrfToken.php(25): Zend\Stratigility\Next->handle(Object(Zend\Diactoros\ServerRequest))
#29 /var/www/flarum/vendor/zendframework/zend-stratigility/src/Next.php(60): Flarum\Http\Middleware\CheckCsrfToken->process(Object(Zend\Diactoros\ServerRequest), Object(Zend\Stratigility\Next))
#30 /var/www/flarum/vendor/flarum/core/src/Http/Middleware/AuthenticateWithSession.php(34): Zend\Stratigility\Next->handle(Object(Zend\Diactoros\ServerRequest))
#31 /var/www/flarum/vendor/zendframework/zend-stratigility/src/Next.php(60): Flarum\Http\Middleware\AuthenticateWithSession->process(Object(Zend\Diactoros\ServerRequest), Object(Zend\Stratigility\Next))
#32 /var/www/flarum/vendor/flarum/core/src/Http/Middleware/RememberFromCookie.php(52): Zend\Stratigility\Next->handle(Object(Zend\Diactoros\ServerRequest))
#33 /var/www/flarum/vendor/zendframework/zend-stratigility/src/Next.php(60): Flarum\Http\Middleware\RememberFromCookie->process(Object(Zend\Diactoros\ServerRequest), Object(Zend\Stratigility\Next))
#34 /var/www/flarum/vendor/flarum/core/src/Http/Middleware/StartSession.php(62): Zend\Stratigility\Next->handle(Object(Zend\Diactoros\ServerRequest))
#35 /var/www/flarum/vendor/zendframework/zend-stratigility/src/Next.php(60): Flarum\Http\Middleware\StartSession->process(Object(Zend\Diactoros\ServerRequest), Object(Zend\Stratigility\Next))
#36 /var/www/flarum/vendor/flarum/core/src/Http/Middleware/CollectGarbage.php(48): Zend\Stratigility\Next->handle(Object(Zend\Diactoros\ServerRequest))
#37 /var/www/flarum/vendor/zendframework/zend-stratigility/src/Next.php(60): Flarum\Http\Middleware\CollectGarbage->process(Object(Zend\Diactoros\ServerRequest), Object(Zend\Stratigility\Next))
#38 /var/www/flarum/vendor/flarum/core/src/Http/Middleware/ParseJsonBody.php(29): Zend\Stratigility\Next->handle(Object(Zend\Diactoros\ServerRequest))
#39 /var/www/flarum/vendor/zendframework/zend-stratigility/src/Next.php(60): Flarum\Http\Middleware\ParseJsonBody->process(Object(Zend\Diactoros\ServerRequest), Object(Zend\Stratigility\Next))
#40 /var/www/flarum/vendor/flarum/core/src/Http/Middleware/HandleErrorsWithWhoops.php(43): Zend\Stratigility\Next->handle(Object(Zend\Diactoros\ServerRequest))
#41 /var/www/flarum/vendor/zendframework/zend-stratigility/src/Next.php(60): Flarum\Http\Middleware\HandleErrorsWithWhoops->process(Object(Zend\Diactoros\ServerRequest), Object(Zend\Stratigility\Next))
#42 /var/www/flarum/vendor/zendframework/zend-stratigility/src/MiddlewarePipe.php(83): Zend\Stratigility\Next->handle(Object(Zend\Diactoros\ServerRequest))
#43 /var/www/flarum/vendor/middlewares/request-handler/src/RequestHandler.php(84): Zend\Stratigility\MiddlewarePipe->process(Object(Zend\Diactoros\ServerRequest), Object(Zend\Stratigility\Next))
#44 /var/www/flarum/vendor/zendframework/zend-stratigility/src/Next.php(60): Middlewares\RequestHandler->process(Object(Zend\Diactoros\ServerRequest), Object(Zend\Stratigility\Next))
#45 /var/www/flarum/vendor/middlewares/base-path-router/src/BasePathRouter.php(97): Zend\Stratigility\Next->handle(Object(Zend\Diactoros\ServerRequest))
#46 /var/www/flarum/vendor/zendframework/zend-stratigility/src/Next.php(60): Middlewares\BasePathRouter->process(Object(Zend\Diactoros\ServerRequest), Object(Zend\Stratigility\Next))
#47 /var/www/flarum/vendor/zendframework/zend-stratigility/src/Middleware/OriginalMessages.php(41): Zend\Stratigility\Next->handle(Object(Zend\Diactoros\ServerRequest))
#48 /var/www/flarum/vendor/zendframework/zend-stratigility/src/Next.php(60): Zend\Stratigility\Middleware\OriginalMessages->process(Object(Zend\Diactoros\ServerRequest), Object(Zend\Stratigility\Next))
#49 /var/www/flarum/vendor/middlewares/base-path/src/BasePath.php(53): Zend\Stratigility\Next->handle(Object(Zend\Diactoros\ServerRequest))
#50 /var/www/flarum/vendor/zendframework/zend-stratigility/src/Next.php(60): Middlewares\BasePath->process(Object(Zend\Diactoros\ServerRequest), Object(Zend\Stratigility\Next))
#51 /var/www/flarum/vendor/zendframework/zend-stratigility/src/MiddlewarePipe.php(83): Zend\Stratigility\Next->handle(Object(Zend\Diactoros\ServerRequest))
#52 /var/www/flarum/vendor/zendframework/zend-stratigility/src/MiddlewarePipe.php(72): Zend\Stratigility\MiddlewarePipe->process(Object(Zend\Diactoros\ServerRequest), Object(Zend\Stratigility\EmptyPipelineHandler))
#53 /var/www/flarum/vendor/zendframework/zend-httphandlerrunner/src/RequestHandlerRunner.php(95): Zend\Stratigility\MiddlewarePipe->handle(Object(Zend\Diactoros\ServerRequest))
#54 /var/www/flarum/vendor/flarum/core/src/Http/Server.php(46): Zend\HttpHandlerRunner\RequestHandlerRunner->run()
#55 /var/www/flarum/public/index.php(23): Flarum\Http\Server->listen()
#56 {main}  
[2019-07-09 02:17:31] production.ERROR: RuntimeException: Class 's9e\TextFormatter\Plugins\BBcodes\Configurator' does not exist in /var/www/flarum/vendor/s9e/text-formatter/src/Configurator.php:8208
Stack trace:
#0 /var/www/flarum/vendor/s9e/text-formatter/src/Configurator.php(57): s9e\TextFormatter\Configurator\Collections\PluginCollection->load('BBcodes')
#1 /var/www/flarum/vendor/kvothe/reply-to-see/extend.php(27): s9e\TextFormatter\Configurator->__get('BBcodes')
#2 /var/www/flarum/vendor/flarum/core/src/Extend/Formatter.php(44): Flarum\Extension\Extension->Kvothe\ReplyToSee\{closure}(Object(s9e\TextFormatter\Configurator))
#3 /var/www/flarum/vendor/illuminate/events/Dispatcher.php(360): Flarum\Extend\Formatter->Flarum\Extend\{closure}(Object(Flarum\Formatter\Event\Configuring))
#4 /var/www/flarum/vendor/illuminate/events/Dispatcher.php(209): Illuminate\Events\Dispatcher->Illuminate\Events\{closure}('Flarum\\Formatte...', Array)
#5 /var/www/flarum/vendor/flarum/core/src/Formatter/Formatter.php(127): Illuminate\Events\Dispatcher->dispatch('Flarum\\Formatte...')
#6 /var/www/flarum/vendor/flarum/core/src/Formatter/Formatter.php(158): Flarum\Formatter\Formatter->getConfigurator()
#7 /var/www/flarum/vendor/illuminate/cache/Repository.php(375): Flarum\Formatter\Formatter->Flarum\Formatter\{closure}()
#8 /var/www/flarum/vendor/flarum/core/src/Formatter/Formatter.php(159): Illuminate\Cache\Repository->rememberForever('flarum.formatte...', Object(Closure))
#9 /var/www/flarum/vendor/flarum/core/src/Formatter/Formatter.php(202): Flarum\Formatter\Formatter->getComponent('js')
#10 /var/www/flarum/vendor/flarum/core/src/Forum/ForumServiceProvider.php(91): Flarum\Formatter\Formatter->getJs()
#11 [internal function]: Flarum\Forum\ForumServiceProvider->Flarum\Forum\{closure}()
#12 /var/www/flarum/vendor/flarum/core/src/Frontend/Compiler/Source/StringSource.php(37): call_user_func(Object(Closure))
#13 /var/www/flarum/vendor/flarum/core/src/Frontend/Compiler/Source/StringSource.php(48): Flarum\Frontend\Compiler\Source\StringSource->getContent()
#14 /var/www/flarum/vendor/flarum/core/src/Frontend/Compiler/RevisionCompiler.php(240): Flarum\Frontend\Compiler\Source\StringSource->getCacheDifferentiator()
#15 /var/www/flarum/vendor/flarum/core/src/Frontend/Compiler/RevisionCompiler.php(74): Flarum\Frontend\Compiler\RevisionCompiler->calculateRevision(Array)
#16 /var/www/flarum/vendor/flarum/core/src/Frontend/Content/Assets.php(60): Flarum\Frontend\Compiler\RevisionCompiler->commit()
#17 /var/www/flarum/vendor/flarum/core/src/Frontend/Content/Assets.php(50): Flarum\Frontend\Content\Assets->commit(Array)
#18 /var/www/flarum/vendor/flarum/core/src/Frontend/Frontend.php(65): Flarum\Frontend\Content\Assets->__invoke(Object(Flarum\Frontend\Document), Object(Zend\Diactoros\ServerRequest))
#19 /var/www/flarum/vendor/flarum/core/src/Frontend/Frontend.php(57): Flarum\Frontend\Frontend->populate(Object(Flarum\Frontend\Document), Object(Zend\Diactoros\ServerRequest))
#20 /var/www/flarum/vendor/flarum/core/src/Frontend/Controller.php(34): Flarum\Frontend\Frontend->document(Object(Zend\Diactoros\ServerRequest))
#21 /var/www/flarum/vendor/flarum/core/src/Http/RouteHandlerFactory.php(40): Flarum\Frontend\Controller->handle(Object(Zend\Diactoros\ServerRequest))
#22 /var/www/flarum/vendor/flarum/core/src/Http/Middleware/DispatchRoute.php(67): Flarum\Http\RouteHandlerFactory->Flarum\Http\{closure}(Object(Zend\Diactoros\ServerRequest), Array)
#23 /var/www/flarum/vendor/zendframework/zend-stratigility/src/Next.php(60): Flarum\Http\Middleware\DispatchRoute->process(Object(Zend\Diactoros\ServerRequest), Object(Closure))
#24 /var/www/flarum/vendor/flarum/core/src/Http/Middleware/ShareErrorsFromSession.php(58): Zend\Stratigility\Next->handle(Object(Zend\Diactoros\ServerRequest))
#25 /var/www/flarum/vendor/zendframework/zend-stratigility/src/Next.php(60): Flarum\Http\Middleware\ShareErrorsFromSession->process(Object(Zend\Diactoros\ServerRequest), Object(Zend\Stratigility\Next))
#26 /var/www/flarum/vendor/flarum/core/src/Http/Middleware/SetLocale.php(51): Zend\Stratigility\Next->handle(Object(Zend\Diactoros\ServerRequest))
#27 /var/www/flarum/vendor/zendframework/zend-stratigility/src/Next.php(60): Flarum\Http\Middleware\SetLocale->process(Object(Zend\Diactoros\ServerRequest), Object(Zend\Stratigility\Next))
#28 /var/www/flarum/vendor/flarum/core/src/Http/Middleware/CheckCsrfToken.php(25): Zend\Stratigility\Next->handle(Object(Zend\Diactoros\ServerRequest))
#29 /var/www/flarum/vendor/zendframework/zend-stratigility/src/Next.php(60): Flarum\Http\Middleware\CheckCsrfToken->process(Object(Zend\Diactoros\ServerRequest), Object(Zend\Stratigility\Next))
#30 /var/www/flarum/vendor/flarum/core/src/Http/Middleware/AuthenticateWithSession.php(34): Zend\Stratigility\Next->handle(Object(Zend\Diactoros\ServerRequest))
#31 /var/www/flarum/vendor/zendframework/zend-stratigility/src/Next.php(60): Flarum\Http\Middleware\AuthenticateWithSession->process(Object(Zend\Diactoros\ServerRequest), Object(Zend\Stratigility\Next))
#32 /var/www/flarum/vendor/flarum/core/src/Http/Middleware/RememberFromCookie.php(52): Zend\Stratigility\Next->handle(Object(Zend\Diactoros\ServerRequest))
#33 /var/www/flarum/vendor/zendframework/zend-stratigility/src/Next.php(60): Flarum\Http\Middleware\RememberFromCookie->process(Object(Zend\Diactoros\ServerRequest), Object(Zend\Stratigility\Next))
#34 /var/www/flarum/vendor/flarum/core/src/Http/Middleware/StartSession.php(62): Zend\Stratigility\Next->handle(Object(Zend\Diactoros\ServerRequest))
#35 /var/www/flarum/vendor/zendframework/zend-stratigility/src/Next.php(60): Flarum\Http\Middleware\StartSession->process(Object(Zend\Diactoros\ServerRequest), Object(Zend\Stratigility\Next))
#36 /var/www/flarum/vendor/flarum/core/src/Http/Middleware/CollectGarbage.php(48): Zend\Stratigility\Next->handle(Object(Zend\Diactoros\ServerRequest))
#37 /var/www/flarum/vendor/zendframework/zend-stratigility/src/Next.php(60): Flarum\Http\Middleware\CollectGarbage->process(Object(Zend\Diactoros\ServerRequest), Object(Zend\Stratigility\Next))
#38 /var/www/flarum/vendor/flarum/core/src/Http/Middleware/ParseJsonBody.php(29): Zend\Stratigility\Next->handle(Object(Zend\Diactoros\ServerRequest))
#39 /var/www/flarum/vendor/zendframework/zend-stratigility/src/Next.php(60): Flarum\Http\Middleware\ParseJsonBody->process(Object(Zend\Diactoros\ServerRequest), Object(Zend\Stratigility\Next))
#40 /var/www/flarum/vendor/flarum/core/src/Http/Middleware/HandleErrorsWithWhoops.php(43): Zend\Stratigility\Next->handle(Object(Zend\Diactoros\ServerRequest))
#41 /var/www/flarum/vendor/zendframework/zend-stratigility/src/Next.php(60): Flarum\Http\Middleware\HandleErrorsWithWhoops->process(Object(Zend\Diactoros\ServerRequest), Object(Zend\Stratigility\Next))
#42 /var/www/flarum/vendor/zendframework/zend-stratigility/src/MiddlewarePipe.php(83): Zend\Stratigility\Next->handle(Object(Zend\Diactoros\ServerRequest))
#43 /var/www/flarum/vendor/middlewares/request-handler/src/RequestHandler.php(84): Zend\Stratigility\MiddlewarePipe->process(Object(Zend\Diactoros\ServerRequest), Object(Zend\Stratigility\Next))
#44 /var/www/flarum/vendor/zendframework/zend-stratigility/src/Next.php(60): Middlewares\RequestHandler->process(Object(Zend\Diactoros\ServerRequest), Object(Zend\Stratigility\Next))
#45 /var/www/flarum/vendor/middlewares/base-path-router/src/BasePathRouter.php(97): Zend\Stratigility\Next->handle(Object(Zend\Diactoros\ServerRequest))
#46 /var/www/flarum/vendor/zendframework/zend-stratigility/src/Next.php(60): Middlewares\BasePathRouter->process(Object(Zend\Diactoros\ServerRequest), Object(Zend\Stratigility\Next))
#47 /var/www/flarum/vendor/zendframework/zend-stratigility/src/Middleware/OriginalMessages.php(41): Zend\Stratigility\Next->handle(Object(Zend\Diactoros\ServerRequest))
#48 /var/www/flarum/vendor/zendframework/zend-stratigility/src/Next.php(60): Zend\Stratigility\Middleware\OriginalMessages->process(Object(Zend\Diactoros\ServerRequest), Object(Zend\Stratigility\Next))
#49 /var/www/flarum/vendor/middlewares/base-path/src/BasePath.php(53): Zend\Stratigility\Next->handle(Object(Zend\Diactoros\ServerRequest))
#50 /var/www/flarum/vendor/zendframework/zend-stratigility/src/Next.php(60): Middlewares\BasePath->process(Object(Zend\Diactoros\ServerRequest), Object(Zend\Stratigility\Next))
#51 /var/www/flarum/vendor/zendframework/zend-stratigility/src/MiddlewarePipe.php(83): Zend\Stratigility\Next->handle(Object(Zend\Diactoros\ServerRequest))
#52 /var/www/flarum/vendor/zendframework/zend-stratigility/src/MiddlewarePipe.php(72): Zend\Stratigility\MiddlewarePipe->process(Object(Zend\Diactoros\ServerRequest), Object(Zend\Stratigility\EmptyPipelineHandler))
#53 /var/www/flarum/vendor/zendframework/zend-httphandlerrunner/src/RequestHandlerRunner.php(95): Zend\Stratigility\MiddlewarePipe->handle(Object(Zend\Diactoros\ServerRequest))
#54 /var/www/flarum/vendor/flarum/core/src/Http/Server.php(46): Zend\HttpHandlerRunner\RequestHandlerRunner->run()
#55 /var/www/flarum/public/index.php(23): Flarum\Http\Server->listen()
#56 {main}  
[2019-07-09 02:17:33] production.ERROR: RuntimeException: Class 's9e\TextFormatter\Plugins\BBcodes\Configurator' does not exist in /var/www/flarum/vendor/s9e/text-formatter/src/Configurator.php:8208
Stack trace:
#0 /var/www/flarum/vendor/s9e/text-formatter/src/Configurator.php(57): s9e\TextFormatter\Configurator\Collections\PluginCollection->load('BBcodes')
#1 /var/www/flarum/vendor/kvothe/reply-to-see/extend.php(27): s9e\TextFormatter\Configurator->__get('BBcodes')
#2 /var/www/flarum/vendor/flarum/core/src/Extend/Formatter.php(44): Flarum\Extension\Extension->Kvothe\ReplyToSee\{closure}(Object(s9e\TextFormatter\Configurator))
#3 /var/www/flarum/vendor/illuminate/events/Dispatcher.php(360): Flarum\Extend\Formatter->Flarum\Extend\{closure}(Object(Flarum\Formatter\Event\Configuring))
#4 /var/www/flarum/vendor/illuminate/events/Dispatcher.php(209): Illuminate\Events\Dispatcher->Illuminate\Events\{closure}('Flarum\\Formatte...', Array)
#5 /var/www/flarum/vendor/flarum/core/src/Formatter/Formatter.php(127): Illuminate\Events\Dispatcher->dispatch('Flarum\\Formatte...')
#6 /var/www/flarum/vendor/flarum/core/src/Formatter/Formatter.php(158): Flarum\Formatter\Formatter->getConfigurator()
#7 /var/www/flarum/vendor/illuminate/cache/Repository.php(375): Flarum\Formatter\Formatter->Flarum\Formatter\{closure}()
#8 /var/www/flarum/vendor/flarum/core/src/Formatter/Formatter.php(159): Illuminate\Cache\Repository->rememberForever('flarum.formatte...', Object(Closure))
#9 /var/www/flarum/vendor/flarum/core/src/Formatter/Formatter.php(202): Flarum\Formatter\Formatter->getComponent('js')
#10 /var/www/flarum/vendor/flarum/core/src/Forum/ForumServiceProvider.php(91): Flarum\Formatter\Formatter->getJs()
#11 [internal function]: Flarum\Forum\ForumServiceProvider->Flarum\Forum\{closure}()
#12 /var/www/flarum/vendor/flarum/core/src/Frontend/Compiler/Source/StringSource.php(37): call_user_func(Object(Closure))
#13 /var/www/flarum/vendor/flarum/core/src/Frontend/Compiler/Source/StringSource.php(48): Flarum\Frontend\Compiler\Source\StringSource->getContent()
#14 /var/www/flarum/vendor/flarum/core/src/Frontend/Compiler/RevisionCompiler.php(240): Flarum\Frontend\Compiler\Source\StringSource->getCacheDifferentiator()
#15 /var/www/flarum/vendor/flarum/core/src/Frontend/Compiler/RevisionCompiler.php(74): Flarum\Frontend\Compiler\RevisionCompiler->calculateRevision(Array)
#16 /var/www/flarum/vendor/flarum/core/src/Frontend/Content/Assets.php(60): Flarum\Frontend\Compiler\RevisionCompiler->commit()
#17 /var/www/flarum/vendor/flarum/core/src/Frontend/Content/Assets.php(50): Flarum\Frontend\Content\Assets->commit(Array)
#18 /var/www/flarum/vendor/flarum/core/src/Frontend/Frontend.php(65): Flarum\Frontend\Content\Assets->__invoke(Object(Flarum\Frontend\Document), Object(Zend\Diactoros\ServerRequest))
#19 /var/www/flarum/vendor/flarum/core/src/Frontend/Frontend.php(57): Flarum\Frontend\Frontend->populate(Object(Flarum\Frontend\Document), Object(Zend\Diactoros\ServerRequest))
#20 /var/www/flarum/vendor/flarum/core/src/Frontend/Controller.php(34): Flarum\Frontend\Frontend->document(Object(Zend\Diactoros\ServerRequest))
#21 /var/www/flarum/vendor/flarum/core/src/Http/RouteHandlerFactory.php(40): Flarum\Frontend\Controller->handle(Object(Zend\Diactoros\ServerRequest))
#22 /var/www/flarum/vendor/flarum/core/src/Http/Middleware/DispatchRoute.php(67): Flarum\Http\RouteHandlerFactory->Flarum\Http\{closure}(Object(Zend\Diactoros\ServerRequest), Array)
#23 /var/www/flarum/vendor/zendframework/zend-stratigility/src/Next.php(60): Flarum\Http\Middleware\DispatchRoute->process(Object(Zend\Diactoros\ServerRequest), Object(Closure))
#24 /var/www/flarum/vendor/flarum/core/src/Http/Middleware/ShareErrorsFromSession.php(58): Zend\Stratigility\Next->handle(Object(Zend\Diactoros\ServerRequest))
#25 /var/www/flarum/vendor/zendframework/zend-stratigility/src/Next.php(60): Flarum\Http\Middleware\ShareErrorsFromSession->process(Object(Zend\Diactoros\ServerRequest), Object(Zend\Stratigility\Next))
#26 /var/www/flarum/vendor/flarum/core/src/Http/Middleware/SetLocale.php(51): Zend\Stratigility\Next->handle(Object(Zend\Diactoros\ServerRequest))
#27 /var/www/flarum/vendor/zendframework/zend-stratigility/src/Next.php(60): Flarum\Http\Middleware\SetLocale->process(Object(Zend\Diactoros\ServerRequest), Object(Zend\Stratigility\Next))
#28 /var/www/flarum/vendor/flarum/core/src/Http/Middleware/CheckCsrfToken.php(25): Zend\Stratigility\Next->handle(Object(Zend\Diactoros\ServerRequest))
#29 /var/www/flarum/vendor/zendframework/zend-stratigility/src/Next.php(60): Flarum\Http\Middleware\CheckCsrfToken->process(Object(Zend\Diactoros\ServerRequest), Object(Zend\Stratigility\Next))
#30 /var/www/flarum/vendor/flarum/core/src/Http/Middleware/AuthenticateWithSession.php(34): Zend\Stratigility\Next->handle(Object(Zend\Diactoros\ServerRequest))
#31 /var/www/flarum/vendor/zendframework/zend-stratigility/src/Next.php(60): Flarum\Http\Middleware\AuthenticateWithSession->process(Object(Zend\Diactoros\ServerRequest), Object(Zend\Stratigility\Next))
#32 /var/www/flarum/vendor/flarum/core/src/Http/Middleware/RememberFromCookie.php(52): Zend\Stratigility\Next->handle(Object(Zend\Diactoros\ServerRequest))
#33 /var/www/flarum/vendor/zendframework/zend-stratigility/src/Next.php(60): Flarum\Http\Middleware\RememberFromCookie->process(Object(Zend\Diactoros\ServerRequest), Object(Zend\Stratigility\Next))
#34 /var/www/flarum/vendor/flarum/core/src/Http/Middleware/StartSession.php(62): Zend\Stratigility\Next->handle(Object(Zend\Diactoros\ServerRequest))
#35 /var/www/flarum/vendor/zendframework/zend-stratigility/src/Next.php(60): Flarum\Http\Middleware\StartSession->process(Object(Zend\Diactoros\ServerRequest), Object(Zend\Stratigility\Next))
#36 /var/www/flarum/vendor/flarum/core/src/Http/Middleware/CollectGarbage.php(48): Zend\Stratigility\Next->handle(Object(Zend\Diactoros\ServerRequest))
#37 /var/www/flarum/vendor/zendframework/zend-stratigility/src/Next.php(60): Flarum\Http\Middleware\CollectGarbage->process(Object(Zend\Diactoros\ServerRequest), Object(Zend\Stratigility\Next))
#38 /var/www/flarum/vendor/flarum/core/src/Http/Middleware/ParseJsonBody.php(29): Zend\Stratigility\Next->handle(Object(Zend\Diactoros\ServerRequest))
#39 /var/www/flarum/vendor/zendframework/zend-stratigility/src/Next.php(60): Flarum\Http\Middleware\ParseJsonBody->process(Object(Zend\Diactoros\ServerRequest), Object(Zend\Stratigility\Next))
#40 /var/www/flarum/vendor/flarum/core/src/Http/Middleware/HandleErrorsWithWhoops.php(43): Zend\Stratigility\Next->handle(Object(Zend\Diactoros\ServerRequest))
#41 /var/www/flarum/vendor/zendframework/zend-stratigility/src/Next.php(60): Flarum\Http\Middleware\HandleErrorsWithWhoops->process(Object(Zend\Diactoros\ServerRequest), Object(Zend\Stratigility\Next))
#42 /var/www/flarum/vendor/zendframework/zend-stratigility/src/MiddlewarePipe.php(83): Zend\Stratigility\Next->handle(Object(Zend\Diactoros\ServerRequest))
#43 /var/www/flarum/vendor/middlewares/request-handler/src/RequestHandler.php(84): Zend\Stratigility\MiddlewarePipe->process(Object(Zend\Diactoros\ServerRequest), Object(Zend\Stratigility\Next))
#44 /var/www/flarum/vendor/zendframework/zend-stratigility/src/Next.php(60): Middlewares\RequestHandler->process(Object(Zend\Diactoros\ServerRequest), Object(Zend\Stratigility\Next))
#45 /var/www/flarum/vendor/middlewares/base-path-router/src/BasePathRouter.php(97): Zend\Stratigility\Next->handle(Object(Zend\Diactoros\ServerRequest))
#46 /var/www/flarum/vendor/zendframework/zend-stratigility/src/Next.php(60): Middlewares\BasePathRouter->process(Object(Zend\Diactoros\ServerRequest), Object(Zend\Stratigility\Next))
#47 /var/www/flarum/vendor/zendframework/zend-stratigility/src/Middleware/OriginalMessages.php(41): Zend\Stratigility\Next->handle(Object(Zend\Diactoros\ServerRequest))
#48 /var/www/flarum/vendor/zendframework/zend-stratigility/src/Next.php(60): Zend\Stratigility\Middleware\OriginalMessages->process(Object(Zend\Diactoros\ServerRequest), Object(Zend\Stratigility\Next))
#49 /var/www/flarum/vendor/middlewares/base-path/src/BasePath.php(53): Zend\Stratigility\Next->handle(Object(Zend\Diactoros\ServerRequest))
#50 /var/www/flarum/vendor/zendframework/zend-stratigility/src/Next.php(60): Middlewares\BasePath->process(Object(Zend\Diactoros\ServerRequest), Object(Zend\Stratigility\Next))
#51 /var/www/flarum/vendor/zendframework/zend-stratigility/src/MiddlewarePipe.php(83): Zend\Stratigility\Next->handle(Object(Zend\Diactoros\ServerRequest))
#52 /var/www/flarum/vendor/zendframework/zend-stratigility/src/MiddlewarePipe.php(72): Zend\Stratigility\MiddlewarePipe->process(Object(Zend\Diactoros\ServerRequest), Object(Zend\Stratigility\EmptyPipelineHandler))
#53 /var/www/flarum/vendor/zendframework/zend-httphandlerrunner/src/RequestHandlerRunner.php(95): Zend\Stratigility\MiddlewarePipe->handle(Object(Zend\Diactoros\ServerRequest))
#54 /var/www/flarum/vendor/flarum/core/src/Http/Server.php(46): Zend\HttpHandlerRunner\RequestHandlerRunner->run()
#55 /var/www/flarum/public/index.php(23): Flarum\Http\Server->listen()
#56 {main}  
