[2020-03-16 19:17:40] production.ERROR: Flarum\User\Exception\PermissionDeniedException in /var/www/flarum/vendor/flarum/core/src/User/AssertPermissionTrait.php:25
Stack trace:
#0 /var/www/flarum/vendor/flarum/core/src/User/AssertPermissionTrait.php(37): Flarum\Admin\Middleware\RequireAdministrateAbility->assertPermission(false)
#1 /var/www/flarum/vendor/flarum/core/src/User/AssertPermissionTrait.php(64): Flarum\Admin\Middleware\RequireAdministrateAbility->assertCan(Object(Flarum\User\Guest), 'administrate')
#2 /var/www/flarum/vendor/flarum/core/src/Admin/Middleware/RequireAdministrateAbility.php(26): Flarum\Admin\Middleware\RequireAdministrateAbility->assertAdmin(Object(Flarum\User\Guest))
#3 /var/www/flarum/vendor/zendframework/zend-stratigility/src/Next.php(60): Flarum\Admin\Middleware\RequireAdministrateAbility->process(Object(Zend\Diactoros\ServerRequest), Object(Zend\Stratigility\Next))
#4 /var/www/flarum/vendor/flarum/core/src/Http/Middleware/SetLocale.php(51): Zend\Stratigility\Next->handle(Object(Zend\Diactoros\ServerRequest))
#5 /var/www/flarum/vendor/zendframework/zend-stratigility/src/Next.php(60): Flarum\Http\Middleware\SetLocale->process(Object(Zend\Diactoros\ServerRequest), Object(Zend\Stratigility\Next))
#6 /var/www/flarum/vendor/flarum/core/src/Http/Middleware/CheckCsrfToken.php(25): Zend\Stratigility\Next->handle(Object(Zend\Diactoros\ServerRequest))
#7 /var/www/flarum/vendor/zendframework/zend-stratigility/src/Next.php(60): Flarum\Http\Middleware\CheckCsrfToken->process(Object(Zend\Diactoros\ServerRequest), Object(Zend\Stratigility\Next))
#8 /var/www/flarum/vendor/flarum/core/src/Http/Middleware/AuthenticateWithSession.php(34): Zend\Stratigility\Next->handle(Object(Zend\Diactoros\ServerRequest))
#9 /var/www/flarum/vendor/zendframework/zend-stratigility/src/Next.php(60): Flarum\Http\Middleware\AuthenticateWithSession->process(Object(Zend\Diactoros\ServerRequest), Object(Zend\Stratigility\Next))
#10 /var/www/flarum/vendor/flarum/core/src/Http/Middleware/RememberFromCookie.php(52): Zend\Stratigility\Next->handle(Object(Zend\Diactoros\ServerRequest))
#11 /var/www/flarum/vendor/zendframework/zend-stratigility/src/Next.php(60): Flarum\Http\Middleware\RememberFromCookie->process(Object(Zend\Diactoros\ServerRequest), Object(Zend\Stratigility\Next))
#12 /var/www/flarum/vendor/flarum/core/src/Http/Middleware/StartSession.php(62): Zend\Stratigility\Next->handle(Object(Zend\Diactoros\ServerRequest))
#13 /var/www/flarum/vendor/zendframework/zend-stratigility/src/Next.php(60): Flarum\Http\Middleware\StartSession->process(Object(Zend\Diactoros\ServerRequest), Object(Zend\Stratigility\Next))
#14 /var/www/flarum/vendor/flarum/core/src/Http/Middleware/ParseJsonBody.php(29): Zend\Stratigility\Next->handle(Object(Zend\Diactoros\ServerRequest))
#15 /var/www/flarum/vendor/zendframework/zend-stratigility/src/Next.php(60): Flarum\Http\Middleware\ParseJsonBody->process(Object(Zend\Diactoros\ServerRequest), Object(Zend\Stratigility\Next))
#16 /var/www/flarum/vendor/flarum/core/src/Http/Middleware/HandleErrorsWithView.php(67): Zend\Stratigility\Next->handle(Object(Zend\Diactoros\ServerRequest))
#17 /var/www/flarum/vendor/zendframework/zend-stratigility/src/Next.php(60): Flarum\Http\Middleware\HandleErrorsWithView->process(Object(Zend\Diactoros\ServerRequest), Object(Zend\Stratigility\Next))
#18 /var/www/flarum/vendor/zendframework/zend-stratigility/src/MiddlewarePipe.php(83): Zend\Stratigility\Next->handle(Object(Zend\Diactoros\ServerRequest))
#19 /var/www/flarum/vendor/middlewares/request-handler/src/RequestHandler.php(84): Zend\Stratigility\MiddlewarePipe->process(Object(Zend\Diactoros\ServerRequest), Object(Zend\Stratigility\Next))
#20 /var/www/flarum/vendor/zendframework/zend-stratigility/src/Next.php(60): Middlewares\RequestHandler->process(Object(Zend\Diactoros\ServerRequest), Object(Zend\Stratigility\Next))
#21 /var/www/flarum/vendor/middlewares/base-path-router/src/BasePathRouter.php(97): Zend\Stratigility\Next->handle(Object(Zend\Diactoros\ServerRequest))
#22 /var/www/flarum/vendor/zendframework/zend-stratigility/src/Next.php(60): Middlewares\BasePathRouter->process(Object(Zend\Diactoros\ServerRequest), Object(Zend\Stratigility\Next))
#23 /var/www/flarum/vendor/zendframework/zend-stratigility/src/Middleware/OriginalMessages.php(41): Zend\Stratigility\Next->handle(Object(Zend\Diactoros\ServerRequest))
#24 /var/www/flarum/vendor/zendframework/zend-stratigility/src/Next.php(60): Zend\Stratigility\Middleware\OriginalMessages->process(Object(Zend\Diactoros\ServerRequest), Object(Zend\Stratigility\Next))
#25 /var/www/flarum/vendor/middlewares/base-path/src/BasePath.php(53): Zend\Stratigility\Next->handle(Object(Zend\Diactoros\ServerRequest))
#26 /var/www/flarum/vendor/zendframework/zend-stratigility/src/Next.php(60): Middlewares\BasePath->process(Object(Zend\Diactoros\ServerRequest), Object(Zend\Stratigility\Next))
#27 /var/www/flarum/vendor/zendframework/zend-stratigility/src/MiddlewarePipe.php(83): Zend\Stratigility\Next->handle(Object(Zend\Diactoros\ServerRequest))
#28 /var/www/flarum/vendor/zendframework/zend-stratigility/src/MiddlewarePipe.php(72): Zend\Stratigility\MiddlewarePipe->process(Object(Zend\Diactoros\ServerRequest), Object(Zend\Stratigility\EmptyPipelineHandler))
#29 /var/www/flarum/vendor/zendframework/zend-httphandlerrunner/src/RequestHandlerRunner.php(95): Zend\Stratigility\MiddlewarePipe->handle(Object(Zend\Diactoros\ServerRequest))
#30 /var/www/flarum/vendor/flarum/core/src/Http/Server.php(46): Zend\HttpHandlerRunner\RequestHandlerRunner->run()
#31 /var/www/flarum/public/index.php(23): Flarum\Http\Server->listen()
#32 {main}  
