[2019-05-23 11:08:15] production.ERROR: TypeError: Argument 1 passed to Flarum\Formatter\Event\Rendering::__construct() must be an instance of s9e\TextFormatter\Renderer, instance of __PHP_Incomplete_Class given, called in /var/www/flarum/vendor/flarum/core/src/Formatter/Formatter.php on line 78 and defined in /var/www/flarum/vendor/flarum/core/src/Formatter/Event/Rendering.php:38
Stack trace:
#0 /var/www/flarum/vendor/flarum/core/src/Formatter/Formatter.php(78): Flarum\Formatter\Event\Rendering->__construct(Object(__PHP_Incomplete_Class), Object(Flarum\Post\CommentPost), '<r><H2><s>## </...')
#1 /var/www/flarum/vendor/flarum/core/src/Post/CommentPost.php(173): Flarum\Formatter\Formatter->render('<r><H2><s>## </...', Object(Flarum\Post\CommentPost))
#2 /var/www/flarum/vendor/illuminate/database/Eloquent/Concerns/HasAttributes.php(438): Flarum\Post\CommentPost->getContentHtmlAttribute(NULL)
#3 /var/www/flarum/vendor/illuminate/database/Eloquent/Concerns/HasAttributes.php(340): Illuminate\Database\Eloquent\Model->mutateAttribute('content_html', NULL)
#4 /var/www/flarum/vendor/illuminate/database/Eloquent/Concerns/HasAttributes.php(313): Illuminate\Database\Eloquent\Model->getAttributeValue('content_html')
#5 /var/www/flarum/vendor/flarum/core/src/Database/AbstractModel.php(118): Illuminate\Database\Eloquent\Model->getAttribute('content_html')
#6 /var/www/flarum/vendor/illuminate/database/Eloquent/Model.php(1382): Flarum\Database\AbstractModel->getAttribute('content_html')
#7 /var/www/flarum/vendor/flarum/core/src/Api/Serializer/BasicPostSerializer.php(47): Illuminate\Database\Eloquent\Model->__get('content_html')
#8 /var/www/flarum/vendor/flarum/core/src/Api/Serializer/AbstractSerializer.php(71): Flarum\Api\Serializer\BasicPostSerializer->getDefaultAttributes(Object(Flarum\Post\CommentPost))
#9 /var/www/flarum/vendor/tobscure/json-api/src/Resource.php(169): Flarum\Api\Serializer\AbstractSerializer->getAttributes(Object(Flarum\Post\CommentPost), NULL)
#10 /var/www/flarum/vendor/tobscure/json-api/src/Resource.php(75): Tobscure\JsonApi\Resource->getAttributes()
#11 /var/www/flarum/vendor/tobscure/json-api/src/Document.php(187): Tobscure\JsonApi\Resource->toArray()
#12 [internal function]: Tobscure\JsonApi\Document->Tobscure\JsonApi\{closure}(Object(Tobscure\JsonApi\Resource))
#13 /var/www/flarum/vendor/tobscure/json-api/src/Document.php(186): array_map(Object(Closure), Array)
#14 /var/www/flarum/vendor/tobscure/json-api/src/Document.php(224): Tobscure\JsonApi\Document->toArray()
#15 /var/www/flarum/vendor/flarum/core/src/Api/JsonApiResponse.php(29): Tobscure\JsonApi\Document->jsonSerialize()
#16 /var/www/flarum/vendor/flarum/core/src/Api/Controller/AbstractSerializeController.php(113): Flarum\Api\JsonApiResponse->__construct(Object(Tobscure\JsonApi\Document))
#17 /var/www/flarum/vendor/flarum/core/src/Api/Client.php(71): Flarum\Api\Controller\AbstractSerializeController->handle(Object(Zend\Diactoros\ServerRequest))
#18 /var/www/flarum/vendor/flarum/core/src/Forum/Content/Index.php(91): Flarum\Api\Client->send(Object(Flarum\Api\Controller\ListDiscussionsController), Object(Flarum\User\User), Array)
#19 /var/www/flarum/vendor/flarum/core/src/Forum/Content/Index.php(59): Flarum\Forum\Content\Index->getApiDocument(Object(Flarum\User\User), Array)
#20 /var/www/flarum/vendor/flarum/core/src/Frontend/Frontend.php(65): Flarum\Forum\Content\Index->__invoke(Object(Flarum\Frontend\Document), Object(Zend\Diactoros\ServerRequest))
#21 /var/www/flarum/vendor/flarum/core/src/Frontend/Frontend.php(57): Flarum\Frontend\Frontend->populate(Object(Flarum\Frontend\Document), Object(Zend\Diactoros\ServerRequest))
#22 /var/www/flarum/vendor/flarum/core/src/Frontend/Controller.php(34): Flarum\Frontend\Frontend->document(Object(Zend\Diactoros\ServerRequest))
#23 /var/www/flarum/vendor/flarum/core/src/Http/RouteHandlerFactory.php(40): Flarum\Frontend\Controller->handle(Object(Zend\Diactoros\ServerRequest))
#24 /var/www/flarum/vendor/flarum/core/src/Http/Middleware/DispatchRoute.php(67): Flarum\Http\RouteHandlerFactory->Flarum\Http\{closure}(Object(Zend\Diactoros\ServerRequest), Array)
#25 /var/www/flarum/vendor/zendframework/zend-stratigility/src/Next.php(52): Flarum\Http\Middleware\DispatchRoute->process(Object(Zend\Diactoros\ServerRequest), Object(Closure))
#26 /var/www/flarum/vendor/flarum/core/src/Http/Middleware/ShareErrorsFromSession.php(58): Zend\Stratigility\Next->handle(Object(Zend\Diactoros\ServerRequest))
#27 /var/www/flarum/vendor/zendframework/zend-stratigility/src/Next.php(52): Flarum\Http\Middleware\ShareErrorsFromSession->process(Object(Zend\Diactoros\ServerRequest), Object(Zend\Stratigility\Next))
#28 /var/www/flarum/vendor/flarum/core/src/Http/Middleware/SetLocale.php(51): Zend\Stratigility\Next->handle(Object(Zend\Diactoros\ServerRequest))
#29 /var/www/flarum/vendor/zendframework/zend-stratigility/src/Next.php(52): Flarum\Http\Middleware\SetLocale->process(Object(Zend\Diactoros\ServerRequest), Object(Zend\Stratigility\Next))
#30 /var/www/flarum/vendor/flarum/core/src/Http/Middleware/AuthenticateWithSession.php(34): Zend\Stratigility\Next->handle(Object(Zend\Diactoros\ServerRequest))
#31 /var/www/flarum/vendor/zendframework/zend-stratigility/src/Next.php(52): Flarum\Http\Middleware\AuthenticateWithSession->process(Object(Zend\Diactoros\ServerRequest), Object(Zend\Stratigility\Next))
#32 /var/www/flarum/vendor/flarum/core/src/Http/Middleware/RememberFromCookie.php(52): Zend\Stratigility\Next->handle(Object(Zend\Diactoros\ServerRequest))
#33 /var/www/flarum/vendor/zendframework/zend-stratigility/src/Next.php(52): Flarum\Http\Middleware\RememberFromCookie->process(Object(Zend\Diactoros\ServerRequest), Object(Zend\Stratigility\Next))
#34 /var/www/flarum/vendor/flarum/core/src/Http/Middleware/StartSession.php(62): Zend\Stratigility\Next->handle(Object(Zend\Diactoros\ServerRequest))
#35 /var/www/flarum/vendor/zendframework/zend-stratigility/src/Next.php(52): Flarum\Http\Middleware\StartSession->process(Object(Zend\Diactoros\ServerRequest), Object(Zend\Stratigility\Next))
#36 /var/www/flarum/vendor/flarum/core/src/Http/Middleware/CollectGarbage.php(48): Zend\Stratigility\Next->handle(Object(Zend\Diactoros\ServerRequest))
#37 /var/www/flarum/vendor/zendframework/zend-stratigility/src/Next.php(52): Flarum\Http\Middleware\CollectGarbage->process(Object(Zend\Diactoros\ServerRequest), Object(Zend\Stratigility\Next))
#38 /var/www/flarum/vendor/flarum/core/src/Http/Middleware/ParseJsonBody.php(29): Zend\Stratigility\Next->handle(Object(Zend\Diactoros\ServerRequest))
#39 /var/www/flarum/vendor/zendframework/zend-stratigility/src/Next.php(52): Flarum\Http\Middleware\ParseJsonBody->process(Object(Zend\Diactoros\ServerRequest), Object(Zend\Stratigility\Next))
#40 /var/www/flarum/vendor/flarum/core/src/Http/Middleware/HandleErrorsWithWhoops.php(43): Zend\Stratigility\Next->handle(Object(Zend\Diactoros\ServerRequest))
#41 /var/www/flarum/vendor/zendframework/zend-stratigility/src/Next.php(52): Flarum\Http\Middleware\HandleErrorsWithWhoops->process(Object(Zend\Diactoros\ServerRequest), Object(Zend\Stratigility\Next))
#42 /var/www/flarum/vendor/zendframework/zend-stratigility/src/MiddlewarePipe.php(83): Zend\Stratigility\Next->handle(Object(Zend\Diactoros\ServerRequest))
#43 /var/www/flarum/vendor/middlewares/request-handler/src/RequestHandler.php(84): Zend\Stratigility\MiddlewarePipe->process(Object(Zend\Diactoros\ServerRequest), Object(Zend\Stratigility\Next))
#44 /var/www/flarum/vendor/zendframework/zend-stratigility/src/Next.php(52): Middlewares\RequestHandler->process(Object(Zend\Diactoros\ServerRequest), Object(Zend\Stratigility\Next))
#45 /var/www/flarum/vendor/middlewares/base-path-router/src/BasePathRouter.php(97): Zend\Stratigility\Next->handle(Object(Zend\Diactoros\ServerRequest))
#46 /var/www/flarum/vendor/zendframework/zend-stratigility/src/Next.php(52): Middlewares\BasePathRouter->process(Object(Zend\Diactoros\ServerRequest), Object(Zend\Stratigility\Next))
#47 /var/www/flarum/vendor/middlewares/base-path/src/BasePath.php(53): Zend\Stratigility\Next->handle(Object(Zend\Diactoros\ServerRequest))
#48 /var/www/flarum/vendor/zendframework/zend-stratigility/src/Next.php(52): Middlewares\BasePath->process(Object(Zend\Diactoros\ServerRequest), Object(Zend\Stratigility\Next))
#49 /var/www/flarum/vendor/zendframework/zend-stratigility/src/MiddlewarePipe.php(83): Zend\Stratigility\Next->handle(Object(Zend\Diactoros\ServerRequest))
#50 /var/www/flarum/vendor/zendframework/zend-stratigility/src/MiddlewarePipe.php(72): Zend\Stratigility\MiddlewarePipe->process(Object(Zend\Diactoros\ServerRequest), Object(Zend\Stratigility\EmptyPipelineHandler))
#51 /var/www/flarum/vendor/zendframework/zend-httphandlerrunner/src/RequestHandlerRunner.php(95): Zend\Stratigility\MiddlewarePipe->handle(Object(Zend\Diactoros\ServerRequest))
#52 /var/www/flarum/vendor/flarum/core/src/Http/Server.php(46): Zend\HttpHandlerRunner\RequestHandlerRunner->run()
#53 /var/www/flarum/public/index.php(22): Flarum\Http\Server->listen()
#54 {main}  
[2019-05-23 11:08:27] production.ERROR: TypeError: Argument 1 passed to Flarum\Formatter\Event\Rendering::__construct() must be an instance of s9e\TextFormatter\Renderer, instance of __PHP_Incomplete_Class given, called in /var/www/flarum/vendor/flarum/core/src/Formatter/Formatter.php on line 78 and defined in /var/www/flarum/vendor/flarum/core/src/Formatter/Event/Rendering.php:38
Stack trace:
#0 /var/www/flarum/vendor/flarum/core/src/Formatter/Formatter.php(78): Flarum\Formatter\Event\Rendering->__construct(Object(__PHP_Incomplete_Class), Object(Flarum\Post\CommentPost), '<r><H2><s>## </...')
#1 /var/www/flarum/vendor/flarum/core/src/Post/CommentPost.php(173): Flarum\Formatter\Formatter->render('<r><H2><s>## </...', Object(Flarum\Post\CommentPost))
#2 /var/www/flarum/vendor/illuminate/database/Eloquent/Concerns/HasAttributes.php(438): Flarum\Post\CommentPost->getContentHtmlAttribute(NULL)
#3 /var/www/flarum/vendor/illuminate/database/Eloquent/Concerns/HasAttributes.php(340): Illuminate\Database\Eloquent\Model->mutateAttribute('content_html', NULL)
#4 /var/www/flarum/vendor/illuminate/database/Eloquent/Concerns/HasAttributes.php(313): Illuminate\Database\Eloquent\Model->getAttributeValue('content_html')
#5 /var/www/flarum/vendor/flarum/core/src/Database/AbstractModel.php(118): Illuminate\Database\Eloquent\Model->getAttribute('content_html')
#6 /var/www/flarum/vendor/illuminate/database/Eloquent/Model.php(1382): Flarum\Database\AbstractModel->getAttribute('content_html')
#7 /var/www/flarum/vendor/flarum/core/src/Api/Serializer/BasicPostSerializer.php(47): Illuminate\Database\Eloquent\Model->__get('content_html')
#8 /var/www/flarum/vendor/flarum/core/src/Api/Serializer/AbstractSerializer.php(71): Flarum\Api\Serializer\BasicPostSerializer->getDefaultAttributes(Object(Flarum\Post\CommentPost))
#9 /var/www/flarum/vendor/tobscure/json-api/src/Resource.php(169): Flarum\Api\Serializer\AbstractSerializer->getAttributes(Object(Flarum\Post\CommentPost), NULL)
#10 /var/www/flarum/vendor/tobscure/json-api/src/Resource.php(75): Tobscure\JsonApi\Resource->getAttributes()
#11 /var/www/flarum/vendor/tobscure/json-api/src/Document.php(187): Tobscure\JsonApi\Resource->toArray()
#12 [internal function]: Tobscure\JsonApi\Document->Tobscure\JsonApi\{closure}(Object(Tobscure\JsonApi\Resource))
#13 /var/www/flarum/vendor/tobscure/json-api/src/Document.php(186): array_map(Object(Closure), Array)
#14 /var/www/flarum/vendor/tobscure/json-api/src/Document.php(224): Tobscure\JsonApi\Document->toArray()
#15 /var/www/flarum/vendor/flarum/core/src/Api/JsonApiResponse.php(29): Tobscure\JsonApi\Document->jsonSerialize()
#16 /var/www/flarum/vendor/flarum/core/src/Api/Controller/AbstractSerializeController.php(113): Flarum\Api\JsonApiResponse->__construct(Object(Tobscure\JsonApi\Document))
#17 /var/www/flarum/vendor/flarum/core/src/Api/Client.php(71): Flarum\Api\Controller\AbstractSerializeController->handle(Object(Zend\Diactoros\ServerRequest))
#18 /var/www/flarum/vendor/flarum/core/src/Forum/Content/Index.php(91): Flarum\Api\Client->send(Object(Flarum\Api\Controller\ListDiscussionsController), Object(Flarum\User\User), Array)
#19 /var/www/flarum/vendor/flarum/core/src/Forum/Content/Index.php(59): Flarum\Forum\Content\Index->getApiDocument(Object(Flarum\User\User), Array)
#20 /var/www/flarum/vendor/flarum/core/src/Frontend/Frontend.php(65): Flarum\Forum\Content\Index->__invoke(Object(Flarum\Frontend\Document), Object(Zend\Diactoros\ServerRequest))
#21 /var/www/flarum/vendor/flarum/core/src/Frontend/Frontend.php(57): Flarum\Frontend\Frontend->populate(Object(Flarum\Frontend\Document), Object(Zend\Diactoros\ServerRequest))
#22 /var/www/flarum/vendor/flarum/core/src/Frontend/Controller.php(34): Flarum\Frontend\Frontend->document(Object(Zend\Diactoros\ServerRequest))
#23 /var/www/flarum/vendor/flarum/core/src/Http/RouteHandlerFactory.php(40): Flarum\Frontend\Controller->handle(Object(Zend\Diactoros\ServerRequest))
#24 /var/www/flarum/vendor/flarum/core/src/Http/Middleware/DispatchRoute.php(67): Flarum\Http\RouteHandlerFactory->Flarum\Http\{closure}(Object(Zend\Diactoros\ServerRequest), Array)
#25 /var/www/flarum/vendor/zendframework/zend-stratigility/src/Next.php(52): Flarum\Http\Middleware\DispatchRoute->process(Object(Zend\Diactoros\ServerRequest), Object(Closure))
#26 /var/www/flarum/vendor/flarum/core/src/Http/Middleware/ShareErrorsFromSession.php(58): Zend\Stratigility\Next->handle(Object(Zend\Diactoros\ServerRequest))
#27 /var/www/flarum/vendor/zendframework/zend-stratigility/src/Next.php(52): Flarum\Http\Middleware\ShareErrorsFromSession->process(Object(Zend\Diactoros\ServerRequest), Object(Zend\Stratigility\Next))
#28 /var/www/flarum/vendor/flarum/core/src/Http/Middleware/SetLocale.php(51): Zend\Stratigility\Next->handle(Object(Zend\Diactoros\ServerRequest))
#29 /var/www/flarum/vendor/zendframework/zend-stratigility/src/Next.php(52): Flarum\Http\Middleware\SetLocale->process(Object(Zend\Diactoros\ServerRequest), Object(Zend\Stratigility\Next))
#30 /var/www/flarum/vendor/flarum/core/src/Http/Middleware/AuthenticateWithSession.php(34): Zend\Stratigility\Next->handle(Object(Zend\Diactoros\ServerRequest))
#31 /var/www/flarum/vendor/zendframework/zend-stratigility/src/Next.php(52): Flarum\Http\Middleware\AuthenticateWithSession->process(Object(Zend\Diactoros\ServerRequest), Object(Zend\Stratigility\Next))
#32 /var/www/flarum/vendor/flarum/core/src/Http/Middleware/RememberFromCookie.php(52): Zend\Stratigility\Next->handle(Object(Zend\Diactoros\ServerRequest))
#33 /var/www/flarum/vendor/zendframework/zend-stratigility/src/Next.php(52): Flarum\Http\Middleware\RememberFromCookie->process(Object(Zend\Diactoros\ServerRequest), Object(Zend\Stratigility\Next))
#34 /var/www/flarum/vendor/flarum/core/src/Http/Middleware/StartSession.php(62): Zend\Stratigility\Next->handle(Object(Zend\Diactoros\ServerRequest))
#35 /var/www/flarum/vendor/zendframework/zend-stratigility/src/Next.php(52): Flarum\Http\Middleware\StartSession->process(Object(Zend\Diactoros\ServerRequest), Object(Zend\Stratigility\Next))
#36 /var/www/flarum/vendor/flarum/core/src/Http/Middleware/CollectGarbage.php(48): Zend\Stratigility\Next->handle(Object(Zend\Diactoros\ServerRequest))
#37 /var/www/flarum/vendor/zendframework/zend-stratigility/src/Next.php(52): Flarum\Http\Middleware\CollectGarbage->process(Object(Zend\Diactoros\ServerRequest), Object(Zend\Stratigility\Next))
#38 /var/www/flarum/vendor/flarum/core/src/Http/Middleware/ParseJsonBody.php(29): Zend\Stratigility\Next->handle(Object(Zend\Diactoros\ServerRequest))
#39 /var/www/flarum/vendor/zendframework/zend-stratigility/src/Next.php(52): Flarum\Http\Middleware\ParseJsonBody->process(Object(Zend\Diactoros\ServerRequest), Object(Zend\Stratigility\Next))
#40 /var/www/flarum/vendor/flarum/core/src/Http/Middleware/HandleErrorsWithWhoops.php(43): Zend\Stratigility\Next->handle(Object(Zend\Diactoros\ServerRequest))
#41 /var/www/flarum/vendor/zendframework/zend-stratigility/src/Next.php(52): Flarum\Http\Middleware\HandleErrorsWithWhoops->process(Object(Zend\Diactoros\ServerRequest), Object(Zend\Stratigility\Next))
#42 /var/www/flarum/vendor/zendframework/zend-stratigility/src/MiddlewarePipe.php(83): Zend\Stratigility\Next->handle(Object(Zend\Diactoros\ServerRequest))
#43 /var/www/flarum/vendor/middlewares/request-handler/src/RequestHandler.php(84): Zend\Stratigility\MiddlewarePipe->process(Object(Zend\Diactoros\ServerRequest), Object(Zend\Stratigility\Next))
#44 /var/www/flarum/vendor/zendframework/zend-stratigility/src/Next.php(52): Middlewares\RequestHandler->process(Object(Zend\Diactoros\ServerRequest), Object(Zend\Stratigility\Next))
#45 /var/www/flarum/vendor/middlewares/base-path-router/src/BasePathRouter.php(97): Zend\Stratigility\Next->handle(Object(Zend\Diactoros\ServerRequest))
#46 /var/www/flarum/vendor/zendframework/zend-stratigility/src/Next.php(52): Middlewares\BasePathRouter->process(Object(Zend\Diactoros\ServerRequest), Object(Zend\Stratigility\Next))
#47 /var/www/flarum/vendor/middlewares/base-path/src/BasePath.php(53): Zend\Stratigility\Next->handle(Object(Zend\Diactoros\ServerRequest))
#48 /var/www/flarum/vendor/zendframework/zend-stratigility/src/Next.php(52): Middlewares\BasePath->process(Object(Zend\Diactoros\ServerRequest), Object(Zend\Stratigility\Next))
#49 /var/www/flarum/vendor/zendframework/zend-stratigility/src/MiddlewarePipe.php(83): Zend\Stratigility\Next->handle(Object(Zend\Diactoros\ServerRequest))
#50 /var/www/flarum/vendor/zendframework/zend-stratigility/src/MiddlewarePipe.php(72): Zend\Stratigility\MiddlewarePipe->process(Object(Zend\Diactoros\ServerRequest), Object(Zend\Stratigility\EmptyPipelineHandler))
#51 /var/www/flarum/vendor/zendframework/zend-httphandlerrunner/src/RequestHandlerRunner.php(95): Zend\Stratigility\MiddlewarePipe->handle(Object(Zend\Diactoros\ServerRequest))
#52 /var/www/flarum/vendor/flarum/core/src/Http/Server.php(46): Zend\HttpHandlerRunner\RequestHandlerRunner->run()
#53 /var/www/flarum/public/index.php(22): Flarum\Http\Server->listen()
#54 {main}  
[2019-05-23 11:11:42] production.ERROR: TypeError: Argument 1 passed to Flarum\Formatter\Event\Rendering::__construct() must be an instance of s9e\TextFormatter\Renderer, instance of __PHP_Incomplete_Class given, called in /var/www/flarum/vendor/flarum/core/src/Formatter/Formatter.php on line 78 and defined in /var/www/flarum/vendor/flarum/core/src/Formatter/Event/Rendering.php:38
Stack trace:
#0 /var/www/flarum/vendor/flarum/core/src/Formatter/Formatter.php(78): Flarum\Formatter\Event\Rendering->__construct(Object(__PHP_Incomplete_Class), Object(Flarum\Post\CommentPost), '<r><H2><s>## </...')
#1 /var/www/flarum/vendor/flarum/core/src/Post/CommentPost.php(173): Flarum\Formatter\Formatter->render('<r><H2><s>## </...', Object(Flarum\Post\CommentPost))
#2 /var/www/flarum/vendor/illuminate/database/Eloquent/Concerns/HasAttributes.php(438): Flarum\Post\CommentPost->getContentHtmlAttribute(NULL)
#3 /var/www/flarum/vendor/illuminate/database/Eloquent/Concerns/HasAttributes.php(340): Illuminate\Database\Eloquent\Model->mutateAttribute('content_html', NULL)
#4 /var/www/flarum/vendor/illuminate/database/Eloquent/Concerns/HasAttributes.php(313): Illuminate\Database\Eloquent\Model->getAttributeValue('content_html')
#5 /var/www/flarum/vendor/flarum/core/src/Database/AbstractModel.php(118): Illuminate\Database\Eloquent\Model->getAttribute('content_html')
#6 /var/www/flarum/vendor/illuminate/database/Eloquent/Model.php(1382): Flarum\Database\AbstractModel->getAttribute('content_html')
#7 /var/www/flarum/vendor/flarum/core/src/Api/Serializer/BasicPostSerializer.php(47): Illuminate\Database\Eloquent\Model->__get('content_html')
#8 /var/www/flarum/vendor/flarum/core/src/Api/Serializer/AbstractSerializer.php(71): Flarum\Api\Serializer\BasicPostSerializer->getDefaultAttributes(Object(Flarum\Post\CommentPost))
#9 /var/www/flarum/vendor/tobscure/json-api/src/Resource.php(169): Flarum\Api\Serializer\AbstractSerializer->getAttributes(Object(Flarum\Post\CommentPost), NULL)
#10 /var/www/flarum/vendor/tobscure/json-api/src/Resource.php(75): Tobscure\JsonApi\Resource->getAttributes()
#11 /var/www/flarum/vendor/tobscure/json-api/src/Document.php(187): Tobscure\JsonApi\Resource->toArray()
#12 [internal function]: Tobscure\JsonApi\Document->Tobscure\JsonApi\{closure}(Object(Tobscure\JsonApi\Resource))
#13 /var/www/flarum/vendor/tobscure/json-api/src/Document.php(186): array_map(Object(Closure), Array)
#14 /var/www/flarum/vendor/tobscure/json-api/src/Document.php(224): Tobscure\JsonApi\Document->toArray()
#15 /var/www/flarum/vendor/flarum/core/src/Api/JsonApiResponse.php(29): Tobscure\JsonApi\Document->jsonSerialize()
#16 /var/www/flarum/vendor/flarum/core/src/Api/Controller/AbstractSerializeController.php(113): Flarum\Api\JsonApiResponse->__construct(Object(Tobscure\JsonApi\Document))
#17 /var/www/flarum/vendor/flarum/core/src/Api/Client.php(71): Flarum\Api\Controller\AbstractSerializeController->handle(Object(Zend\Diactoros\ServerRequest))
#18 /var/www/flarum/vendor/flarum/core/src/Forum/Content/Index.php(91): Flarum\Api\Client->send(Object(Flarum\Api\Controller\ListDiscussionsController), Object(Flarum\User\User), Array)
#19 /var/www/flarum/vendor/flarum/core/src/Forum/Content/Index.php(59): Flarum\Forum\Content\Index->getApiDocument(Object(Flarum\User\User), Array)
#20 /var/www/flarum/vendor/flarum/core/src/Frontend/Frontend.php(65): Flarum\Forum\Content\Index->__invoke(Object(Flarum\Frontend\Document), Object(Zend\Diactoros\ServerRequest))
#21 /var/www/flarum/vendor/flarum/core/src/Frontend/Frontend.php(57): Flarum\Frontend\Frontend->populate(Object(Flarum\Frontend\Document), Object(Zend\Diactoros\ServerRequest))
#22 /var/www/flarum/vendor/flarum/core/src/Frontend/Controller.php(34): Flarum\Frontend\Frontend->document(Object(Zend\Diactoros\ServerRequest))
#23 /var/www/flarum/vendor/flarum/core/src/Http/RouteHandlerFactory.php(40): Flarum\Frontend\Controller->handle(Object(Zend\Diactoros\ServerRequest))
#24 /var/www/flarum/vendor/flarum/core/src/Http/Middleware/DispatchRoute.php(67): Flarum\Http\RouteHandlerFactory->Flarum\Http\{closure}(Object(Zend\Diactoros\ServerRequest), Array)
#25 /var/www/flarum/vendor/zendframework/zend-stratigility/src/Next.php(52): Flarum\Http\Middleware\DispatchRoute->process(Object(Zend\Diactoros\ServerRequest), Object(Closure))
#26 /var/www/flarum/vendor/flarum/core/src/Http/Middleware/ShareErrorsFromSession.php(58): Zend\Stratigility\Next->handle(Object(Zend\Diactoros\ServerRequest))
#27 /var/www/flarum/vendor/zendframework/zend-stratigility/src/Next.php(52): Flarum\Http\Middleware\ShareErrorsFromSession->process(Object(Zend\Diactoros\ServerRequest), Object(Zend\Stratigility\Next))
#28 /var/www/flarum/vendor/flarum/core/src/Http/Middleware/SetLocale.php(51): Zend\Stratigility\Next->handle(Object(Zend\Diactoros\ServerRequest))
#29 /var/www/flarum/vendor/zendframework/zend-stratigility/src/Next.php(52): Flarum\Http\Middleware\SetLocale->process(Object(Zend\Diactoros\ServerRequest), Object(Zend\Stratigility\Next))
#30 /var/www/flarum/vendor/flarum/core/src/Http/Middleware/AuthenticateWithSession.php(34): Zend\Stratigility\Next->handle(Object(Zend\Diactoros\ServerRequest))
#31 /var/www/flarum/vendor/zendframework/zend-stratigility/src/Next.php(52): Flarum\Http\Middleware\AuthenticateWithSession->process(Object(Zend\Diactoros\ServerRequest), Object(Zend\Stratigility\Next))
#32 /var/www/flarum/vendor/flarum/core/src/Http/Middleware/RememberFromCookie.php(52): Zend\Stratigility\Next->handle(Object(Zend\Diactoros\ServerRequest))
#33 /var/www/flarum/vendor/zendframework/zend-stratigility/src/Next.php(52): Flarum\Http\Middleware\RememberFromCookie->process(Object(Zend\Diactoros\ServerRequest), Object(Zend\Stratigility\Next))
#34 /var/www/flarum/vendor/flarum/core/src/Http/Middleware/StartSession.php(62): Zend\Stratigility\Next->handle(Object(Zend\Diactoros\ServerRequest))
#35 /var/www/flarum/vendor/zendframework/zend-stratigility/src/Next.php(52): Flarum\Http\Middleware\StartSession->process(Object(Zend\Diactoros\ServerRequest), Object(Zend\Stratigility\Next))
#36 /var/www/flarum/vendor/flarum/core/src/Http/Middleware/CollectGarbage.php(48): Zend\Stratigility\Next->handle(Object(Zend\Diactoros\ServerRequest))
#37 /var/www/flarum/vendor/zendframework/zend-stratigility/src/Next.php(52): Flarum\Http\Middleware\CollectGarbage->process(Object(Zend\Diactoros\ServerRequest), Object(Zend\Stratigility\Next))
#38 /var/www/flarum/vendor/flarum/core/src/Http/Middleware/ParseJsonBody.php(29): Zend\Stratigility\Next->handle(Object(Zend\Diactoros\ServerRequest))
#39 /var/www/flarum/vendor/zendframework/zend-stratigility/src/Next.php(52): Flarum\Http\Middleware\ParseJsonBody->process(Object(Zend\Diactoros\ServerRequest), Object(Zend\Stratigility\Next))
#40 /var/www/flarum/vendor/flarum/core/src/Http/Middleware/HandleErrorsWithWhoops.php(43): Zend\Stratigility\Next->handle(Object(Zend\Diactoros\ServerRequest))
#41 /var/www/flarum/vendor/zendframework/zend-stratigility/src/Next.php(52): Flarum\Http\Middleware\HandleErrorsWithWhoops->process(Object(Zend\Diactoros\ServerRequest), Object(Zend\Stratigility\Next))
#42 /var/www/flarum/vendor/zendframework/zend-stratigility/src/MiddlewarePipe.php(83): Zend\Stratigility\Next->handle(Object(Zend\Diactoros\ServerRequest))
#43 /var/www/flarum/vendor/middlewares/request-handler/src/RequestHandler.php(84): Zend\Stratigility\MiddlewarePipe->process(Object(Zend\Diactoros\ServerRequest), Object(Zend\Stratigility\Next))
#44 /var/www/flarum/vendor/zendframework/zend-stratigility/src/Next.php(52): Middlewares\RequestHandler->process(Object(Zend\Diactoros\ServerRequest), Object(Zend\Stratigility\Next))
#45 /var/www/flarum/vendor/middlewares/base-path-router/src/BasePathRouter.php(97): Zend\Stratigility\Next->handle(Object(Zend\Diactoros\ServerRequest))
#46 /var/www/flarum/vendor/zendframework/zend-stratigility/src/Next.php(52): Middlewares\BasePathRouter->process(Object(Zend\Diactoros\ServerRequest), Object(Zend\Stratigility\Next))
#47 /var/www/flarum/vendor/middlewares/base-path/src/BasePath.php(53): Zend\Stratigility\Next->handle(Object(Zend\Diactoros\ServerRequest))
#48 /var/www/flarum/vendor/zendframework/zend-stratigility/src/Next.php(52): Middlewares\BasePath->process(Object(Zend\Diactoros\ServerRequest), Object(Zend\Stratigility\Next))
#49 /var/www/flarum/vendor/zendframework/zend-stratigility/src/MiddlewarePipe.php(83): Zend\Stratigility\Next->handle(Object(Zend\Diactoros\ServerRequest))
#50 /var/www/flarum/vendor/zendframework/zend-stratigility/src/MiddlewarePipe.php(72): Zend\Stratigility\MiddlewarePipe->process(Object(Zend\Diactoros\ServerRequest), Object(Zend\Stratigility\EmptyPipelineHandler))
#51 /var/www/flarum/vendor/zendframework/zend-httphandlerrunner/src/RequestHandlerRunner.php(95): Zend\Stratigility\MiddlewarePipe->handle(Object(Zend\Diactoros\ServerRequest))
#52 /var/www/flarum/vendor/flarum/core/src/Http/Server.php(46): Zend\HttpHandlerRunner\RequestHandlerRunner->run()
#53 /var/www/flarum/public/index.php(23): Flarum\Http\Server->listen()
#54 {main}  
[2019-05-23 11:11:45] production.ERROR: TypeError: Argument 1 passed to Flarum\Formatter\Event\Rendering::__construct() must be an instance of s9e\TextFormatter\Renderer, instance of __PHP_Incomplete_Class given, called in /var/www/flarum/vendor/flarum/core/src/Formatter/Formatter.php on line 78 and defined in /var/www/flarum/vendor/flarum/core/src/Formatter/Event/Rendering.php:38
Stack trace:
#0 /var/www/flarum/vendor/flarum/core/src/Formatter/Formatter.php(78): Flarum\Formatter\Event\Rendering->__construct(Object(__PHP_Incomplete_Class), Object(Flarum\Post\CommentPost), '<r><H2><s>## </...')
#1 /var/www/flarum/vendor/flarum/core/src/Post/CommentPost.php(173): Flarum\Formatter\Formatter->render('<r><H2><s>## </...', Object(Flarum\Post\CommentPost))
#2 /var/www/flarum/vendor/illuminate/database/Eloquent/Concerns/HasAttributes.php(438): Flarum\Post\CommentPost->getContentHtmlAttribute(NULL)
#3 /var/www/flarum/vendor/illuminate/database/Eloquent/Concerns/HasAttributes.php(340): Illuminate\Database\Eloquent\Model->mutateAttribute('content_html', NULL)
#4 /var/www/flarum/vendor/illuminate/database/Eloquent/Concerns/HasAttributes.php(313): Illuminate\Database\Eloquent\Model->getAttributeValue('content_html')
#5 /var/www/flarum/vendor/flarum/core/src/Database/AbstractModel.php(118): Illuminate\Database\Eloquent\Model->getAttribute('content_html')
#6 /var/www/flarum/vendor/illuminate/database/Eloquent/Model.php(1382): Flarum\Database\AbstractModel->getAttribute('content_html')
#7 /var/www/flarum/vendor/flarum/core/src/Api/Serializer/BasicPostSerializer.php(47): Illuminate\Database\Eloquent\Model->__get('content_html')
#8 /var/www/flarum/vendor/flarum/core/src/Api/Serializer/AbstractSerializer.php(71): Flarum\Api\Serializer\BasicPostSerializer->getDefaultAttributes(Object(Flarum\Post\CommentPost))
#9 /var/www/flarum/vendor/tobscure/json-api/src/Resource.php(169): Flarum\Api\Serializer\AbstractSerializer->getAttributes(Object(Flarum\Post\CommentPost), NULL)
#10 /var/www/flarum/vendor/tobscure/json-api/src/Resource.php(75): Tobscure\JsonApi\Resource->getAttributes()
#11 /var/www/flarum/vendor/tobscure/json-api/src/Document.php(187): Tobscure\JsonApi\Resource->toArray()
#12 [internal function]: Tobscure\JsonApi\Document->Tobscure\JsonApi\{closure}(Object(Tobscure\JsonApi\Resource))
#13 /var/www/flarum/vendor/tobscure/json-api/src/Document.php(186): array_map(Object(Closure), Array)
#14 /var/www/flarum/vendor/tobscure/json-api/src/Document.php(224): Tobscure\JsonApi\Document->toArray()
#15 /var/www/flarum/vendor/flarum/core/src/Api/JsonApiResponse.php(29): Tobscure\JsonApi\Document->jsonSerialize()
#16 /var/www/flarum/vendor/flarum/core/src/Api/Controller/AbstractSerializeController.php(113): Flarum\Api\JsonApiResponse->__construct(Object(Tobscure\JsonApi\Document))
#17 /var/www/flarum/vendor/flarum/core/src/Api/Client.php(71): Flarum\Api\Controller\AbstractSerializeController->handle(Object(Zend\Diactoros\ServerRequest))
#18 /var/www/flarum/vendor/flarum/core/src/Forum/Content/Index.php(91): Flarum\Api\Client->send(Object(Flarum\Api\Controller\ListDiscussionsController), Object(Flarum\User\User), Array)
#19 /var/www/flarum/vendor/flarum/core/src/Forum/Content/Index.php(59): Flarum\Forum\Content\Index->getApiDocument(Object(Flarum\User\User), Array)
#20 /var/www/flarum/vendor/flarum/core/src/Frontend/Frontend.php(65): Flarum\Forum\Content\Index->__invoke(Object(Flarum\Frontend\Document), Object(Zend\Diactoros\ServerRequest))
#21 /var/www/flarum/vendor/flarum/core/src/Frontend/Frontend.php(57): Flarum\Frontend\Frontend->populate(Object(Flarum\Frontend\Document), Object(Zend\Diactoros\ServerRequest))
#22 /var/www/flarum/vendor/flarum/core/src/Frontend/Controller.php(34): Flarum\Frontend\Frontend->document(Object(Zend\Diactoros\ServerRequest))
#23 /var/www/flarum/vendor/flarum/core/src/Http/RouteHandlerFactory.php(40): Flarum\Frontend\Controller->handle(Object(Zend\Diactoros\ServerRequest))
#24 /var/www/flarum/vendor/flarum/core/src/Http/Middleware/DispatchRoute.php(67): Flarum\Http\RouteHandlerFactory->Flarum\Http\{closure}(Object(Zend\Diactoros\ServerRequest), Array)
#25 /var/www/flarum/vendor/zendframework/zend-stratigility/src/Next.php(52): Flarum\Http\Middleware\DispatchRoute->process(Object(Zend\Diactoros\ServerRequest), Object(Closure))
#26 /var/www/flarum/vendor/flarum/core/src/Http/Middleware/ShareErrorsFromSession.php(58): Zend\Stratigility\Next->handle(Object(Zend\Diactoros\ServerRequest))
#27 /var/www/flarum/vendor/zendframework/zend-stratigility/src/Next.php(52): Flarum\Http\Middleware\ShareErrorsFromSession->process(Object(Zend\Diactoros\ServerRequest), Object(Zend\Stratigility\Next))
#28 /var/www/flarum/vendor/flarum/core/src/Http/Middleware/SetLocale.php(51): Zend\Stratigility\Next->handle(Object(Zend\Diactoros\ServerRequest))
#29 /var/www/flarum/vendor/zendframework/zend-stratigility/src/Next.php(52): Flarum\Http\Middleware\SetLocale->process(Object(Zend\Diactoros\ServerRequest), Object(Zend\Stratigility\Next))
#30 /var/www/flarum/vendor/flarum/core/src/Http/Middleware/AuthenticateWithSession.php(34): Zend\Stratigility\Next->handle(Object(Zend\Diactoros\ServerRequest))
#31 /var/www/flarum/vendor/zendframework/zend-stratigility/src/Next.php(52): Flarum\Http\Middleware\AuthenticateWithSession->process(Object(Zend\Diactoros\ServerRequest), Object(Zend\Stratigility\Next))
#32 /var/www/flarum/vendor/flarum/core/src/Http/Middleware/RememberFromCookie.php(52): Zend\Stratigility\Next->handle(Object(Zend\Diactoros\ServerRequest))
#33 /var/www/flarum/vendor/zendframework/zend-stratigility/src/Next.php(52): Flarum\Http\Middleware\RememberFromCookie->process(Object(Zend\Diactoros\ServerRequest), Object(Zend\Stratigility\Next))
#34 /var/www/flarum/vendor/flarum/core/src/Http/Middleware/StartSession.php(62): Zend\Stratigility\Next->handle(Object(Zend\Diactoros\ServerRequest))
#35 /var/www/flarum/vendor/zendframework/zend-stratigility/src/Next.php(52): Flarum\Http\Middleware\StartSession->process(Object(Zend\Diactoros\ServerRequest), Object(Zend\Stratigility\Next))
#36 /var/www/flarum/vendor/flarum/core/src/Http/Middleware/CollectGarbage.php(48): Zend\Stratigility\Next->handle(Object(Zend\Diactoros\ServerRequest))
#37 /var/www/flarum/vendor/zendframework/zend-stratigility/src/Next.php(52): Flarum\Http\Middleware\CollectGarbage->process(Object(Zend\Diactoros\ServerRequest), Object(Zend\Stratigility\Next))
#38 /var/www/flarum/vendor/flarum/core/src/Http/Middleware/ParseJsonBody.php(29): Zend\Stratigility\Next->handle(Object(Zend\Diactoros\ServerRequest))
#39 /var/www/flarum/vendor/zendframework/zend-stratigility/src/Next.php(52): Flarum\Http\Middleware\ParseJsonBody->process(Object(Zend\Diactoros\ServerRequest), Object(Zend\Stratigility\Next))
#40 /var/www/flarum/vendor/flarum/core/src/Http/Middleware/HandleErrorsWithWhoops.php(43): Zend\Stratigility\Next->handle(Object(Zend\Diactoros\ServerRequest))
#41 /var/www/flarum/vendor/zendframework/zend-stratigility/src/Next.php(52): Flarum\Http\Middleware\HandleErrorsWithWhoops->process(Object(Zend\Diactoros\ServerRequest), Object(Zend\Stratigility\Next))
#42 /var/www/flarum/vendor/zendframework/zend-stratigility/src/MiddlewarePipe.php(83): Zend\Stratigility\Next->handle(Object(Zend\Diactoros\ServerRequest))
#43 /var/www/flarum/vendor/middlewares/request-handler/src/RequestHandler.php(84): Zend\Stratigility\MiddlewarePipe->process(Object(Zend\Diactoros\ServerRequest), Object(Zend\Stratigility\Next))
#44 /var/www/flarum/vendor/zendframework/zend-stratigility/src/Next.php(52): Middlewares\RequestHandler->process(Object(Zend\Diactoros\ServerRequest), Object(Zend\Stratigility\Next))
#45 /var/www/flarum/vendor/middlewares/base-path-router/src/BasePathRouter.php(97): Zend\Stratigility\Next->handle(Object(Zend\Diactoros\ServerRequest))
#46 /var/www/flarum/vendor/zendframework/zend-stratigility/src/Next.php(52): Middlewares\BasePathRouter->process(Object(Zend\Diactoros\ServerRequest), Object(Zend\Stratigility\Next))
#47 /var/www/flarum/vendor/middlewares/base-path/src/BasePath.php(53): Zend\Stratigility\Next->handle(Object(Zend\Diactoros\ServerRequest))
#48 /var/www/flarum/vendor/zendframework/zend-stratigility/src/Next.php(52): Middlewares\BasePath->process(Object(Zend\Diactoros\ServerRequest), Object(Zend\Stratigility\Next))
#49 /var/www/flarum/vendor/zendframework/zend-stratigility/src/MiddlewarePipe.php(83): Zend\Stratigility\Next->handle(Object(Zend\Diactoros\ServerRequest))
#50 /var/www/flarum/vendor/zendframework/zend-stratigility/src/MiddlewarePipe.php(72): Zend\Stratigility\MiddlewarePipe->process(Object(Zend\Diactoros\ServerRequest), Object(Zend\Stratigility\EmptyPipelineHandler))
#51 /var/www/flarum/vendor/zendframework/zend-httphandlerrunner/src/RequestHandlerRunner.php(95): Zend\Stratigility\MiddlewarePipe->handle(Object(Zend\Diactoros\ServerRequest))
#52 /var/www/flarum/vendor/flarum/core/src/Http/Server.php(46): Zend\HttpHandlerRunner\RequestHandlerRunner->run()
#53 /var/www/flarum/public/index.php(23): Flarum\Http\Server->listen()
#54 {main}  
[2019-05-23 11:11:49] production.ERROR: TypeError: Argument 1 passed to Flarum\Formatter\Event\Rendering::__construct() must be an instance of s9e\TextFormatter\Renderer, instance of __PHP_Incomplete_Class given, called in /var/www/flarum/vendor/flarum/core/src/Formatter/Formatter.php on line 78 and defined in /var/www/flarum/vendor/flarum/core/src/Formatter/Event/Rendering.php:38
Stack trace:
#0 /var/www/flarum/vendor/flarum/core/src/Formatter/Formatter.php(78): Flarum\Formatter\Event\Rendering->__construct(Object(__PHP_Incomplete_Class), Object(Flarum\Post\CommentPost), '<r><H2><s>## </...')
#1 /var/www/flarum/vendor/flarum/core/src/Post/CommentPost.php(173): Flarum\Formatter\Formatter->render('<r><H2><s>## </...', Object(Flarum\Post\CommentPost))
#2 /var/www/flarum/vendor/illuminate/database/Eloquent/Concerns/HasAttributes.php(438): Flarum\Post\CommentPost->getContentHtmlAttribute(NULL)
#3 /var/www/flarum/vendor/illuminate/database/Eloquent/Concerns/HasAttributes.php(340): Illuminate\Database\Eloquent\Model->mutateAttribute('content_html', NULL)
#4 /var/www/flarum/vendor/illuminate/database/Eloquent/Concerns/HasAttributes.php(313): Illuminate\Database\Eloquent\Model->getAttributeValue('content_html')
#5 /var/www/flarum/vendor/flarum/core/src/Database/AbstractModel.php(118): Illuminate\Database\Eloquent\Model->getAttribute('content_html')
#6 /var/www/flarum/vendor/illuminate/database/Eloquent/Model.php(1382): Flarum\Database\AbstractModel->getAttribute('content_html')
#7 /var/www/flarum/vendor/flarum/core/src/Api/Serializer/BasicPostSerializer.php(47): Illuminate\Database\Eloquent\Model->__get('content_html')
#8 /var/www/flarum/vendor/flarum/core/src/Api/Serializer/AbstractSerializer.php(71): Flarum\Api\Serializer\BasicPostSerializer->getDefaultAttributes(Object(Flarum\Post\CommentPost))
#9 /var/www/flarum/vendor/tobscure/json-api/src/Resource.php(169): Flarum\Api\Serializer\AbstractSerializer->getAttributes(Object(Flarum\Post\CommentPost), NULL)
#10 /var/www/flarum/vendor/tobscure/json-api/src/Resource.php(75): Tobscure\JsonApi\Resource->getAttributes()
#11 /var/www/flarum/vendor/tobscure/json-api/src/Document.php(187): Tobscure\JsonApi\Resource->toArray()
#12 [internal function]: Tobscure\JsonApi\Document->Tobscure\JsonApi\{closure}(Object(Tobscure\JsonApi\Resource))
#13 /var/www/flarum/vendor/tobscure/json-api/src/Document.php(186): array_map(Object(Closure), Array)
#14 /var/www/flarum/vendor/tobscure/json-api/src/Document.php(224): Tobscure\JsonApi\Document->toArray()
#15 /var/www/flarum/vendor/flarum/core/src/Api/JsonApiResponse.php(29): Tobscure\JsonApi\Document->jsonSerialize()
#16 /var/www/flarum/vendor/flarum/core/src/Api/Controller/AbstractSerializeController.php(113): Flarum\Api\JsonApiResponse->__construct(Object(Tobscure\JsonApi\Document))
#17 /var/www/flarum/vendor/flarum/core/src/Api/Client.php(71): Flarum\Api\Controller\AbstractSerializeController->handle(Object(Zend\Diactoros\ServerRequest))
#18 /var/www/flarum/vendor/flarum/core/src/Forum/Content/Index.php(91): Flarum\Api\Client->send(Object(Flarum\Api\Controller\ListDiscussionsController), Object(Flarum\User\User), Array)
#19 /var/www/flarum/vendor/flarum/core/src/Forum/Content/Index.php(59): Flarum\Forum\Content\Index->getApiDocument(Object(Flarum\User\User), Array)
#20 /var/www/flarum/vendor/flarum/core/src/Frontend/Frontend.php(65): Flarum\Forum\Content\Index->__invoke(Object(Flarum\Frontend\Document), Object(Zend\Diactoros\ServerRequest))
#21 /var/www/flarum/vendor/flarum/core/src/Frontend/Frontend.php(57): Flarum\Frontend\Frontend->populate(Object(Flarum\Frontend\Document), Object(Zend\Diactoros\ServerRequest))
#22 /var/www/flarum/vendor/flarum/core/src/Frontend/Controller.php(34): Flarum\Frontend\Frontend->document(Object(Zend\Diactoros\ServerRequest))
#23 /var/www/flarum/vendor/flarum/core/src/Http/RouteHandlerFactory.php(40): Flarum\Frontend\Controller->handle(Object(Zend\Diactoros\ServerRequest))
#24 /var/www/flarum/vendor/flarum/core/src/Http/Middleware/DispatchRoute.php(67): Flarum\Http\RouteHandlerFactory->Flarum\Http\{closure}(Object(Zend\Diactoros\ServerRequest), Array)
#25 /var/www/flarum/vendor/zendframework/zend-stratigility/src/Next.php(52): Flarum\Http\Middleware\DispatchRoute->process(Object(Zend\Diactoros\ServerRequest), Object(Closure))
#26 /var/www/flarum/vendor/flarum/core/src/Http/Middleware/ShareErrorsFromSession.php(58): Zend\Stratigility\Next->handle(Object(Zend\Diactoros\ServerRequest))
#27 /var/www/flarum/vendor/zendframework/zend-stratigility/src/Next.php(52): Flarum\Http\Middleware\ShareErrorsFromSession->process(Object(Zend\Diactoros\ServerRequest), Object(Zend\Stratigility\Next))
#28 /var/www/flarum/vendor/flarum/core/src/Http/Middleware/SetLocale.php(51): Zend\Stratigility\Next->handle(Object(Zend\Diactoros\ServerRequest))
#29 /var/www/flarum/vendor/zendframework/zend-stratigility/src/Next.php(52): Flarum\Http\Middleware\SetLocale->process(Object(Zend\Diactoros\ServerRequest), Object(Zend\Stratigility\Next))
#30 /var/www/flarum/vendor/flarum/core/src/Http/Middleware/AuthenticateWithSession.php(34): Zend\Stratigility\Next->handle(Object(Zend\Diactoros\ServerRequest))
#31 /var/www/flarum/vendor/zendframework/zend-stratigility/src/Next.php(52): Flarum\Http\Middleware\AuthenticateWithSession->process(Object(Zend\Diactoros\ServerRequest), Object(Zend\Stratigility\Next))
#32 /var/www/flarum/vendor/flarum/core/src/Http/Middleware/RememberFromCookie.php(52): Zend\Stratigility\Next->handle(Object(Zend\Diactoros\ServerRequest))
#33 /var/www/flarum/vendor/zendframework/zend-stratigility/src/Next.php(52): Flarum\Http\Middleware\RememberFromCookie->process(Object(Zend\Diactoros\ServerRequest), Object(Zend\Stratigility\Next))
#34 /var/www/flarum/vendor/flarum/core/src/Http/Middleware/StartSession.php(62): Zend\Stratigility\Next->handle(Object(Zend\Diactoros\ServerRequest))
#35 /var/www/flarum/vendor/zendframework/zend-stratigility/src/Next.php(52): Flarum\Http\Middleware\StartSession->process(Object(Zend\Diactoros\ServerRequest), Object(Zend\Stratigility\Next))
#36 /var/www/flarum/vendor/flarum/core/src/Http/Middleware/CollectGarbage.php(48): Zend\Stratigility\Next->handle(Object(Zend\Diactoros\ServerRequest))
#37 /var/www/flarum/vendor/zendframework/zend-stratigility/src/Next.php(52): Flarum\Http\Middleware\CollectGarbage->process(Object(Zend\Diactoros\ServerRequest), Object(Zend\Stratigility\Next))
#38 /var/www/flarum/vendor/flarum/core/src/Http/Middleware/ParseJsonBody.php(29): Zend\Stratigility\Next->handle(Object(Zend\Diactoros\ServerRequest))
#39 /var/www/flarum/vendor/zendframework/zend-stratigility/src/Next.php(52): Flarum\Http\Middleware\ParseJsonBody->process(Object(Zend\Diactoros\ServerRequest), Object(Zend\Stratigility\Next))
#40 /var/www/flarum/vendor/flarum/core/src/Http/Middleware/HandleErrorsWithWhoops.php(43): Zend\Stratigility\Next->handle(Object(Zend\Diactoros\ServerRequest))
#41 /var/www/flarum/vendor/zendframework/zend-stratigility/src/Next.php(52): Flarum\Http\Middleware\HandleErrorsWithWhoops->process(Object(Zend\Diactoros\ServerRequest), Object(Zend\Stratigility\Next))
#42 /var/www/flarum/vendor/zendframework/zend-stratigility/src/MiddlewarePipe.php(83): Zend\Stratigility\Next->handle(Object(Zend\Diactoros\ServerRequest))
#43 /var/www/flarum/vendor/middlewares/request-handler/src/RequestHandler.php(84): Zend\Stratigility\MiddlewarePipe->process(Object(Zend\Diactoros\ServerRequest), Object(Zend\Stratigility\Next))
#44 /var/www/flarum/vendor/zendframework/zend-stratigility/src/Next.php(52): Middlewares\RequestHandler->process(Object(Zend\Diactoros\ServerRequest), Object(Zend\Stratigility\Next))
#45 /var/www/flarum/vendor/middlewares/base-path-router/src/BasePathRouter.php(97): Zend\Stratigility\Next->handle(Object(Zend\Diactoros\ServerRequest))
#46 /var/www/flarum/vendor/zendframework/zend-stratigility/src/Next.php(52): Middlewares\BasePathRouter->process(Object(Zend\Diactoros\ServerRequest), Object(Zend\Stratigility\Next))
#47 /var/www/flarum/vendor/middlewares/base-path/src/BasePath.php(53): Zend\Stratigility\Next->handle(Object(Zend\Diactoros\ServerRequest))
#48 /var/www/flarum/vendor/zendframework/zend-stratigility/src/Next.php(52): Middlewares\BasePath->process(Object(Zend\Diactoros\ServerRequest), Object(Zend\Stratigility\Next))
#49 /var/www/flarum/vendor/zendframework/zend-stratigility/src/MiddlewarePipe.php(83): Zend\Stratigility\Next->handle(Object(Zend\Diactoros\ServerRequest))
#50 /var/www/flarum/vendor/zendframework/zend-stratigility/src/MiddlewarePipe.php(72): Zend\Stratigility\MiddlewarePipe->process(Object(Zend\Diactoros\ServerRequest), Object(Zend\Stratigility\EmptyPipelineHandler))
#51 /var/www/flarum/vendor/zendframework/zend-httphandlerrunner/src/RequestHandlerRunner.php(95): Zend\Stratigility\MiddlewarePipe->handle(Object(Zend\Diactoros\ServerRequest))
#52 /var/www/flarum/vendor/flarum/core/src/Http/Server.php(46): Zend\HttpHandlerRunner\RequestHandlerRunner->run()
#53 /var/www/flarum/public/index.php(23): Flarum\Http\Server->listen()
#54 {main}  
[2019-05-23 11:11:52] production.ERROR: TypeError: Argument 1 passed to Flarum\Formatter\Event\Rendering::__construct() must be an instance of s9e\TextFormatter\Renderer, instance of __PHP_Incomplete_Class given, called in /var/www/flarum/vendor/flarum/core/src/Formatter/Formatter.php on line 78 and defined in /var/www/flarum/vendor/flarum/core/src/Formatter/Event/Rendering.php:38
Stack trace:
#0 /var/www/flarum/vendor/flarum/core/src/Formatter/Formatter.php(78): Flarum\Formatter\Event\Rendering->__construct(Object(__PHP_Incomplete_Class), Object(Flarum\Post\CommentPost), '<r><H2><s>## </...')
#1 /var/www/flarum/vendor/flarum/core/src/Post/CommentPost.php(173): Flarum\Formatter\Formatter->render('<r><H2><s>## </...', Object(Flarum\Post\CommentPost))
#2 /var/www/flarum/vendor/illuminate/database/Eloquent/Concerns/HasAttributes.php(438): Flarum\Post\CommentPost->getContentHtmlAttribute(NULL)
#3 /var/www/flarum/vendor/illuminate/database/Eloquent/Concerns/HasAttributes.php(340): Illuminate\Database\Eloquent\Model->mutateAttribute('content_html', NULL)
#4 /var/www/flarum/vendor/illuminate/database/Eloquent/Concerns/HasAttributes.php(313): Illuminate\Database\Eloquent\Model->getAttributeValue('content_html')
#5 /var/www/flarum/vendor/flarum/core/src/Database/AbstractModel.php(118): Illuminate\Database\Eloquent\Model->getAttribute('content_html')
#6 /var/www/flarum/vendor/illuminate/database/Eloquent/Model.php(1382): Flarum\Database\AbstractModel->getAttribute('content_html')
#7 /var/www/flarum/vendor/flarum/core/src/Api/Serializer/BasicPostSerializer.php(47): Illuminate\Database\Eloquent\Model->__get('content_html')
#8 /var/www/flarum/vendor/flarum/core/src/Api/Serializer/AbstractSerializer.php(71): Flarum\Api\Serializer\BasicPostSerializer->getDefaultAttributes(Object(Flarum\Post\CommentPost))
#9 /var/www/flarum/vendor/tobscure/json-api/src/Resource.php(169): Flarum\Api\Serializer\AbstractSerializer->getAttributes(Object(Flarum\Post\CommentPost), NULL)
#10 /var/www/flarum/vendor/tobscure/json-api/src/Resource.php(75): Tobscure\JsonApi\Resource->getAttributes()
#11 /var/www/flarum/vendor/tobscure/json-api/src/Document.php(187): Tobscure\JsonApi\Resource->toArray()
#12 [internal function]: Tobscure\JsonApi\Document->Tobscure\JsonApi\{closure}(Object(Tobscure\JsonApi\Resource))
#13 /var/www/flarum/vendor/tobscure/json-api/src/Document.php(186): array_map(Object(Closure), Array)
#14 /var/www/flarum/vendor/tobscure/json-api/src/Document.php(224): Tobscure\JsonApi\Document->toArray()
#15 /var/www/flarum/vendor/flarum/core/src/Api/JsonApiResponse.php(29): Tobscure\JsonApi\Document->jsonSerialize()
#16 /var/www/flarum/vendor/flarum/core/src/Api/Controller/AbstractSerializeController.php(113): Flarum\Api\JsonApiResponse->__construct(Object(Tobscure\JsonApi\Document))
#17 /var/www/flarum/vendor/flarum/core/src/Api/Client.php(71): Flarum\Api\Controller\AbstractSerializeController->handle(Object(Zend\Diactoros\ServerRequest))
#18 /var/www/flarum/vendor/flarum/core/src/Forum/Content/Index.php(91): Flarum\Api\Client->send(Object(Flarum\Api\Controller\ListDiscussionsController), Object(Flarum\User\User), Array)
#19 /var/www/flarum/vendor/flarum/core/src/Forum/Content/Index.php(59): Flarum\Forum\Content\Index->getApiDocument(Object(Flarum\User\User), Array)
#20 /var/www/flarum/vendor/flarum/core/src/Frontend/Frontend.php(65): Flarum\Forum\Content\Index->__invoke(Object(Flarum\Frontend\Document), Object(Zend\Diactoros\ServerRequest))
#21 /var/www/flarum/vendor/flarum/core/src/Frontend/Frontend.php(57): Flarum\Frontend\Frontend->populate(Object(Flarum\Frontend\Document), Object(Zend\Diactoros\ServerRequest))
#22 /var/www/flarum/vendor/flarum/core/src/Frontend/Controller.php(34): Flarum\Frontend\Frontend->document(Object(Zend\Diactoros\ServerRequest))
#23 /var/www/flarum/vendor/flarum/core/src/Http/RouteHandlerFactory.php(40): Flarum\Frontend\Controller->handle(Object(Zend\Diactoros\ServerRequest))
#24 /var/www/flarum/vendor/flarum/core/src/Http/Middleware/DispatchRoute.php(67): Flarum\Http\RouteHandlerFactory->Flarum\Http\{closure}(Object(Zend\Diactoros\ServerRequest), Array)
#25 /var/www/flarum/vendor/zendframework/zend-stratigility/src/Next.php(52): Flarum\Http\Middleware\DispatchRoute->process(Object(Zend\Diactoros\ServerRequest), Object(Closure))
#26 /var/www/flarum/vendor/flarum/core/src/Http/Middleware/ShareErrorsFromSession.php(58): Zend\Stratigility\Next->handle(Object(Zend\Diactoros\ServerRequest))
#27 /var/www/flarum/vendor/zendframework/zend-stratigility/src/Next.php(52): Flarum\Http\Middleware\ShareErrorsFromSession->process(Object(Zend\Diactoros\ServerRequest), Object(Zend\Stratigility\Next))
#28 /var/www/flarum/vendor/flarum/core/src/Http/Middleware/SetLocale.php(51): Zend\Stratigility\Next->handle(Object(Zend\Diactoros\ServerRequest))
#29 /var/www/flarum/vendor/zendframework/zend-stratigility/src/Next.php(52): Flarum\Http\Middleware\SetLocale->process(Object(Zend\Diactoros\ServerRequest), Object(Zend\Stratigility\Next))
#30 /var/www/flarum/vendor/flarum/core/src/Http/Middleware/AuthenticateWithSession.php(34): Zend\Stratigility\Next->handle(Object(Zend\Diactoros\ServerRequest))
#31 /var/www/flarum/vendor/zendframework/zend-stratigility/src/Next.php(52): Flarum\Http\Middleware\AuthenticateWithSession->process(Object(Zend\Diactoros\ServerRequest), Object(Zend\Stratigility\Next))
#32 /var/www/flarum/vendor/flarum/core/src/Http/Middleware/RememberFromCookie.php(52): Zend\Stratigility\Next->handle(Object(Zend\Diactoros\ServerRequest))
#33 /var/www/flarum/vendor/zendframework/zend-stratigility/src/Next.php(52): Flarum\Http\Middleware\RememberFromCookie->process(Object(Zend\Diactoros\ServerRequest), Object(Zend\Stratigility\Next))
#34 /var/www/flarum/vendor/flarum/core/src/Http/Middleware/StartSession.php(62): Zend\Stratigility\Next->handle(Object(Zend\Diactoros\ServerRequest))
#35 /var/www/flarum/vendor/zendframework/zend-stratigility/src/Next.php(52): Flarum\Http\Middleware\StartSession->process(Object(Zend\Diactoros\ServerRequest), Object(Zend\Stratigility\Next))
#36 /var/www/flarum/vendor/flarum/core/src/Http/Middleware/CollectGarbage.php(48): Zend\Stratigility\Next->handle(Object(Zend\Diactoros\ServerRequest))
#37 /var/www/flarum/vendor/zendframework/zend-stratigility/src/Next.php(52): Flarum\Http\Middleware\CollectGarbage->process(Object(Zend\Diactoros\ServerRequest), Object(Zend\Stratigility\Next))
#38 /var/www/flarum/vendor/flarum/core/src/Http/Middleware/ParseJsonBody.php(29): Zend\Stratigility\Next->handle(Object(Zend\Diactoros\ServerRequest))
#39 /var/www/flarum/vendor/zendframework/zend-stratigility/src/Next.php(52): Flarum\Http\Middleware\ParseJsonBody->process(Object(Zend\Diactoros\ServerRequest), Object(Zend\Stratigility\Next))
#40 /var/www/flarum/vendor/flarum/core/src/Http/Middleware/HandleErrorsWithWhoops.php(43): Zend\Stratigility\Next->handle(Object(Zend\Diactoros\ServerRequest))
#41 /var/www/flarum/vendor/zendframework/zend-stratigility/src/Next.php(52): Flarum\Http\Middleware\HandleErrorsWithWhoops->process(Object(Zend\Diactoros\ServerRequest), Object(Zend\Stratigility\Next))
#42 /var/www/flarum/vendor/zendframework/zend-stratigility/src/MiddlewarePipe.php(83): Zend\Stratigility\Next->handle(Object(Zend\Diactoros\ServerRequest))
#43 /var/www/flarum/vendor/middlewares/request-handler/src/RequestHandler.php(84): Zend\Stratigility\MiddlewarePipe->process(Object(Zend\Diactoros\ServerRequest), Object(Zend\Stratigility\Next))
#44 /var/www/flarum/vendor/zendframework/zend-stratigility/src/Next.php(52): Middlewares\RequestHandler->process(Object(Zend\Diactoros\ServerRequest), Object(Zend\Stratigility\Next))
#45 /var/www/flarum/vendor/middlewares/base-path-router/src/BasePathRouter.php(97): Zend\Stratigility\Next->handle(Object(Zend\Diactoros\ServerRequest))
#46 /var/www/flarum/vendor/zendframework/zend-stratigility/src/Next.php(52): Middlewares\BasePathRouter->process(Object(Zend\Diactoros\ServerRequest), Object(Zend\Stratigility\Next))
#47 /var/www/flarum/vendor/middlewares/base-path/src/BasePath.php(53): Zend\Stratigility\Next->handle(Object(Zend\Diactoros\ServerRequest))
#48 /var/www/flarum/vendor/zendframework/zend-stratigility/src/Next.php(52): Middlewares\BasePath->process(Object(Zend\Diactoros\ServerRequest), Object(Zend\Stratigility\Next))
#49 /var/www/flarum/vendor/zendframework/zend-stratigility/src/MiddlewarePipe.php(83): Zend\Stratigility\Next->handle(Object(Zend\Diactoros\ServerRequest))
#50 /var/www/flarum/vendor/zendframework/zend-stratigility/src/MiddlewarePipe.php(72): Zend\Stratigility\MiddlewarePipe->process(Object(Zend\Diactoros\ServerRequest), Object(Zend\Stratigility\EmptyPipelineHandler))
#51 /var/www/flarum/vendor/zendframework/zend-httphandlerrunner/src/RequestHandlerRunner.php(95): Zend\Stratigility\MiddlewarePipe->handle(Object(Zend\Diactoros\ServerRequest))
#52 /var/www/flarum/vendor/flarum/core/src/Http/Server.php(46): Zend\HttpHandlerRunner\RequestHandlerRunner->run()
#53 /var/www/flarum/public/index.php(23): Flarum\Http\Server->listen()
#54 {main}  
[2019-05-23 11:12:23] production.ERROR: TypeError: Argument 1 passed to Flarum\Formatter\Event\Rendering::__construct() must be an instance of s9e\TextFormatter\Renderer, instance of __PHP_Incomplete_Class given, called in /var/www/flarum/vendor/flarum/core/src/Formatter/Formatter.php on line 78 and defined in /var/www/flarum/vendor/flarum/core/src/Formatter/Event/Rendering.php:38
Stack trace:
#0 /var/www/flarum/vendor/flarum/core/src/Formatter/Formatter.php(78): Flarum\Formatter\Event\Rendering->__construct(Object(__PHP_Incomplete_Class), Object(Flarum\Post\CommentPost), '<r><H2><s>## </...')
#1 /var/www/flarum/vendor/flarum/core/src/Post/CommentPost.php(173): Flarum\Formatter\Formatter->render('<r><H2><s>## </...', Object(Flarum\Post\CommentPost))
#2 /var/www/flarum/vendor/illuminate/database/Eloquent/Concerns/HasAttributes.php(438): Flarum\Post\CommentPost->getContentHtmlAttribute(NULL)
#3 /var/www/flarum/vendor/illuminate/database/Eloquent/Concerns/HasAttributes.php(340): Illuminate\Database\Eloquent\Model->mutateAttribute('content_html', NULL)
#4 /var/www/flarum/vendor/illuminate/database/Eloquent/Concerns/HasAttributes.php(313): Illuminate\Database\Eloquent\Model->getAttributeValue('content_html')
#5 /var/www/flarum/vendor/flarum/core/src/Database/AbstractModel.php(118): Illuminate\Database\Eloquent\Model->getAttribute('content_html')
#6 /var/www/flarum/vendor/illuminate/database/Eloquent/Model.php(1382): Flarum\Database\AbstractModel->getAttribute('content_html')
#7 /var/www/flarum/vendor/flarum/core/src/Api/Serializer/BasicPostSerializer.php(47): Illuminate\Database\Eloquent\Model->__get('content_html')
#8 /var/www/flarum/vendor/flarum/core/src/Api/Serializer/AbstractSerializer.php(71): Flarum\Api\Serializer\BasicPostSerializer->getDefaultAttributes(Object(Flarum\Post\CommentPost))
#9 /var/www/flarum/vendor/tobscure/json-api/src/Resource.php(169): Flarum\Api\Serializer\AbstractSerializer->getAttributes(Object(Flarum\Post\CommentPost), NULL)
#10 /var/www/flarum/vendor/tobscure/json-api/src/Resource.php(75): Tobscure\JsonApi\Resource->getAttributes()
#11 /var/www/flarum/vendor/tobscure/json-api/src/Document.php(187): Tobscure\JsonApi\Resource->toArray()
#12 [internal function]: Tobscure\JsonApi\Document->Tobscure\JsonApi\{closure}(Object(Tobscure\JsonApi\Resource))
#13 /var/www/flarum/vendor/tobscure/json-api/src/Document.php(186): array_map(Object(Closure), Array)
#14 /var/www/flarum/vendor/tobscure/json-api/src/Document.php(224): Tobscure\JsonApi\Document->toArray()
#15 /var/www/flarum/vendor/flarum/core/src/Api/JsonApiResponse.php(29): Tobscure\JsonApi\Document->jsonSerialize()
#16 /var/www/flarum/vendor/flarum/core/src/Api/Controller/AbstractSerializeController.php(113): Flarum\Api\JsonApiResponse->__construct(Object(Tobscure\JsonApi\Document))
#17 /var/www/flarum/vendor/flarum/core/src/Api/Client.php(71): Flarum\Api\Controller\AbstractSerializeController->handle(Object(Zend\Diactoros\ServerRequest))
#18 /var/www/flarum/vendor/flarum/core/src/Forum/Content/Index.php(91): Flarum\Api\Client->send(Object(Flarum\Api\Controller\ListDiscussionsController), Object(Flarum\User\User), Array)
#19 /var/www/flarum/vendor/flarum/core/src/Forum/Content/Index.php(59): Flarum\Forum\Content\Index->getApiDocument(Object(Flarum\User\User), Array)
#20 /var/www/flarum/vendor/flarum/core/src/Frontend/Frontend.php(65): Flarum\Forum\Content\Index->__invoke(Object(Flarum\Frontend\Document), Object(Zend\Diactoros\ServerRequest))
#21 /var/www/flarum/vendor/flarum/core/src/Frontend/Frontend.php(57): Flarum\Frontend\Frontend->populate(Object(Flarum\Frontend\Document), Object(Zend\Diactoros\ServerRequest))
#22 /var/www/flarum/vendor/flarum/core/src/Frontend/Controller.php(34): Flarum\Frontend\Frontend->document(Object(Zend\Diactoros\ServerRequest))
#23 /var/www/flarum/vendor/flarum/core/src/Http/RouteHandlerFactory.php(40): Flarum\Frontend\Controller->handle(Object(Zend\Diactoros\ServerRequest))
#24 /var/www/flarum/vendor/flarum/core/src/Http/Middleware/DispatchRoute.php(67): Flarum\Http\RouteHandlerFactory->Flarum\Http\{closure}(Object(Zend\Diactoros\ServerRequest), Array)
#25 /var/www/flarum/vendor/zendframework/zend-stratigility/src/Next.php(52): Flarum\Http\Middleware\DispatchRoute->process(Object(Zend\Diactoros\ServerRequest), Object(Closure))
#26 /var/www/flarum/vendor/flarum/core/src/Http/Middleware/ShareErrorsFromSession.php(58): Zend\Stratigility\Next->handle(Object(Zend\Diactoros\ServerRequest))
#27 /var/www/flarum/vendor/zendframework/zend-stratigility/src/Next.php(52): Flarum\Http\Middleware\ShareErrorsFromSession->process(Object(Zend\Diactoros\ServerRequest), Object(Zend\Stratigility\Next))
#28 /var/www/flarum/vendor/flarum/core/src/Http/Middleware/SetLocale.php(51): Zend\Stratigility\Next->handle(Object(Zend\Diactoros\ServerRequest))
#29 /var/www/flarum/vendor/zendframework/zend-stratigility/src/Next.php(52): Flarum\Http\Middleware\SetLocale->process(Object(Zend\Diactoros\ServerRequest), Object(Zend\Stratigility\Next))
#30 /var/www/flarum/vendor/flarum/core/src/Http/Middleware/AuthenticateWithSession.php(34): Zend\Stratigility\Next->handle(Object(Zend\Diactoros\ServerRequest))
#31 /var/www/flarum/vendor/zendframework/zend-stratigility/src/Next.php(52): Flarum\Http\Middleware\AuthenticateWithSession->process(Object(Zend\Diactoros\ServerRequest), Object(Zend\Stratigility\Next))
#32 /var/www/flarum/vendor/flarum/core/src/Http/Middleware/RememberFromCookie.php(52): Zend\Stratigility\Next->handle(Object(Zend\Diactoros\ServerRequest))
#33 /var/www/flarum/vendor/zendframework/zend-stratigility/src/Next.php(52): Flarum\Http\Middleware\RememberFromCookie->process(Object(Zend\Diactoros\ServerRequest), Object(Zend\Stratigility\Next))
#34 /var/www/flarum/vendor/flarum/core/src/Http/Middleware/StartSession.php(62): Zend\Stratigility\Next->handle(Object(Zend\Diactoros\ServerRequest))
#35 /var/www/flarum/vendor/zendframework/zend-stratigility/src/Next.php(52): Flarum\Http\Middleware\StartSession->process(Object(Zend\Diactoros\ServerRequest), Object(Zend\Stratigility\Next))
#36 /var/www/flarum/vendor/flarum/core/src/Http/Middleware/CollectGarbage.php(48): Zend\Stratigility\Next->handle(Object(Zend\Diactoros\ServerRequest))
#37 /var/www/flarum/vendor/zendframework/zend-stratigility/src/Next.php(52): Flarum\Http\Middleware\CollectGarbage->process(Object(Zend\Diactoros\ServerRequest), Object(Zend\Stratigility\Next))
#38 /var/www/flarum/vendor/flarum/core/src/Http/Middleware/ParseJsonBody.php(29): Zend\Stratigility\Next->handle(Object(Zend\Diactoros\ServerRequest))
#39 /var/www/flarum/vendor/zendframework/zend-stratigility/src/Next.php(52): Flarum\Http\Middleware\ParseJsonBody->process(Object(Zend\Diactoros\ServerRequest), Object(Zend\Stratigility\Next))
#40 /var/www/flarum/vendor/flarum/core/src/Http/Middleware/HandleErrorsWithWhoops.php(43): Zend\Stratigility\Next->handle(Object(Zend\Diactoros\ServerRequest))
#41 /var/www/flarum/vendor/zendframework/zend-stratigility/src/Next.php(52): Flarum\Http\Middleware\HandleErrorsWithWhoops->process(Object(Zend\Diactoros\ServerRequest), Object(Zend\Stratigility\Next))
#42 /var/www/flarum/vendor/zendframework/zend-stratigility/src/MiddlewarePipe.php(83): Zend\Stratigility\Next->handle(Object(Zend\Diactoros\ServerRequest))
#43 /var/www/flarum/vendor/middlewares/request-handler/src/RequestHandler.php(84): Zend\Stratigility\MiddlewarePipe->process(Object(Zend\Diactoros\ServerRequest), Object(Zend\Stratigility\Next))
#44 /var/www/flarum/vendor/zendframework/zend-stratigility/src/Next.php(52): Middlewares\RequestHandler->process(Object(Zend\Diactoros\ServerRequest), Object(Zend\Stratigility\Next))
#45 /var/www/flarum/vendor/middlewares/base-path-router/src/BasePathRouter.php(97): Zend\Stratigility\Next->handle(Object(Zend\Diactoros\ServerRequest))
#46 /var/www/flarum/vendor/zendframework/zend-stratigility/src/Next.php(52): Middlewares\BasePathRouter->process(Object(Zend\Diactoros\ServerRequest), Object(Zend\Stratigility\Next))
#47 /var/www/flarum/vendor/middlewares/base-path/src/BasePath.php(53): Zend\Stratigility\Next->handle(Object(Zend\Diactoros\ServerRequest))
#48 /var/www/flarum/vendor/zendframework/zend-stratigility/src/Next.php(52): Middlewares\BasePath->process(Object(Zend\Diactoros\ServerRequest), Object(Zend\Stratigility\Next))
#49 /var/www/flarum/vendor/zendframework/zend-stratigility/src/MiddlewarePipe.php(83): Zend\Stratigility\Next->handle(Object(Zend\Diactoros\ServerRequest))
#50 /var/www/flarum/vendor/zendframework/zend-stratigility/src/MiddlewarePipe.php(72): Zend\Stratigility\MiddlewarePipe->process(Object(Zend\Diactoros\ServerRequest), Object(Zend\Stratigility\EmptyPipelineHandler))
#51 /var/www/flarum/vendor/zendframework/zend-httphandlerrunner/src/RequestHandlerRunner.php(95): Zend\Stratigility\MiddlewarePipe->handle(Object(Zend\Diactoros\ServerRequest))
#52 /var/www/flarum/vendor/flarum/core/src/Http/Server.php(46): Zend\HttpHandlerRunner\RequestHandlerRunner->run()
#53 /var/www/flarum/public/index.php(23): Flarum\Http\Server->listen()
#54 {main}  
[2019-05-23 11:12:27] production.ERROR: TypeError: Argument 1 passed to Flarum\Formatter\Event\Rendering::__construct() must be an instance of s9e\TextFormatter\Renderer, instance of __PHP_Incomplete_Class given, called in /var/www/flarum/vendor/flarum/core/src/Formatter/Formatter.php on line 78 and defined in /var/www/flarum/vendor/flarum/core/src/Formatter/Event/Rendering.php:38
Stack trace:
#0 /var/www/flarum/vendor/flarum/core/src/Formatter/Formatter.php(78): Flarum\Formatter\Event\Rendering->__construct(Object(__PHP_Incomplete_Class), Object(Flarum\Post\CommentPost), '<r><H2><s>## </...')
#1 /var/www/flarum/vendor/flarum/core/src/Post/CommentPost.php(173): Flarum\Formatter\Formatter->render('<r><H2><s>## </...', Object(Flarum\Post\CommentPost))
#2 /var/www/flarum/vendor/illuminate/database/Eloquent/Concerns/HasAttributes.php(438): Flarum\Post\CommentPost->getContentHtmlAttribute(NULL)
#3 /var/www/flarum/vendor/illuminate/database/Eloquent/Concerns/HasAttributes.php(340): Illuminate\Database\Eloquent\Model->mutateAttribute('content_html', NULL)
#4 /var/www/flarum/vendor/illuminate/database/Eloquent/Concerns/HasAttributes.php(313): Illuminate\Database\Eloquent\Model->getAttributeValue('content_html')
#5 /var/www/flarum/vendor/flarum/core/src/Database/AbstractModel.php(118): Illuminate\Database\Eloquent\Model->getAttribute('content_html')
#6 /var/www/flarum/vendor/illuminate/database/Eloquent/Model.php(1382): Flarum\Database\AbstractModel->getAttribute('content_html')
#7 /var/www/flarum/vendor/flarum/core/src/Api/Serializer/BasicPostSerializer.php(47): Illuminate\Database\Eloquent\Model->__get('content_html')
#8 /var/www/flarum/vendor/flarum/core/src/Api/Serializer/AbstractSerializer.php(71): Flarum\Api\Serializer\BasicPostSerializer->getDefaultAttributes(Object(Flarum\Post\CommentPost))
#9 /var/www/flarum/vendor/tobscure/json-api/src/Resource.php(169): Flarum\Api\Serializer\AbstractSerializer->getAttributes(Object(Flarum\Post\CommentPost), NULL)
#10 /var/www/flarum/vendor/tobscure/json-api/src/Resource.php(75): Tobscure\JsonApi\Resource->getAttributes()
#11 /var/www/flarum/vendor/tobscure/json-api/src/Document.php(187): Tobscure\JsonApi\Resource->toArray()
#12 [internal function]: Tobscure\JsonApi\Document->Tobscure\JsonApi\{closure}(Object(Tobscure\JsonApi\Resource))
#13 /var/www/flarum/vendor/tobscure/json-api/src/Document.php(186): array_map(Object(Closure), Array)
#14 /var/www/flarum/vendor/tobscure/json-api/src/Document.php(224): Tobscure\JsonApi\Document->toArray()
#15 /var/www/flarum/vendor/flarum/core/src/Api/JsonApiResponse.php(29): Tobscure\JsonApi\Document->jsonSerialize()
#16 /var/www/flarum/vendor/flarum/core/src/Api/Controller/AbstractSerializeController.php(113): Flarum\Api\JsonApiResponse->__construct(Object(Tobscure\JsonApi\Document))
#17 /var/www/flarum/vendor/flarum/core/src/Api/Client.php(71): Flarum\Api\Controller\AbstractSerializeController->handle(Object(Zend\Diactoros\ServerRequest))
#18 /var/www/flarum/vendor/flarum/core/src/Forum/Content/Index.php(91): Flarum\Api\Client->send(Object(Flarum\Api\Controller\ListDiscussionsController), Object(Flarum\User\User), Array)
#19 /var/www/flarum/vendor/flarum/core/src/Forum/Content/Index.php(59): Flarum\Forum\Content\Index->getApiDocument(Object(Flarum\User\User), Array)
#20 /var/www/flarum/vendor/flarum/core/src/Frontend/Frontend.php(65): Flarum\Forum\Content\Index->__invoke(Object(Flarum\Frontend\Document), Object(Zend\Diactoros\ServerRequest))
#21 /var/www/flarum/vendor/flarum/core/src/Frontend/Frontend.php(57): Flarum\Frontend\Frontend->populate(Object(Flarum\Frontend\Document), Object(Zend\Diactoros\ServerRequest))
#22 /var/www/flarum/vendor/flarum/core/src/Frontend/Controller.php(34): Flarum\Frontend\Frontend->document(Object(Zend\Diactoros\ServerRequest))
#23 /var/www/flarum/vendor/flarum/core/src/Http/RouteHandlerFactory.php(40): Flarum\Frontend\Controller->handle(Object(Zend\Diactoros\ServerRequest))
#24 /var/www/flarum/vendor/flarum/core/src/Http/Middleware/DispatchRoute.php(67): Flarum\Http\RouteHandlerFactory->Flarum\Http\{closure}(Object(Zend\Diactoros\ServerRequest), Array)
#25 /var/www/flarum/vendor/zendframework/zend-stratigility/src/Next.php(52): Flarum\Http\Middleware\DispatchRoute->process(Object(Zend\Diactoros\ServerRequest), Object(Closure))
#26 /var/www/flarum/vendor/flarum/core/src/Http/Middleware/ShareErrorsFromSession.php(58): Zend\Stratigility\Next->handle(Object(Zend\Diactoros\ServerRequest))
#27 /var/www/flarum/vendor/zendframework/zend-stratigility/src/Next.php(52): Flarum\Http\Middleware\ShareErrorsFromSession->process(Object(Zend\Diactoros\ServerRequest), Object(Zend\Stratigility\Next))
#28 /var/www/flarum/vendor/flarum/core/src/Http/Middleware/SetLocale.php(51): Zend\Stratigility\Next->handle(Object(Zend\Diactoros\ServerRequest))
#29 /var/www/flarum/vendor/zendframework/zend-stratigility/src/Next.php(52): Flarum\Http\Middleware\SetLocale->process(Object(Zend\Diactoros\ServerRequest), Object(Zend\Stratigility\Next))
#30 /var/www/flarum/vendor/flarum/core/src/Http/Middleware/AuthenticateWithSession.php(34): Zend\Stratigility\Next->handle(Object(Zend\Diactoros\ServerRequest))
#31 /var/www/flarum/vendor/zendframework/zend-stratigility/src/Next.php(52): Flarum\Http\Middleware\AuthenticateWithSession->process(Object(Zend\Diactoros\ServerRequest), Object(Zend\Stratigility\Next))
#32 /var/www/flarum/vendor/flarum/core/src/Http/Middleware/RememberFromCookie.php(52): Zend\Stratigility\Next->handle(Object(Zend\Diactoros\ServerRequest))
#33 /var/www/flarum/vendor/zendframework/zend-stratigility/src/Next.php(52): Flarum\Http\Middleware\RememberFromCookie->process(Object(Zend\Diactoros\ServerRequest), Object(Zend\Stratigility\Next))
#34 /var/www/flarum/vendor/flarum/core/src/Http/Middleware/StartSession.php(62): Zend\Stratigility\Next->handle(Object(Zend\Diactoros\ServerRequest))
#35 /var/www/flarum/vendor/zendframework/zend-stratigility/src/Next.php(52): Flarum\Http\Middleware\StartSession->process(Object(Zend\Diactoros\ServerRequest), Object(Zend\Stratigility\Next))
#36 /var/www/flarum/vendor/flarum/core/src/Http/Middleware/CollectGarbage.php(48): Zend\Stratigility\Next->handle(Object(Zend\Diactoros\ServerRequest))
#37 /var/www/flarum/vendor/zendframework/zend-stratigility/src/Next.php(52): Flarum\Http\Middleware\CollectGarbage->process(Object(Zend\Diactoros\ServerRequest), Object(Zend\Stratigility\Next))
#38 /var/www/flarum/vendor/flarum/core/src/Http/Middleware/ParseJsonBody.php(29): Zend\Stratigility\Next->handle(Object(Zend\Diactoros\ServerRequest))
#39 /var/www/flarum/vendor/zendframework/zend-stratigility/src/Next.php(52): Flarum\Http\Middleware\ParseJsonBody->process(Object(Zend\Diactoros\ServerRequest), Object(Zend\Stratigility\Next))
#40 /var/www/flarum/vendor/flarum/core/src/Http/Middleware/HandleErrorsWithWhoops.php(43): Zend\Stratigility\Next->handle(Object(Zend\Diactoros\ServerRequest))
#41 /var/www/flarum/vendor/zendframework/zend-stratigility/src/Next.php(52): Flarum\Http\Middleware\HandleErrorsWithWhoops->process(Object(Zend\Diactoros\ServerRequest), Object(Zend\Stratigility\Next))
#42 /var/www/flarum/vendor/zendframework/zend-stratigility/src/MiddlewarePipe.php(83): Zend\Stratigility\Next->handle(Object(Zend\Diactoros\ServerRequest))
#43 /var/www/flarum/vendor/middlewares/request-handler/src/RequestHandler.php(84): Zend\Stratigility\MiddlewarePipe->process(Object(Zend\Diactoros\ServerRequest), Object(Zend\Stratigility\Next))
#44 /var/www/flarum/vendor/zendframework/zend-stratigility/src/Next.php(52): Middlewares\RequestHandler->process(Object(Zend\Diactoros\ServerRequest), Object(Zend\Stratigility\Next))
#45 /var/www/flarum/vendor/middlewares/base-path-router/src/BasePathRouter.php(97): Zend\Stratigility\Next->handle(Object(Zend\Diactoros\ServerRequest))
#46 /var/www/flarum/vendor/zendframework/zend-stratigility/src/Next.php(52): Middlewares\BasePathRouter->process(Object(Zend\Diactoros\ServerRequest), Object(Zend\Stratigility\Next))
#47 /var/www/flarum/vendor/middlewares/base-path/src/BasePath.php(53): Zend\Stratigility\Next->handle(Object(Zend\Diactoros\ServerRequest))
#48 /var/www/flarum/vendor/zendframework/zend-stratigility/src/Next.php(52): Middlewares\BasePath->process(Object(Zend\Diactoros\ServerRequest), Object(Zend\Stratigility\Next))
#49 /var/www/flarum/vendor/zendframework/zend-stratigility/src/MiddlewarePipe.php(83): Zend\Stratigility\Next->handle(Object(Zend\Diactoros\ServerRequest))
#50 /var/www/flarum/vendor/zendframework/zend-stratigility/src/MiddlewarePipe.php(72): Zend\Stratigility\MiddlewarePipe->process(Object(Zend\Diactoros\ServerRequest), Object(Zend\Stratigility\EmptyPipelineHandler))
#51 /var/www/flarum/vendor/zendframework/zend-httphandlerrunner/src/RequestHandlerRunner.php(95): Zend\Stratigility\MiddlewarePipe->handle(Object(Zend\Diactoros\ServerRequest))
#52 /var/www/flarum/vendor/flarum/core/src/Http/Server.php(46): Zend\HttpHandlerRunner\RequestHandlerRunner->run()
#53 /var/www/flarum/public/index.php(23): Flarum\Http\Server->listen()
#54 {main}  
[2019-05-23 11:12:28] production.ERROR: TypeError: Argument 1 passed to Flarum\Formatter\Event\Rendering::__construct() must be an instance of s9e\TextFormatter\Renderer, instance of __PHP_Incomplete_Class given, called in /var/www/flarum/vendor/flarum/core/src/Formatter/Formatter.php on line 78 and defined in /var/www/flarum/vendor/flarum/core/src/Formatter/Event/Rendering.php:38
Stack trace:
#0 /var/www/flarum/vendor/flarum/core/src/Formatter/Formatter.php(78): Flarum\Formatter\Event\Rendering->__construct(Object(__PHP_Incomplete_Class), Object(Flarum\Post\CommentPost), '<r><H2><s>## </...')
#1 /var/www/flarum/vendor/flarum/core/src/Post/CommentPost.php(173): Flarum\Formatter\Formatter->render('<r><H2><s>## </...', Object(Flarum\Post\CommentPost))
#2 /var/www/flarum/vendor/illuminate/database/Eloquent/Concerns/HasAttributes.php(438): Flarum\Post\CommentPost->getContentHtmlAttribute(NULL)
#3 /var/www/flarum/vendor/illuminate/database/Eloquent/Concerns/HasAttributes.php(340): Illuminate\Database\Eloquent\Model->mutateAttribute('content_html', NULL)
#4 /var/www/flarum/vendor/illuminate/database/Eloquent/Concerns/HasAttributes.php(313): Illuminate\Database\Eloquent\Model->getAttributeValue('content_html')
#5 /var/www/flarum/vendor/flarum/core/src/Database/AbstractModel.php(118): Illuminate\Database\Eloquent\Model->getAttribute('content_html')
#6 /var/www/flarum/vendor/illuminate/database/Eloquent/Model.php(1382): Flarum\Database\AbstractModel->getAttribute('content_html')
#7 /var/www/flarum/vendor/flarum/core/src/Api/Serializer/BasicPostSerializer.php(47): Illuminate\Database\Eloquent\Model->__get('content_html')
#8 /var/www/flarum/vendor/flarum/core/src/Api/Serializer/AbstractSerializer.php(71): Flarum\Api\Serializer\BasicPostSerializer->getDefaultAttributes(Object(Flarum\Post\CommentPost))
#9 /var/www/flarum/vendor/tobscure/json-api/src/Resource.php(169): Flarum\Api\Serializer\AbstractSerializer->getAttributes(Object(Flarum\Post\CommentPost), NULL)
#10 /var/www/flarum/vendor/tobscure/json-api/src/Resource.php(75): Tobscure\JsonApi\Resource->getAttributes()
#11 /var/www/flarum/vendor/tobscure/json-api/src/Document.php(187): Tobscure\JsonApi\Resource->toArray()
#12 [internal function]: Tobscure\JsonApi\Document->Tobscure\JsonApi\{closure}(Object(Tobscure\JsonApi\Resource))
#13 /var/www/flarum/vendor/tobscure/json-api/src/Document.php(186): array_map(Object(Closure), Array)
#14 /var/www/flarum/vendor/tobscure/json-api/src/Document.php(224): Tobscure\JsonApi\Document->toArray()
#15 /var/www/flarum/vendor/flarum/core/src/Api/JsonApiResponse.php(29): Tobscure\JsonApi\Document->jsonSerialize()
#16 /var/www/flarum/vendor/flarum/core/src/Api/Controller/AbstractSerializeController.php(113): Flarum\Api\JsonApiResponse->__construct(Object(Tobscure\JsonApi\Document))
#17 /var/www/flarum/vendor/flarum/core/src/Api/Client.php(71): Flarum\Api\Controller\AbstractSerializeController->handle(Object(Zend\Diactoros\ServerRequest))
#18 /var/www/flarum/vendor/flarum/core/src/Forum/Content/Index.php(91): Flarum\Api\Client->send(Object(Flarum\Api\Controller\ListDiscussionsController), Object(Flarum\User\User), Array)
#19 /var/www/flarum/vendor/flarum/core/src/Forum/Content/Index.php(59): Flarum\Forum\Content\Index->getApiDocument(Object(Flarum\User\User), Array)
#20 /var/www/flarum/vendor/flarum/core/src/Frontend/Frontend.php(65): Flarum\Forum\Content\Index->__invoke(Object(Flarum\Frontend\Document), Object(Zend\Diactoros\ServerRequest))
#21 /var/www/flarum/vendor/flarum/core/src/Frontend/Frontend.php(57): Flarum\Frontend\Frontend->populate(Object(Flarum\Frontend\Document), Object(Zend\Diactoros\ServerRequest))
#22 /var/www/flarum/vendor/flarum/core/src/Frontend/Controller.php(34): Flarum\Frontend\Frontend->document(Object(Zend\Diactoros\ServerRequest))
#23 /var/www/flarum/vendor/flarum/core/src/Http/RouteHandlerFactory.php(40): Flarum\Frontend\Controller->handle(Object(Zend\Diactoros\ServerRequest))
#24 /var/www/flarum/vendor/flarum/core/src/Http/Middleware/DispatchRoute.php(67): Flarum\Http\RouteHandlerFactory->Flarum\Http\{closure}(Object(Zend\Diactoros\ServerRequest), Array)
#25 /var/www/flarum/vendor/zendframework/zend-stratigility/src/Next.php(52): Flarum\Http\Middleware\DispatchRoute->process(Object(Zend\Diactoros\ServerRequest), Object(Closure))
#26 /var/www/flarum/vendor/flarum/core/src/Http/Middleware/ShareErrorsFromSession.php(58): Zend\Stratigility\Next->handle(Object(Zend\Diactoros\ServerRequest))
#27 /var/www/flarum/vendor/zendframework/zend-stratigility/src/Next.php(52): Flarum\Http\Middleware\ShareErrorsFromSession->process(Object(Zend\Diactoros\ServerRequest), Object(Zend\Stratigility\Next))
#28 /var/www/flarum/vendor/flarum/core/src/Http/Middleware/SetLocale.php(51): Zend\Stratigility\Next->handle(Object(Zend\Diactoros\ServerRequest))
#29 /var/www/flarum/vendor/zendframework/zend-stratigility/src/Next.php(52): Flarum\Http\Middleware\SetLocale->process(Object(Zend\Diactoros\ServerRequest), Object(Zend\Stratigility\Next))
#30 /var/www/flarum/vendor/flarum/core/src/Http/Middleware/AuthenticateWithSession.php(34): Zend\Stratigility\Next->handle(Object(Zend\Diactoros\ServerRequest))
#31 /var/www/flarum/vendor/zendframework/zend-stratigility/src/Next.php(52): Flarum\Http\Middleware\AuthenticateWithSession->process(Object(Zend\Diactoros\ServerRequest), Object(Zend\Stratigility\Next))
#32 /var/www/flarum/vendor/flarum/core/src/Http/Middleware/RememberFromCookie.php(52): Zend\Stratigility\Next->handle(Object(Zend\Diactoros\ServerRequest))
#33 /var/www/flarum/vendor/zendframework/zend-stratigility/src/Next.php(52): Flarum\Http\Middleware\RememberFromCookie->process(Object(Zend\Diactoros\ServerRequest), Object(Zend\Stratigility\Next))
#34 /var/www/flarum/vendor/flarum/core/src/Http/Middleware/StartSession.php(62): Zend\Stratigility\Next->handle(Object(Zend\Diactoros\ServerRequest))
#35 /var/www/flarum/vendor/zendframework/zend-stratigility/src/Next.php(52): Flarum\Http\Middleware\StartSession->process(Object(Zend\Diactoros\ServerRequest), Object(Zend\Stratigility\Next))
#36 /var/www/flarum/vendor/flarum/core/src/Http/Middleware/CollectGarbage.php(48): Zend\Stratigility\Next->handle(Object(Zend\Diactoros\ServerRequest))
#37 /var/www/flarum/vendor/zendframework/zend-stratigility/src/Next.php(52): Flarum\Http\Middleware\CollectGarbage->process(Object(Zend\Diactoros\ServerRequest), Object(Zend\Stratigility\Next))
#38 /var/www/flarum/vendor/flarum/core/src/Http/Middleware/ParseJsonBody.php(29): Zend\Stratigility\Next->handle(Object(Zend\Diactoros\ServerRequest))
#39 /var/www/flarum/vendor/zendframework/zend-stratigility/src/Next.php(52): Flarum\Http\Middleware\ParseJsonBody->process(Object(Zend\Diactoros\ServerRequest), Object(Zend\Stratigility\Next))
#40 /var/www/flarum/vendor/flarum/core/src/Http/Middleware/HandleErrorsWithWhoops.php(43): Zend\Stratigility\Next->handle(Object(Zend\Diactoros\ServerRequest))
#41 /var/www/flarum/vendor/zendframework/zend-stratigility/src/Next.php(52): Flarum\Http\Middleware\HandleErrorsWithWhoops->process(Object(Zend\Diactoros\ServerRequest), Object(Zend\Stratigility\Next))
#42 /var/www/flarum/vendor/zendframework/zend-stratigility/src/MiddlewarePipe.php(83): Zend\Stratigility\Next->handle(Object(Zend\Diactoros\ServerRequest))
#43 /var/www/flarum/vendor/middlewares/request-handler/src/RequestHandler.php(84): Zend\Stratigility\MiddlewarePipe->process(Object(Zend\Diactoros\ServerRequest), Object(Zend\Stratigility\Next))
#44 /var/www/flarum/vendor/zendframework/zend-stratigility/src/Next.php(52): Middlewares\RequestHandler->process(Object(Zend\Diactoros\ServerRequest), Object(Zend\Stratigility\Next))
#45 /var/www/flarum/vendor/middlewares/base-path-router/src/BasePathRouter.php(97): Zend\Stratigility\Next->handle(Object(Zend\Diactoros\ServerRequest))
#46 /var/www/flarum/vendor/zendframework/zend-stratigility/src/Next.php(52): Middlewares\BasePathRouter->process(Object(Zend\Diactoros\ServerRequest), Object(Zend\Stratigility\Next))
#47 /var/www/flarum/vendor/middlewares/base-path/src/BasePath.php(53): Zend\Stratigility\Next->handle(Object(Zend\Diactoros\ServerRequest))
#48 /var/www/flarum/vendor/zendframework/zend-stratigility/src/Next.php(52): Middlewares\BasePath->process(Object(Zend\Diactoros\ServerRequest), Object(Zend\Stratigility\Next))
#49 /var/www/flarum/vendor/zendframework/zend-stratigility/src/MiddlewarePipe.php(83): Zend\Stratigility\Next->handle(Object(Zend\Diactoros\ServerRequest))
#50 /var/www/flarum/vendor/zendframework/zend-stratigility/src/MiddlewarePipe.php(72): Zend\Stratigility\MiddlewarePipe->process(Object(Zend\Diactoros\ServerRequest), Object(Zend\Stratigility\EmptyPipelineHandler))
#51 /var/www/flarum/vendor/zendframework/zend-httphandlerrunner/src/RequestHandlerRunner.php(95): Zend\Stratigility\MiddlewarePipe->handle(Object(Zend\Diactoros\ServerRequest))
#52 /var/www/flarum/vendor/flarum/core/src/Http/Server.php(46): Zend\HttpHandlerRunner\RequestHandlerRunner->run()
#53 /var/www/flarum/public/index.php(23): Flarum\Http\Server->listen()
#54 {main}  
[2019-05-23 11:12:32] production.ERROR: TypeError: Argument 1 passed to Flarum\Formatter\Event\Rendering::__construct() must be an instance of s9e\TextFormatter\Renderer, instance of __PHP_Incomplete_Class given, called in /var/www/flarum/vendor/flarum/core/src/Formatter/Formatter.php on line 78 and defined in /var/www/flarum/vendor/flarum/core/src/Formatter/Event/Rendering.php:38
Stack trace:
#0 /var/www/flarum/vendor/flarum/core/src/Formatter/Formatter.php(78): Flarum\Formatter\Event\Rendering->__construct(Object(__PHP_Incomplete_Class), Object(Flarum\Post\CommentPost), '<r><H2><s>## </...')
#1 /var/www/flarum/vendor/flarum/core/src/Post/CommentPost.php(173): Flarum\Formatter\Formatter->render('<r><H2><s>## </...', Object(Flarum\Post\CommentPost))
#2 /var/www/flarum/vendor/illuminate/database/Eloquent/Concerns/HasAttributes.php(438): Flarum\Post\CommentPost->getContentHtmlAttribute(NULL)
#3 /var/www/flarum/vendor/illuminate/database/Eloquent/Concerns/HasAttributes.php(340): Illuminate\Database\Eloquent\Model->mutateAttribute('content_html', NULL)
#4 /var/www/flarum/vendor/illuminate/database/Eloquent/Concerns/HasAttributes.php(313): Illuminate\Database\Eloquent\Model->getAttributeValue('content_html')
#5 /var/www/flarum/vendor/flarum/core/src/Database/AbstractModel.php(118): Illuminate\Database\Eloquent\Model->getAttribute('content_html')
#6 /var/www/flarum/vendor/illuminate/database/Eloquent/Model.php(1382): Flarum\Database\AbstractModel->getAttribute('content_html')
#7 /var/www/flarum/vendor/flarum/core/src/Api/Serializer/BasicPostSerializer.php(47): Illuminate\Database\Eloquent\Model->__get('content_html')
#8 /var/www/flarum/vendor/flarum/core/src/Api/Serializer/AbstractSerializer.php(71): Flarum\Api\Serializer\BasicPostSerializer->getDefaultAttributes(Object(Flarum\Post\CommentPost))
#9 /var/www/flarum/vendor/tobscure/json-api/src/Resource.php(169): Flarum\Api\Serializer\AbstractSerializer->getAttributes(Object(Flarum\Post\CommentPost), NULL)
#10 /var/www/flarum/vendor/tobscure/json-api/src/Resource.php(75): Tobscure\JsonApi\Resource->getAttributes()
#11 /var/www/flarum/vendor/tobscure/json-api/src/Document.php(187): Tobscure\JsonApi\Resource->toArray()
#12 [internal function]: Tobscure\JsonApi\Document->Tobscure\JsonApi\{closure}(Object(Tobscure\JsonApi\Resource))
#13 /var/www/flarum/vendor/tobscure/json-api/src/Document.php(186): array_map(Object(Closure), Array)
#14 /var/www/flarum/vendor/tobscure/json-api/src/Document.php(224): Tobscure\JsonApi\Document->toArray()
#15 /var/www/flarum/vendor/flarum/core/src/Api/JsonApiResponse.php(29): Tobscure\JsonApi\Document->jsonSerialize()
#16 /var/www/flarum/vendor/flarum/core/src/Api/Controller/AbstractSerializeController.php(113): Flarum\Api\JsonApiResponse->__construct(Object(Tobscure\JsonApi\Document))
#17 /var/www/flarum/vendor/flarum/core/src/Api/Client.php(71): Flarum\Api\Controller\AbstractSerializeController->handle(Object(Zend\Diactoros\ServerRequest))
#18 /var/www/flarum/vendor/flarum/core/src/Forum/Content/Index.php(91): Flarum\Api\Client->send(Object(Flarum\Api\Controller\ListDiscussionsController), Object(Flarum\User\User), Array)
#19 /var/www/flarum/vendor/flarum/core/src/Forum/Content/Index.php(59): Flarum\Forum\Content\Index->getApiDocument(Object(Flarum\User\User), Array)
#20 /var/www/flarum/vendor/flarum/core/src/Frontend/Frontend.php(65): Flarum\Forum\Content\Index->__invoke(Object(Flarum\Frontend\Document), Object(Zend\Diactoros\ServerRequest))
#21 /var/www/flarum/vendor/flarum/core/src/Frontend/Frontend.php(57): Flarum\Frontend\Frontend->populate(Object(Flarum\Frontend\Document), Object(Zend\Diactoros\ServerRequest))
#22 /var/www/flarum/vendor/flarum/core/src/Frontend/Controller.php(34): Flarum\Frontend\Frontend->document(Object(Zend\Diactoros\ServerRequest))
#23 /var/www/flarum/vendor/flarum/core/src/Http/RouteHandlerFactory.php(40): Flarum\Frontend\Controller->handle(Object(Zend\Diactoros\ServerRequest))
#24 /var/www/flarum/vendor/flarum/core/src/Http/Middleware/DispatchRoute.php(67): Flarum\Http\RouteHandlerFactory->Flarum\Http\{closure}(Object(Zend\Diactoros\ServerRequest), Array)
#25 /var/www/flarum/vendor/zendframework/zend-stratigility/src/Next.php(52): Flarum\Http\Middleware\DispatchRoute->process(Object(Zend\Diactoros\ServerRequest), Object(Closure))
#26 /var/www/flarum/vendor/flarum/core/src/Http/Middleware/ShareErrorsFromSession.php(58): Zend\Stratigility\Next->handle(Object(Zend\Diactoros\ServerRequest))
#27 /var/www/flarum/vendor/zendframework/zend-stratigility/src/Next.php(52): Flarum\Http\Middleware\ShareErrorsFromSession->process(Object(Zend\Diactoros\ServerRequest), Object(Zend\Stratigility\Next))
#28 /var/www/flarum/vendor/flarum/core/src/Http/Middleware/SetLocale.php(51): Zend\Stratigility\Next->handle(Object(Zend\Diactoros\ServerRequest))
#29 /var/www/flarum/vendor/zendframework/zend-stratigility/src/Next.php(52): Flarum\Http\Middleware\SetLocale->process(Object(Zend\Diactoros\ServerRequest), Object(Zend\Stratigility\Next))
#30 /var/www/flarum/vendor/flarum/core/src/Http/Middleware/AuthenticateWithSession.php(34): Zend\Stratigility\Next->handle(Object(Zend\Diactoros\ServerRequest))
#31 /var/www/flarum/vendor/zendframework/zend-stratigility/src/Next.php(52): Flarum\Http\Middleware\AuthenticateWithSession->process(Object(Zend\Diactoros\ServerRequest), Object(Zend\Stratigility\Next))
#32 /var/www/flarum/vendor/flarum/core/src/Http/Middleware/RememberFromCookie.php(52): Zend\Stratigility\Next->handle(Object(Zend\Diactoros\ServerRequest))
#33 /var/www/flarum/vendor/zendframework/zend-stratigility/src/Next.php(52): Flarum\Http\Middleware\RememberFromCookie->process(Object(Zend\Diactoros\ServerRequest), Object(Zend\Stratigility\Next))
#34 /var/www/flarum/vendor/flarum/core/src/Http/Middleware/StartSession.php(62): Zend\Stratigility\Next->handle(Object(Zend\Diactoros\ServerRequest))
#35 /var/www/flarum/vendor/zendframework/zend-stratigility/src/Next.php(52): Flarum\Http\Middleware\StartSession->process(Object(Zend\Diactoros\ServerRequest), Object(Zend\Stratigility\Next))
#36 /var/www/flarum/vendor/flarum/core/src/Http/Middleware/CollectGarbage.php(48): Zend\Stratigility\Next->handle(Object(Zend\Diactoros\ServerRequest))
#37 /var/www/flarum/vendor/zendframework/zend-stratigility/src/Next.php(52): Flarum\Http\Middleware\CollectGarbage->process(Object(Zend\Diactoros\ServerRequest), Object(Zend\Stratigility\Next))
#38 /var/www/flarum/vendor/flarum/core/src/Http/Middleware/ParseJsonBody.php(29): Zend\Stratigility\Next->handle(Object(Zend\Diactoros\ServerRequest))
#39 /var/www/flarum/vendor/zendframework/zend-stratigility/src/Next.php(52): Flarum\Http\Middleware\ParseJsonBody->process(Object(Zend\Diactoros\ServerRequest), Object(Zend\Stratigility\Next))
#40 /var/www/flarum/vendor/flarum/core/src/Http/Middleware/HandleErrorsWithWhoops.php(43): Zend\Stratigility\Next->handle(Object(Zend\Diactoros\ServerRequest))
#41 /var/www/flarum/vendor/zendframework/zend-stratigility/src/Next.php(52): Flarum\Http\Middleware\HandleErrorsWithWhoops->process(Object(Zend\Diactoros\ServerRequest), Object(Zend\Stratigility\Next))
#42 /var/www/flarum/vendor/zendframework/zend-stratigility/src/MiddlewarePipe.php(83): Zend\Stratigility\Next->handle(Object(Zend\Diactoros\ServerRequest))
#43 /var/www/flarum/vendor/middlewares/request-handler/src/RequestHandler.php(84): Zend\Stratigility\MiddlewarePipe->process(Object(Zend\Diactoros\ServerRequest), Object(Zend\Stratigility\Next))
#44 /var/www/flarum/vendor/zendframework/zend-stratigility/src/Next.php(52): Middlewares\RequestHandler->process(Object(Zend\Diactoros\ServerRequest), Object(Zend\Stratigility\Next))
#45 /var/www/flarum/vendor/middlewares/base-path-router/src/BasePathRouter.php(97): Zend\Stratigility\Next->handle(Object(Zend\Diactoros\ServerRequest))
#46 /var/www/flarum/vendor/zendframework/zend-stratigility/src/Next.php(52): Middlewares\BasePathRouter->process(Object(Zend\Diactoros\ServerRequest), Object(Zend\Stratigility\Next))
#47 /var/www/flarum/vendor/middlewares/base-path/src/BasePath.php(53): Zend\Stratigility\Next->handle(Object(Zend\Diactoros\ServerRequest))
#48 /var/www/flarum/vendor/zendframework/zend-stratigility/src/Next.php(52): Middlewares\BasePath->process(Object(Zend\Diactoros\ServerRequest), Object(Zend\Stratigility\Next))
#49 /var/www/flarum/vendor/zendframework/zend-stratigility/src/MiddlewarePipe.php(83): Zend\Stratigility\Next->handle(Object(Zend\Diactoros\ServerRequest))
#50 /var/www/flarum/vendor/zendframework/zend-stratigility/src/MiddlewarePipe.php(72): Zend\Stratigility\MiddlewarePipe->process(Object(Zend\Diactoros\ServerRequest), Object(Zend\Stratigility\EmptyPipelineHandler))
#51 /var/www/flarum/vendor/zendframework/zend-httphandlerrunner/src/RequestHandlerRunner.php(95): Zend\Stratigility\MiddlewarePipe->handle(Object(Zend\Diactoros\ServerRequest))
#52 /var/www/flarum/vendor/flarum/core/src/Http/Server.php(46): Zend\HttpHandlerRunner\RequestHandlerRunner->run()
#53 /var/www/flarum/public/index.php(23): Flarum\Http\Server->listen()
#54 {main}  
[2019-05-23 11:30:41] production.ERROR: Flarum\User\Exception\PermissionDeniedException in /var/www/flarum/vendor/flarum/core/src/User/AssertPermissionTrait.php:25
Stack trace:
#0 /var/www/flarum/vendor/flarum/core/src/User/AssertPermissionTrait.php(55): Flarum\Forum\Content\AssertRegistered->assertPermission(false)
#1 /var/www/flarum/vendor/flarum/core/src/Forum/Content/AssertRegistered.php(24): Flarum\Forum\Content\AssertRegistered->assertRegistered(Object(Flarum\User\Guest))
#2 /var/www/flarum/vendor/flarum/core/src/Frontend/Frontend.php(65): Flarum\Forum\Content\AssertRegistered->__invoke(Object(Flarum\Frontend\Document), Object(Zend\Diactoros\ServerRequest))
#3 /var/www/flarum/vendor/flarum/core/src/Frontend/Frontend.php(57): Flarum\Frontend\Frontend->populate(Object(Flarum\Frontend\Document), Object(Zend\Diactoros\ServerRequest))
#4 /var/www/flarum/vendor/flarum/core/src/Frontend/Controller.php(34): Flarum\Frontend\Frontend->document(Object(Zend\Diactoros\ServerRequest))
#5 /var/www/flarum/vendor/flarum/core/src/Http/RouteHandlerFactory.php(40): Flarum\Frontend\Controller->handle(Object(Zend\Diactoros\ServerRequest))
#6 /var/www/flarum/vendor/flarum/core/src/Http/Middleware/DispatchRoute.php(67): Flarum\Http\RouteHandlerFactory->Flarum\Http\{closure}(Object(Zend\Diactoros\ServerRequest), Array)
#7 /var/www/flarum/vendor/zendframework/zend-stratigility/src/Next.php(52): Flarum\Http\Middleware\DispatchRoute->process(Object(Zend\Diactoros\ServerRequest), Object(Closure))
#8 /var/www/flarum/vendor/flarum/core/src/Http/Middleware/ShareErrorsFromSession.php(58): Zend\Stratigility\Next->handle(Object(Zend\Diactoros\ServerRequest))
#9 /var/www/flarum/vendor/zendframework/zend-stratigility/src/Next.php(52): Flarum\Http\Middleware\ShareErrorsFromSession->process(Object(Zend\Diactoros\ServerRequest), Object(Zend\Stratigility\Next))
#10 /var/www/flarum/vendor/flarum/core/src/Http/Middleware/SetLocale.php(51): Zend\Stratigility\Next->handle(Object(Zend\Diactoros\ServerRequest))
#11 /var/www/flarum/vendor/zendframework/zend-stratigility/src/Next.php(52): Flarum\Http\Middleware\SetLocale->process(Object(Zend\Diactoros\ServerRequest), Object(Zend\Stratigility\Next))
#12 /var/www/flarum/vendor/flarum/core/src/Http/Middleware/AuthenticateWithSession.php(34): Zend\Stratigility\Next->handle(Object(Zend\Diactoros\ServerRequest))
#13 /var/www/flarum/vendor/zendframework/zend-stratigility/src/Next.php(52): Flarum\Http\Middleware\AuthenticateWithSession->process(Object(Zend\Diactoros\ServerRequest), Object(Zend\Stratigility\Next))
#14 /var/www/flarum/vendor/flarum/core/src/Http/Middleware/RememberFromCookie.php(52): Zend\Stratigility\Next->handle(Object(Zend\Diactoros\ServerRequest))
#15 /var/www/flarum/vendor/zendframework/zend-stratigility/src/Next.php(52): Flarum\Http\Middleware\RememberFromCookie->process(Object(Zend\Diactoros\ServerRequest), Object(Zend\Stratigility\Next))
#16 /var/www/flarum/vendor/flarum/core/src/Http/Middleware/StartSession.php(62): Zend\Stratigility\Next->handle(Object(Zend\Diactoros\ServerRequest))
#17 /var/www/flarum/vendor/zendframework/zend-stratigility/src/Next.php(52): Flarum\Http\Middleware\StartSession->process(Object(Zend\Diactoros\ServerRequest), Object(Zend\Stratigility\Next))
#18 /var/www/flarum/vendor/flarum/core/src/Http/Middleware/CollectGarbage.php(48): Zend\Stratigility\Next->handle(Object(Zend\Diactoros\ServerRequest))
#19 /var/www/flarum/vendor/zendframework/zend-stratigility/src/Next.php(52): Flarum\Http\Middleware\CollectGarbage->process(Object(Zend\Diactoros\ServerRequest), Object(Zend\Stratigility\Next))
#20 /var/www/flarum/vendor/flarum/core/src/Http/Middleware/ParseJsonBody.php(29): Zend\Stratigility\Next->handle(Object(Zend\Diactoros\ServerRequest))
#21 /var/www/flarum/vendor/zendframework/zend-stratigility/src/Next.php(52): Flarum\Http\Middleware\ParseJsonBody->process(Object(Zend\Diactoros\ServerRequest), Object(Zend\Stratigility\Next))
#22 /var/www/flarum/vendor/flarum/core/src/Http/Middleware/HandleErrorsWithWhoops.php(43): Zend\Stratigility\Next->handle(Object(Zend\Diactoros\ServerRequest))
#23 /var/www/flarum/vendor/zendframework/zend-stratigility/src/Next.php(52): Flarum\Http\Middleware\HandleErrorsWithWhoops->process(Object(Zend\Diactoros\ServerRequest), Object(Zend\Stratigility\Next))
#24 /var/www/flarum/vendor/zendframework/zend-stratigility/src/MiddlewarePipe.php(83): Zend\Stratigility\Next->handle(Object(Zend\Diactoros\ServerRequest))
#25 /var/www/flarum/vendor/middlewares/request-handler/src/RequestHandler.php(84): Zend\Stratigility\MiddlewarePipe->process(Object(Zend\Diactoros\ServerRequest), Object(Zend\Stratigility\Next))
#26 /var/www/flarum/vendor/zendframework/zend-stratigility/src/Next.php(52): Middlewares\RequestHandler->process(Object(Zend\Diactoros\ServerRequest), Object(Zend\Stratigility\Next))
#27 /var/www/flarum/vendor/middlewares/base-path-router/src/BasePathRouter.php(97): Zend\Stratigility\Next->handle(Object(Zend\Diactoros\ServerRequest))
#28 /var/www/flarum/vendor/zendframework/zend-stratigility/src/Next.php(52): Middlewares\BasePathRouter->process(Object(Zend\Diactoros\ServerRequest), Object(Zend\Stratigility\Next))
#29 /var/www/flarum/vendor/middlewares/base-path/src/BasePath.php(53): Zend\Stratigility\Next->handle(Object(Zend\Diactoros\ServerRequest))
#30 /var/www/flarum/vendor/zendframework/zend-stratigility/src/Next.php(52): Middlewares\BasePath->process(Object(Zend\Diactoros\ServerRequest), Object(Zend\Stratigility\Next))
#31 /var/www/flarum/vendor/zendframework/zend-stratigility/src/MiddlewarePipe.php(83): Zend\Stratigility\Next->handle(Object(Zend\Diactoros\ServerRequest))
#32 /var/www/flarum/vendor/zendframework/zend-stratigility/src/MiddlewarePipe.php(72): Zend\Stratigility\MiddlewarePipe->process(Object(Zend\Diactoros\ServerRequest), Object(Zend\Stratigility\EmptyPipelineHandler))
#33 /var/www/flarum/vendor/zendframework/zend-httphandlerrunner/src/RequestHandlerRunner.php(95): Zend\Stratigility\MiddlewarePipe->handle(Object(Zend\Diactoros\ServerRequest))
#34 /var/www/flarum/vendor/flarum/core/src/Http/Server.php(46): Zend\HttpHandlerRunner\RequestHandlerRunner->run()
#35 /var/www/flarum/public/index.php(23): Flarum\Http\Server->listen()
#36 {main}  
