[2020-05-05 16:43:49] production.ERROR: Flarum\Http\Exception\MethodNotAllowedException: GET in /var/www/flarum/vendor/flarum/core/src/Http/Middleware/DispatchRoute.php:62
Stack trace:
#0 /var/www/flarum/vendor/zendframework/zend-stratigility/src/Next.php(60): Flarum\Http\Middleware\DispatchRoute->process(Object(Zend\Diactoros\ServerRequest), Object(Zend\Stratigility\Next))
#1 /var/www/flarum/vendor/flarum/core/src/Http/Middleware/ShareErrorsFromSession.php(58): Zend\Stratigility\Next->handle(Object(Zend\Diactoros\ServerRequest))
#2 /var/www/flarum/vendor/zendframework/zend-stratigility/src/Next.php(60): Flarum\Http\Middleware\ShareErrorsFromSession->process(Object(Zend\Diactoros\ServerRequest), Object(Zend\Stratigility\Next))
#3 /var/www/flarum/vendor/flarum/core/src/Http/Middleware/SetLocale.php(51): Zend\Stratigility\Next->handle(Object(Zend\Diactoros\ServerRequest))
#4 /var/www/flarum/vendor/zendframework/zend-stratigility/src/Next.php(60): Flarum\Http\Middleware\SetLocale->process(Object(Zend\Diactoros\ServerRequest), Object(Zend\Stratigility\Next))
#5 /var/www/flarum/vendor/flarum/core/src/Http/Middleware/CheckCsrfToken.php(25): Zend\Stratigility\Next->handle(Object(Zend\Diactoros\ServerRequest))
#6 /var/www/flarum/vendor/zendframework/zend-stratigility/src/Next.php(60): Flarum\Http\Middleware\CheckCsrfToken->process(Object(Zend\Diactoros\ServerRequest), Object(Zend\Stratigility\Next))
#7 /var/www/flarum/vendor/flarum/core/src/Http/Middleware/AuthenticateWithSession.php(34): Zend\Stratigility\Next->handle(Object(Zend\Diactoros\ServerRequest))
#8 /var/www/flarum/vendor/zendframework/zend-stratigility/src/Next.php(60): Flarum\Http\Middleware\AuthenticateWithSession->process(Object(Zend\Diactoros\ServerRequest), Object(Zend\Stratigility\Next))
#9 /var/www/flarum/vendor/flarum/core/src/Http/Middleware/RememberFromCookie.php(52): Zend\Stratigility\Next->handle(Object(Zend\Diactoros\ServerRequest))
#10 /var/www/flarum/vendor/zendframework/zend-stratigility/src/Next.php(60): Flarum\Http\Middleware\RememberFromCookie->process(Object(Zend\Diactoros\ServerRequest), Object(Zend\Stratigility\Next))
#11 /var/www/flarum/vendor/flarum/core/src/Http/Middleware/StartSession.php(62): Zend\Stratigility\Next->handle(Object(Zend\Diactoros\ServerRequest))
#12 /var/www/flarum/vendor/zendframework/zend-stratigility/src/Next.php(60): Flarum\Http\Middleware\StartSession->process(Object(Zend\Diactoros\ServerRequest), Object(Zend\Stratigility\Next))
#13 /var/www/flarum/vendor/flarum/core/src/Http/Middleware/CollectGarbage.php(48): Zend\Stratigility\Next->handle(Object(Zend\Diactoros\ServerRequest))
#14 /var/www/flarum/vendor/zendframework/zend-stratigility/src/Next.php(60): Flarum\Http\Middleware\CollectGarbage->process(Object(Zend\Diactoros\ServerRequest), Object(Zend\Stratigility\Next))
#15 /var/www/flarum/vendor/flarum/core/src/Http/Middleware/ParseJsonBody.php(29): Zend\Stratigility\Next->handle(Object(Zend\Diactoros\ServerRequest))
#16 /var/www/flarum/vendor/zendframework/zend-stratigility/src/Next.php(60): Flarum\Http\Middleware\ParseJsonBody->process(Object(Zend\Diactoros\ServerRequest), Object(Zend\Stratigility\Next))
#17 /var/www/flarum/vendor/flarum/core/src/Http/Middleware/HandleErrorsWithView.php(67): Zend\Stratigility\Next->handle(Object(Zend\Diactoros\ServerRequest))
#18 /var/www/flarum/vendor/zendframework/zend-stratigility/src/Next.php(60): Flarum\Http\Middleware\HandleErrorsWithView->process(Object(Zend\Diactoros\ServerRequest), Object(Zend\Stratigility\Next))
#19 /var/www/flarum/vendor/zendframework/zend-stratigility/src/MiddlewarePipe.php(83): Zend\Stratigility\Next->handle(Object(Zend\Diactoros\ServerRequest))
#20 /var/www/flarum/vendor/middlewares/request-handler/src/RequestHandler.php(84): Zend\Stratigility\MiddlewarePipe->process(Object(Zend\Diactoros\ServerRequest), Object(Zend\Stratigility\Next))
#21 /var/www/flarum/vendor/zendframework/zend-stratigility/src/Next.php(60): Middlewares\RequestHandler->process(Object(Zend\Diactoros\ServerRequest), Object(Zend\Stratigility\Next))
#22 /var/www/flarum/vendor/middlewares/base-path-router/src/BasePathRouter.php(97): Zend\Stratigility\Next->handle(Object(Zend\Diactoros\ServerRequest))
#23 /var/www/flarum/vendor/zendframework/zend-stratigility/src/Next.php(60): Middlewares\BasePathRouter->process(Object(Zend\Diactoros\ServerRequest), Object(Zend\Stratigility\Next))
#24 /var/www/flarum/vendor/zendframework/zend-stratigility/src/Middleware/OriginalMessages.php(41): Zend\Stratigility\Next->handle(Object(Zend\Diactoros\ServerRequest))
#25 /var/www/flarum/vendor/zendframework/zend-stratigility/src/Next.php(60): Zend\Stratigility\Middleware\OriginalMessages->process(Object(Zend\Diactoros\ServerRequest), Object(Zend\Stratigility\Next))
#26 /var/www/flarum/vendor/middlewares/base-path/src/BasePath.php(53): Zend\Stratigility\Next->handle(Object(Zend\Diactoros\ServerRequest))
#27 /var/www/flarum/vendor/zendframework/zend-stratigility/src/Next.php(60): Middlewares\BasePath->process(Object(Zend\Diactoros\ServerRequest), Object(Zend\Stratigility\Next))
#28 /var/www/flarum/vendor/zendframework/zend-stratigility/src/MiddlewarePipe.php(83): Zend\Stratigility\Next->handle(Object(Zend\Diactoros\ServerRequest))
#29 /var/www/flarum/vendor/zendframework/zend-stratigility/src/MiddlewarePipe.php(72): Zend\Stratigility\MiddlewarePipe->process(Object(Zend\Diactoros\ServerRequest), Object(Zend\Stratigility\EmptyPipelineHandler))
#30 /var/www/flarum/vendor/zendframework/zend-httphandlerrunner/src/RequestHandlerRunner.php(95): Zend\Stratigility\MiddlewarePipe->handle(Object(Zend\Diactoros\ServerRequest))
#31 /var/www/flarum/vendor/flarum/core/src/Http/Server.php(46): Zend\HttpHandlerRunner\RequestHandlerRunner->run()
#32 /var/www/flarum/public/index.php(23): Flarum\Http\Server->listen()
#33 {main}  
